ERROR - 2025-10-16 06:18:34 --> mysqli_sql_exception: Unknown column 'name' in 'order clause' in C:\laragon\www\ci4-books\vendor\codeigniter4\framework\system\Database\MySQLi\Connection.php:306
Stack trace:
#0 C:\laragon\www\ci4-books\vendor\codeigniter4\framework\system\Database\MySQLi\Connection.php(306): mysqli->query('SELECT *\nFROM `...', 0)
#1 C:\laragon\www\ci4-books\vendor\codeigniter4\framework\system\Database\BaseConnection.php(693): CodeIgniter\Database\MySQLi\Connection->execute('SELECT *\nFROM `...')
#2 C:\laragon\www\ci4-books\vendor\codeigniter4\framework\system\Database\BaseConnection.php(607): CodeIgniter\Database\BaseConnection->simpleQuery('SELECT *\nFROM `...')
#3 C:\laragon\www\ci4-books\vendor\codeigniter4\framework\system\Database\BaseBuilder.php(1616): CodeIgniter\Database\BaseConnection->query('SELECT *\nFROM `...', Array, false)
#4 C:\laragon\www\ci4-books\vendor\codeigniter4\framework\system\Model.php(243): CodeIgniter\Database\BaseBuilder->get()
#5 C:\laragon\www\ci4-books\vendor\codeigniter4\framework\system\BaseModel.php(641): CodeIgniter\Model->doFindAll(0, 0)
#6 C:\laragon\www\ci4-books\app\Controllers\BookController.php(32): CodeIgniter\BaseModel->findAll()
#7 C:\laragon\www\ci4-books\vendor\codeigniter4\framework\system\CodeIgniter.php(943): App\Controllers\BookController->index()
#8 C:\laragon\www\ci4-books\vendor\codeigniter4\framework\system\CodeIgniter.php(503): CodeIgniter\CodeIgniter->runController(Object(App\Controllers\BookController))
#9 C:\laragon\www\ci4-books\vendor\codeigniter4\framework\system\CodeIgniter.php(361): CodeIgniter\CodeIgniter->handleRequest(NULL, Object(Config\Cache), false)
#10 C:\laragon\www\ci4-books\public\index.php(79): CodeIgniter\CodeIgniter->run()
#11 {main}
CRITICAL - 2025-10-16 06:18:34 --> CodeIgniter\Database\Exceptions\DatabaseException: Unknown column 'name' in 'order clause'
in SYSTEMPATH\Database\BaseConnection.php on line 647.
 1 SYSTEMPATH\Database\BaseBuilder.php(1616): CodeIgniter\Database\BaseConnection->query('SELECT *
FROM `Autor`
ORDER BY `name`', [], false)
 2 SYSTEMPATH\Model.php(243): CodeIgniter\Database\BaseBuilder->get()
 3 SYSTEMPATH\BaseModel.php(641): CodeIgniter\Model->doFindAll(0, 0)
 4 APPPATH\Controllers\BookController.php(32): CodeIgniter\BaseModel->findAll()
 5 SYSTEMPATH\CodeIgniter.php(943): App\Controllers\BookController->index()
 6 SYSTEMPATH\CodeIgniter.php(503): CodeIgniter\CodeIgniter->runController(Object(App\Controllers\BookController))
 7 SYSTEMPATH\CodeIgniter.php(361): CodeIgniter\CodeIgniter->handleRequest(null, Object(Config\Cache), false)
 8 FCPATH\index.php(79): CodeIgniter\CodeIgniter->run()
CRITICAL - 2025-10-16 06:18:34 --> [Caused by] CodeIgniter\Database\Exceptions\DatabaseException: Unknown column 'name' in 'order clause'
in SYSTEMPATH\Database\MySQLi\Connection.php on line 311.
 1 SYSTEMPATH\Database\BaseConnection.php(693): CodeIgniter\Database\MySQLi\Connection->execute('SELECT *
FROM `Autor`
ORDER BY `name`')
 2 SYSTEMPATH\Database\BaseConnection.php(607): CodeIgniter\Database\BaseConnection->simpleQuery('SELECT *
FROM `Autor`
ORDER BY `name`')
 3 SYSTEMPATH\Database\BaseBuilder.php(1616): CodeIgniter\Database\BaseConnection->query('SELECT *
FROM `Autor`
ORDER BY `name`', [], false)
 4 SYSTEMPATH\Model.php(243): CodeIgniter\Database\BaseBuilder->get()
 5 SYSTEMPATH\BaseModel.php(641): CodeIgniter\Model->doFindAll(0, 0)
 6 APPPATH\Controllers\BookController.php(32): CodeIgniter\BaseModel->findAll()
 7 SYSTEMPATH\CodeIgniter.php(943): App\Controllers\BookController->index()
 8 SYSTEMPATH\CodeIgniter.php(503): CodeIgniter\CodeIgniter->runController(Object(App\Controllers\BookController))
 9 SYSTEMPATH\CodeIgniter.php(361): CodeIgniter\CodeIgniter->handleRequest(null, Object(Config\Cache), false)
10 FCPATH\index.php(79): CodeIgniter\CodeIgniter->run()
CRITICAL - 2025-10-16 06:18:34 --> [Caused by] mysqli_sql_exception: Unknown column 'name' in 'order clause'
in SYSTEMPATH\Database\MySQLi\Connection.php on line 306.
 1 SYSTEMPATH\Database\MySQLi\Connection.php(306): mysqli->query('SELECT *
FROM `Autor`
ORDER BY `name`', 0)
 2 SYSTEMPATH\Database\BaseConnection.php(693): CodeIgniter\Database\MySQLi\Connection->execute('SELECT *
FROM `Autor`
ORDER BY `name`')
 3 SYSTEMPATH\Database\BaseConnection.php(607): CodeIgniter\Database\BaseConnection->simpleQuery('SELECT *
FROM `Autor`
ORDER BY `name`')
 4 SYSTEMPATH\Database\BaseBuilder.php(1616): CodeIgniter\Database\BaseConnection->query('SELECT *
FROM `Autor`
ORDER BY `name`', [], false)
 5 SYSTEMPATH\Model.php(243): CodeIgniter\Database\BaseBuilder->get()
 6 SYSTEMPATH\BaseModel.php(641): CodeIgniter\Model->doFindAll(0, 0)
 7 APPPATH\Controllers\BookController.php(32): CodeIgniter\BaseModel->findAll()
 8 SYSTEMPATH\CodeIgniter.php(943): App\Controllers\BookController->index()
 9 SYSTEMPATH\CodeIgniter.php(503): CodeIgniter\CodeIgniter->runController(Object(App\Controllers\BookController))
10 SYSTEMPATH\CodeIgniter.php(361): CodeIgniter\CodeIgniter->handleRequest(null, Object(Config\Cache), false)
11 FCPATH\index.php(79): CodeIgniter\CodeIgniter->run()
ERROR - 2025-10-16 06:20:38 --> mysqli_sql_exception: Unknown column 'name' in 'order clause' in C:\laragon\www\ci4-books\vendor\codeigniter4\framework\system\Database\MySQLi\Connection.php:306
Stack trace:
#0 C:\laragon\www\ci4-books\vendor\codeigniter4\framework\system\Database\MySQLi\Connection.php(306): mysqli->query('SELECT *\nFROM `...', 0)
#1 C:\laragon\www\ci4-books\vendor\codeigniter4\framework\system\Database\BaseConnection.php(693): CodeIgniter\Database\MySQLi\Connection->execute('SELECT *\nFROM `...')
#2 C:\laragon\www\ci4-books\vendor\codeigniter4\framework\system\Database\BaseConnection.php(607): CodeIgniter\Database\BaseConnection->simpleQuery('SELECT *\nFROM `...')
#3 C:\laragon\www\ci4-books\vendor\codeigniter4\framework\system\Database\BaseBuilder.php(1616): CodeIgniter\Database\BaseConnection->query('SELECT *\nFROM `...', Array, false)
#4 C:\laragon\www\ci4-books\vendor\codeigniter4\framework\system\Model.php(243): CodeIgniter\Database\BaseBuilder->get()
#5 C:\laragon\www\ci4-books\vendor\codeigniter4\framework\system\BaseModel.php(641): CodeIgniter\Model->doFindAll(0, 0)
#6 C:\laragon\www\ci4-books\app\Controllers\AuthorController.php(22): CodeIgniter\BaseModel->findAll()
#7 C:\laragon\www\ci4-books\vendor\codeigniter4\framework\system\CodeIgniter.php(943): App\Controllers\AuthorController->index()
#8 C:\laragon\www\ci4-books\vendor\codeigniter4\framework\system\CodeIgniter.php(503): CodeIgniter\CodeIgniter->runController(Object(App\Controllers\AuthorController))
#9 C:\laragon\www\ci4-books\vendor\codeigniter4\framework\system\CodeIgniter.php(361): CodeIgniter\CodeIgniter->handleRequest(NULL, Object(Config\Cache), false)
#10 C:\laragon\www\ci4-books\public\index.php(79): CodeIgniter\CodeIgniter->run()
#11 {main}
CRITICAL - 2025-10-16 06:20:38 --> CodeIgniter\Database\Exceptions\DatabaseException: Unknown column 'name' in 'order clause'
in SYSTEMPATH\Database\BaseConnection.php on line 647.
 1 SYSTEMPATH\Database\BaseBuilder.php(1616): CodeIgniter\Database\BaseConnection->query('SELECT *
FROM `Autor`
ORDER BY `name`', [], false)
 2 SYSTEMPATH\Model.php(243): CodeIgniter\Database\BaseBuilder->get()
 3 SYSTEMPATH\BaseModel.php(641): CodeIgniter\Model->doFindAll(0, 0)
 4 APPPATH\Controllers\AuthorController.php(22): CodeIgniter\BaseModel->findAll()
 5 SYSTEMPATH\CodeIgniter.php(943): App\Controllers\AuthorController->index()
 6 SYSTEMPATH\CodeIgniter.php(503): CodeIgniter\CodeIgniter->runController(Object(App\Controllers\AuthorController))
 7 SYSTEMPATH\CodeIgniter.php(361): CodeIgniter\CodeIgniter->handleRequest(null, Object(Config\Cache), false)
 8 FCPATH\index.php(79): CodeIgniter\CodeIgniter->run()
CRITICAL - 2025-10-16 06:20:38 --> [Caused by] CodeIgniter\Database\Exceptions\DatabaseException: Unknown column 'name' in 'order clause'
in SYSTEMPATH\Database\MySQLi\Connection.php on line 311.
 1 SYSTEMPATH\Database\BaseConnection.php(693): CodeIgniter\Database\MySQLi\Connection->execute('SELECT *
FROM `Autor`
ORDER BY `name`')
 2 SYSTEMPATH\Database\BaseConnection.php(607): CodeIgniter\Database\BaseConnection->simpleQuery('SELECT *
FROM `Autor`
ORDER BY `name`')
 3 SYSTEMPATH\Database\BaseBuilder.php(1616): CodeIgniter\Database\BaseConnection->query('SELECT *
FROM `Autor`
ORDER BY `name`', [], false)
 4 SYSTEMPATH\Model.php(243): CodeIgniter\Database\BaseBuilder->get()
 5 SYSTEMPATH\BaseModel.php(641): CodeIgniter\Model->doFindAll(0, 0)
 6 APPPATH\Controllers\AuthorController.php(22): CodeIgniter\BaseModel->findAll()
 7 SYSTEMPATH\CodeIgniter.php(943): App\Controllers\AuthorController->index()
 8 SYSTEMPATH\CodeIgniter.php(503): CodeIgniter\CodeIgniter->runController(Object(App\Controllers\AuthorController))
 9 SYSTEMPATH\CodeIgniter.php(361): CodeIgniter\CodeIgniter->handleRequest(null, Object(Config\Cache), false)
10 FCPATH\index.php(79): CodeIgniter\CodeIgniter->run()
CRITICAL - 2025-10-16 06:20:38 --> [Caused by] mysqli_sql_exception: Unknown column 'name' in 'order clause'
in SYSTEMPATH\Database\MySQLi\Connection.php on line 306.
 1 SYSTEMPATH\Database\MySQLi\Connection.php(306): mysqli->query('SELECT *
FROM `Autor`
ORDER BY `name`', 0)
 2 SYSTEMPATH\Database\BaseConnection.php(693): CodeIgniter\Database\MySQLi\Connection->execute('SELECT *
FROM `Autor`
ORDER BY `name`')
 3 SYSTEMPATH\Database\BaseConnection.php(607): CodeIgniter\Database\BaseConnection->simpleQuery('SELECT *
FROM `Autor`
ORDER BY `name`')
 4 SYSTEMPATH\Database\BaseBuilder.php(1616): CodeIgniter\Database\BaseConnection->query('SELECT *
FROM `Autor`
ORDER BY `name`', [], false)
 5 SYSTEMPATH\Model.php(243): CodeIgniter\Database\BaseBuilder->get()
 6 SYSTEMPATH\BaseModel.php(641): CodeIgniter\Model->doFindAll(0, 0)
 7 APPPATH\Controllers\AuthorController.php(22): CodeIgniter\BaseModel->findAll()
 8 SYSTEMPATH\CodeIgniter.php(943): App\Controllers\AuthorController->index()
 9 SYSTEMPATH\CodeIgniter.php(503): CodeIgniter\CodeIgniter->runController(Object(App\Controllers\AuthorController))
10 SYSTEMPATH\CodeIgniter.php(361): CodeIgniter\CodeIgniter->handleRequest(null, Object(Config\Cache), false)
11 FCPATH\index.php(79): CodeIgniter\CodeIgniter->run()
ERROR - 2025-10-16 10:13:51 --> Error connecting to the database: Error: Class 'SQLite3' not found in C:\laragon\www\ci4-books\vendor\codeigniter4\framework\system\Database\SQLite3\Connection.php:89
Stack trace:
#0 C:\laragon\www\ci4-books\vendor\codeigniter4\framework\system\Database\BaseConnection.php(392): CodeIgniter\Database\SQLite3\Connection->connect(false)
#1 C:\laragon\www\ci4-books\vendor\codeigniter4\framework\system\Database\SQLite3\Connection.php(59): CodeIgniter\Database\BaseConnection->initialize()
#2 C:\laragon\www\ci4-books\vendor\codeigniter4\framework\system\Test\DatabaseTestTrait.php(80): CodeIgniter\Database\SQLite3\Connection->initialize()
#3 C:\laragon\www\ci4-books\vendor\codeigniter4\framework\system\Test\DatabaseTestTrait.php(56): Tests\Unit\AuthorControllerTest->loadDependencies()
#4 C:\laragon\www\ci4-books\vendor\codeigniter4\framework\system\Test\CIUnitTestCase.php(249): Tests\Unit\AuthorControllerTest->setUpDatabase()
#5 C:\laragon\www\ci4-books\tests\unit\AuthorControllerTest.php(26): CodeIgniter\Test\CIUnitTestCase->setUp()
#6 C:\laragon\www\ci4-books\vendor\phpunit\phpunit\src\Framework\TestCase.php(1216): Tests\Unit\AuthorControllerTest->setUp()
#7 C:\laragon\www\ci4-books\vendor\phpunit\phpunit\src\Framework\TestResult.php(729): PHPUnit\Framework\TestCase->runBare()
#8 C:\laragon\www\ci4-books\vendor\phpunit\phpunit\src\Framework\TestCase.php(973): PHPUnit\Framework\TestResult->run(Object(Tests\Unit\AuthorControllerTest))
#9 C:\laragon\www\ci4-books\vendor\phpunit\phpunit\src\Framework\TestSuite.php(685): PHPUnit\Framework\TestCase->run(Object(PHPUnit\Framework\TestResult))
#10 C:\laragon\www\ci4-books\vendor\phpunit\phpunit\src\Framework\TestSuite.php(685): PHPUnit\Framework\TestSuite->run(Object(PHPUnit\Framework\TestResult))
#11 C:\laragon\www\ci4-books\vendor\phpunit\phpunit\src\TextUI\TestRunner.php(651): PHPUnit\Framework\TestSuite->run(Object(PHPUnit\Framework\TestResult))
#12 C:\laragon\www\ci4-books\vendor\phpunit\phpunit\src\TextUI\Command.php(146): PHPUnit\TextUI\TestRunner->run(Object(PHPUnit\Framework\TestSuite), Array, Array, true)
#13 C:\laragon\www\ci4-books\vendor\phpunit\phpunit\src\TextUI\Command.php(99): PHPUnit\TextUI\Command->run(Array, true)
#14 phpvfscomposer://C:\laragon\www\ci4-books\vendor\phpunit\phpunit\phpunit(106): PHPUnit\TextUI\Command::main()
#15 C:\laragon\www\ci4-books\vendor\bin\phpunit(115): include('phpvfscomposer:...')
#16 {main}
ERROR - 2025-10-16 10:13:51 --> Error connecting to the database: Error: Class 'SQLite3' not found in C:\laragon\www\ci4-books\vendor\codeigniter4\framework\system\Database\SQLite3\Connection.php:89
Stack trace:
#0 C:\laragon\www\ci4-books\vendor\codeigniter4\framework\system\Database\BaseConnection.php(392): CodeIgniter\Database\SQLite3\Connection->connect(false)
#1 C:\laragon\www\ci4-books\vendor\codeigniter4\framework\system\Database\SQLite3\Connection.php(59): CodeIgniter\Database\BaseConnection->initialize()
#2 C:\laragon\www\ci4-books\vendor\codeigniter4\framework\system\Test\DatabaseTestTrait.php(80): CodeIgniter\Database\SQLite3\Connection->initialize()
#3 C:\laragon\www\ci4-books\vendor\codeigniter4\framework\system\Test\DatabaseTestTrait.php(56): Tests\Unit\AuthorControllerTest->loadDependencies()
#4 C:\laragon\www\ci4-books\vendor\codeigniter4\framework\system\Test\CIUnitTestCase.php(249): Tests\Unit\AuthorControllerTest->setUpDatabase()
#5 C:\laragon\www\ci4-books\tests\unit\AuthorControllerTest.php(26): CodeIgniter\Test\CIUnitTestCase->setUp()
#6 C:\laragon\www\ci4-books\vendor\phpunit\phpunit\src\Framework\TestCase.php(1216): Tests\Unit\AuthorControllerTest->setUp()
#7 C:\laragon\www\ci4-books\vendor\phpunit\phpunit\src\Framework\TestResult.php(729): PHPUnit\Framework\TestCase->runBare()
#8 C:\laragon\www\ci4-books\vendor\phpunit\phpunit\src\Framework\TestCase.php(973): PHPUnit\Framework\TestResult->run(Object(Tests\Unit\AuthorControllerTest))
#9 C:\laragon\www\ci4-books\vendor\phpunit\phpunit\src\Framework\TestSuite.php(685): PHPUnit\Framework\TestCase->run(Object(PHPUnit\Framework\TestResult))
#10 C:\laragon\www\ci4-books\vendor\phpunit\phpunit\src\Framework\TestSuite.php(685): PHPUnit\Framework\TestSuite->run(Object(PHPUnit\Framework\TestResult))
#11 C:\laragon\www\ci4-books\vendor\phpunit\phpunit\src\TextUI\TestRunner.php(651): PHPUnit\Framework\TestSuite->run(Object(PHPUnit\Framework\TestResult))
#12 C:\laragon\www\ci4-books\vendor\phpunit\phpunit\src\TextUI\Command.php(146): PHPUnit\TextUI\TestRunner->run(Object(PHPUnit\Framework\TestSuite), Array, Array, true)
#13 C:\laragon\www\ci4-books\vendor\phpunit\phpunit\src\TextUI\Command.php(99): PHPUnit\TextUI\Command->run(Array, true)
#14 phpvfscomposer://C:\laragon\www\ci4-books\vendor\phpunit\phpunit\phpunit(106): PHPUnit\TextUI\Command::main()
#15 C:\laragon\www\ci4-books\vendor\bin\phpunit(115): include('phpvfscomposer:...')
#16 {main}
ERROR - 2025-10-16 10:13:51 --> Error connecting to the database: Error: Class 'SQLite3' not found in C:\laragon\www\ci4-books\vendor\codeigniter4\framework\system\Database\SQLite3\Connection.php:89
Stack trace:
#0 C:\laragon\www\ci4-books\vendor\codeigniter4\framework\system\Database\BaseConnection.php(392): CodeIgniter\Database\SQLite3\Connection->connect(false)
#1 C:\laragon\www\ci4-books\vendor\codeigniter4\framework\system\Database\SQLite3\Connection.php(59): CodeIgniter\Database\BaseConnection->initialize()
#2 C:\laragon\www\ci4-books\vendor\codeigniter4\framework\system\Test\DatabaseTestTrait.php(80): CodeIgniter\Database\SQLite3\Connection->initialize()
#3 C:\laragon\www\ci4-books\vendor\codeigniter4\framework\system\Test\DatabaseTestTrait.php(56): Tests\Unit\AuthorControllerTest->loadDependencies()
#4 C:\laragon\www\ci4-books\vendor\codeigniter4\framework\system\Test\CIUnitTestCase.php(249): Tests\Unit\AuthorControllerTest->setUpDatabase()
#5 C:\laragon\www\ci4-books\tests\unit\AuthorControllerTest.php(26): CodeIgniter\Test\CIUnitTestCase->setUp()
#6 C:\laragon\www\ci4-books\vendor\phpunit\phpunit\src\Framework\TestCase.php(1216): Tests\Unit\AuthorControllerTest->setUp()
#7 C:\laragon\www\ci4-books\vendor\phpunit\phpunit\src\Framework\TestResult.php(729): PHPUnit\Framework\TestCase->runBare()
#8 C:\laragon\www\ci4-books\vendor\phpunit\phpunit\src\Framework\TestCase.php(973): PHPUnit\Framework\TestResult->run(Object(Tests\Unit\AuthorControllerTest))
#9 C:\laragon\www\ci4-books\vendor\phpunit\phpunit\src\Framework\TestSuite.php(685): PHPUnit\Framework\TestCase->run(Object(PHPUnit\Framework\TestResult))
#10 C:\laragon\www\ci4-books\vendor\phpunit\phpunit\src\Framework\TestSuite.php(685): PHPUnit\Framework\TestSuite->run(Object(PHPUnit\Framework\TestResult))
#11 C:\laragon\www\ci4-books\vendor\phpunit\phpunit\src\TextUI\TestRunner.php(651): PHPUnit\Framework\TestSuite->run(Object(PHPUnit\Framework\TestResult))
#12 C:\laragon\www\ci4-books\vendor\phpunit\phpunit\src\TextUI\Command.php(146): PHPUnit\TextUI\TestRunner->run(Object(PHPUnit\Framework\TestSuite), Array, Array, true)
#13 C:\laragon\www\ci4-books\vendor\phpunit\phpunit\src\TextUI\Command.php(99): PHPUnit\TextUI\Command->run(Array, true)
#14 phpvfscomposer://C:\laragon\www\ci4-books\vendor\phpunit\phpunit\phpunit(106): PHPUnit\TextUI\Command::main()
#15 C:\laragon\www\ci4-books\vendor\bin\phpunit(115): include('phpvfscomposer:...')
#16 {main}
ERROR - 2025-10-16 10:13:51 --> Error connecting to the database: Error: Class 'SQLite3' not found in C:\laragon\www\ci4-books\vendor\codeigniter4\framework\system\Database\SQLite3\Connection.php:89
Stack trace:
#0 C:\laragon\www\ci4-books\vendor\codeigniter4\framework\system\Database\BaseConnection.php(392): CodeIgniter\Database\SQLite3\Connection->connect(false)
#1 C:\laragon\www\ci4-books\vendor\codeigniter4\framework\system\Database\SQLite3\Connection.php(59): CodeIgniter\Database\BaseConnection->initialize()
#2 C:\laragon\www\ci4-books\vendor\codeigniter4\framework\system\Test\DatabaseTestTrait.php(80): CodeIgniter\Database\SQLite3\Connection->initialize()
#3 C:\laragon\www\ci4-books\vendor\codeigniter4\framework\system\Test\DatabaseTestTrait.php(56): Tests\Unit\AuthorControllerTest->loadDependencies()
#4 C:\laragon\www\ci4-books\vendor\codeigniter4\framework\system\Test\CIUnitTestCase.php(249): Tests\Unit\AuthorControllerTest->setUpDatabase()
#5 C:\laragon\www\ci4-books\tests\unit\AuthorControllerTest.php(26): CodeIgniter\Test\CIUnitTestCase->setUp()
#6 C:\laragon\www\ci4-books\vendor\phpunit\phpunit\src\Framework\TestCase.php(1216): Tests\Unit\AuthorControllerTest->setUp()
#7 C:\laragon\www\ci4-books\vendor\phpunit\phpunit\src\Framework\TestResult.php(729): PHPUnit\Framework\TestCase->runBare()
#8 C:\laragon\www\ci4-books\vendor\phpunit\phpunit\src\Framework\TestCase.php(973): PHPUnit\Framework\TestResult->run(Object(Tests\Unit\AuthorControllerTest))
#9 C:\laragon\www\ci4-books\vendor\phpunit\phpunit\src\Framework\TestSuite.php(685): PHPUnit\Framework\TestCase->run(Object(PHPUnit\Framework\TestResult))
#10 C:\laragon\www\ci4-books\vendor\phpunit\phpunit\src\Framework\TestSuite.php(685): PHPUnit\Framework\TestSuite->run(Object(PHPUnit\Framework\TestResult))
#11 C:\laragon\www\ci4-books\vendor\phpunit\phpunit\src\TextUI\TestRunner.php(651): PHPUnit\Framework\TestSuite->run(Object(PHPUnit\Framework\TestResult))
#12 C:\laragon\www\ci4-books\vendor\phpunit\phpunit\src\TextUI\Command.php(146): PHPUnit\TextUI\TestRunner->run(Object(PHPUnit\Framework\TestSuite), Array, Array, true)
#13 C:\laragon\www\ci4-books\vendor\phpunit\phpunit\src\TextUI\Command.php(99): PHPUnit\TextUI\Command->run(Array, true)
#14 phpvfscomposer://C:\laragon\www\ci4-books\vendor\phpunit\phpunit\phpunit(106): PHPUnit\TextUI\Command::main()
#15 C:\laragon\www\ci4-books\vendor\bin\phpunit(115): include('phpvfscomposer:...')
#16 {main}
ERROR - 2025-10-16 10:13:51 --> Error connecting to the database: Error: Class 'SQLite3' not found in C:\laragon\www\ci4-books\vendor\codeigniter4\framework\system\Database\SQLite3\Connection.php:89
Stack trace:
#0 C:\laragon\www\ci4-books\vendor\codeigniter4\framework\system\Database\BaseConnection.php(392): CodeIgniter\Database\SQLite3\Connection->connect(false)
#1 C:\laragon\www\ci4-books\vendor\codeigniter4\framework\system\Database\SQLite3\Connection.php(59): CodeIgniter\Database\BaseConnection->initialize()
#2 C:\laragon\www\ci4-books\vendor\codeigniter4\framework\system\Test\DatabaseTestTrait.php(80): CodeIgniter\Database\SQLite3\Connection->initialize()
#3 C:\laragon\www\ci4-books\vendor\codeigniter4\framework\system\Test\DatabaseTestTrait.php(56): Tests\Unit\AuthorControllerTest->loadDependencies()
#4 C:\laragon\www\ci4-books\vendor\codeigniter4\framework\system\Test\CIUnitTestCase.php(249): Tests\Unit\AuthorControllerTest->setUpDatabase()
#5 C:\laragon\www\ci4-books\tests\unit\AuthorControllerTest.php(26): CodeIgniter\Test\CIUnitTestCase->setUp()
#6 C:\laragon\www\ci4-books\vendor\phpunit\phpunit\src\Framework\TestCase.php(1216): Tests\Unit\AuthorControllerTest->setUp()
#7 C:\laragon\www\ci4-books\vendor\phpunit\phpunit\src\Framework\TestResult.php(729): PHPUnit\Framework\TestCase->runBare()
#8 C:\laragon\www\ci4-books\vendor\phpunit\phpunit\src\Framework\TestCase.php(973): PHPUnit\Framework\TestResult->run(Object(Tests\Unit\AuthorControllerTest))
#9 C:\laragon\www\ci4-books\vendor\phpunit\phpunit\src\Framework\TestSuite.php(685): PHPUnit\Framework\TestCase->run(Object(PHPUnit\Framework\TestResult))
#10 C:\laragon\www\ci4-books\vendor\phpunit\phpunit\src\Framework\TestSuite.php(685): PHPUnit\Framework\TestSuite->run(Object(PHPUnit\Framework\TestResult))
#11 C:\laragon\www\ci4-books\vendor\phpunit\phpunit\src\TextUI\TestRunner.php(651): PHPUnit\Framework\TestSuite->run(Object(PHPUnit\Framework\TestResult))
#12 C:\laragon\www\ci4-books\vendor\phpunit\phpunit\src\TextUI\Command.php(146): PHPUnit\TextUI\TestRunner->run(Object(PHPUnit\Framework\TestSuite), Array, Array, true)
#13 C:\laragon\www\ci4-books\vendor\phpunit\phpunit\src\TextUI\Command.php(99): PHPUnit\TextUI\Command->run(Array, true)
#14 phpvfscomposer://C:\laragon\www\ci4-books\vendor\phpunit\phpunit\phpunit(106): PHPUnit\TextUI\Command::main()
#15 C:\laragon\www\ci4-books\vendor\bin\phpunit(115): include('phpvfscomposer:...')
#16 {main}
ERROR - 2025-10-16 10:13:51 --> Error connecting to the database: Error: Class 'SQLite3' not found in C:\laragon\www\ci4-books\vendor\codeigniter4\framework\system\Database\SQLite3\Connection.php:89
Stack trace:
#0 C:\laragon\www\ci4-books\vendor\codeigniter4\framework\system\Database\BaseConnection.php(392): CodeIgniter\Database\SQLite3\Connection->connect(false)
#1 C:\laragon\www\ci4-books\vendor\codeigniter4\framework\system\Database\SQLite3\Connection.php(59): CodeIgniter\Database\BaseConnection->initialize()
#2 C:\laragon\www\ci4-books\vendor\codeigniter4\framework\system\Test\DatabaseTestTrait.php(80): CodeIgniter\Database\SQLite3\Connection->initialize()
#3 C:\laragon\www\ci4-books\vendor\codeigniter4\framework\system\Test\DatabaseTestTrait.php(56): Tests\Unit\AuthorControllerTest->loadDependencies()
#4 C:\laragon\www\ci4-books\vendor\codeigniter4\framework\system\Test\CIUnitTestCase.php(249): Tests\Unit\AuthorControllerTest->setUpDatabase()
#5 C:\laragon\www\ci4-books\tests\unit\AuthorControllerTest.php(26): CodeIgniter\Test\CIUnitTestCase->setUp()
#6 C:\laragon\www\ci4-books\vendor\phpunit\phpunit\src\Framework\TestCase.php(1216): Tests\Unit\AuthorControllerTest->setUp()
#7 C:\laragon\www\ci4-books\vendor\phpunit\phpunit\src\Framework\TestResult.php(729): PHPUnit\Framework\TestCase->runBare()
#8 C:\laragon\www\ci4-books\vendor\phpunit\phpunit\src\Framework\TestCase.php(973): PHPUnit\Framework\TestResult->run(Object(Tests\Unit\AuthorControllerTest))
#9 C:\laragon\www\ci4-books\vendor\phpunit\phpunit\src\Framework\TestSuite.php(685): PHPUnit\Framework\TestCase->run(Object(PHPUnit\Framework\TestResult))
#10 C:\laragon\www\ci4-books\vendor\phpunit\phpunit\src\Framework\TestSuite.php(685): PHPUnit\Framework\TestSuite->run(Object(PHPUnit\Framework\TestResult))
#11 C:\laragon\www\ci4-books\vendor\phpunit\phpunit\src\TextUI\TestRunner.php(651): PHPUnit\Framework\TestSuite->run(Object(PHPUnit\Framework\TestResult))
#12 C:\laragon\www\ci4-books\vendor\phpunit\phpunit\src\TextUI\Command.php(146): PHPUnit\TextUI\TestRunner->run(Object(PHPUnit\Framework\TestSuite), Array, Array, true)
#13 C:\laragon\www\ci4-books\vendor\phpunit\phpunit\src\TextUI\Command.php(99): PHPUnit\TextUI\Command->run(Array, true)
#14 phpvfscomposer://C:\laragon\www\ci4-books\vendor\phpunit\phpunit\phpunit(106): PHPUnit\TextUI\Command::main()
#15 C:\laragon\www\ci4-books\vendor\bin\phpunit(115): include('phpvfscomposer:...')
#16 {main}
ERROR - 2025-10-16 10:13:51 --> Error connecting to the database: Error: Class 'SQLite3' not found in C:\laragon\www\ci4-books\vendor\codeigniter4\framework\system\Database\SQLite3\Connection.php:89
Stack trace:
#0 C:\laragon\www\ci4-books\vendor\codeigniter4\framework\system\Database\BaseConnection.php(392): CodeIgniter\Database\SQLite3\Connection->connect(false)
#1 C:\laragon\www\ci4-books\vendor\codeigniter4\framework\system\Database\SQLite3\Connection.php(59): CodeIgniter\Database\BaseConnection->initialize()
#2 C:\laragon\www\ci4-books\vendor\codeigniter4\framework\system\Test\DatabaseTestTrait.php(80): CodeIgniter\Database\SQLite3\Connection->initialize()
#3 C:\laragon\www\ci4-books\vendor\codeigniter4\framework\system\Test\DatabaseTestTrait.php(56): Tests\Unit\AuthorControllerTest->loadDependencies()
#4 C:\laragon\www\ci4-books\vendor\codeigniter4\framework\system\Test\CIUnitTestCase.php(249): Tests\Unit\AuthorControllerTest->setUpDatabase()
#5 C:\laragon\www\ci4-books\tests\unit\AuthorControllerTest.php(26): CodeIgniter\Test\CIUnitTestCase->setUp()
#6 C:\laragon\www\ci4-books\vendor\phpunit\phpunit\src\Framework\TestCase.php(1216): Tests\Unit\AuthorControllerTest->setUp()
#7 C:\laragon\www\ci4-books\vendor\phpunit\phpunit\src\Framework\TestResult.php(729): PHPUnit\Framework\TestCase->runBare()
#8 C:\laragon\www\ci4-books\vendor\phpunit\phpunit\src\Framework\TestCase.php(973): PHPUnit\Framework\TestResult->run(Object(Tests\Unit\AuthorControllerTest))
#9 C:\laragon\www\ci4-books\vendor\phpunit\phpunit\src\Framework\TestSuite.php(685): PHPUnit\Framework\TestCase->run(Object(PHPUnit\Framework\TestResult))
#10 C:\laragon\www\ci4-books\vendor\phpunit\phpunit\src\Framework\TestSuite.php(685): PHPUnit\Framework\TestSuite->run(Object(PHPUnit\Framework\TestResult))
#11 C:\laragon\www\ci4-books\vendor\phpunit\phpunit\src\TextUI\TestRunner.php(651): PHPUnit\Framework\TestSuite->run(Object(PHPUnit\Framework\TestResult))
#12 C:\laragon\www\ci4-books\vendor\phpunit\phpunit\src\TextUI\Command.php(146): PHPUnit\TextUI\TestRunner->run(Object(PHPUnit\Framework\TestSuite), Array, Array, true)
#13 C:\laragon\www\ci4-books\vendor\phpunit\phpunit\src\TextUI\Command.php(99): PHPUnit\TextUI\Command->run(Array, true)
#14 phpvfscomposer://C:\laragon\www\ci4-books\vendor\phpunit\phpunit\phpunit(106): PHPUnit\TextUI\Command::main()
#15 C:\laragon\www\ci4-books\vendor\bin\phpunit(115): include('phpvfscomposer:...')
#16 {main}
ERROR - 2025-10-16 10:13:51 --> Error connecting to the database: Error: Class 'SQLite3' not found in C:\laragon\www\ci4-books\vendor\codeigniter4\framework\system\Database\SQLite3\Connection.php:89
Stack trace:
#0 C:\laragon\www\ci4-books\vendor\codeigniter4\framework\system\Database\BaseConnection.php(392): CodeIgniter\Database\SQLite3\Connection->connect(false)
#1 C:\laragon\www\ci4-books\vendor\codeigniter4\framework\system\Database\SQLite3\Connection.php(59): CodeIgniter\Database\BaseConnection->initialize()
#2 C:\laragon\www\ci4-books\vendor\codeigniter4\framework\system\Test\DatabaseTestTrait.php(80): CodeIgniter\Database\SQLite3\Connection->initialize()
#3 C:\laragon\www\ci4-books\vendor\codeigniter4\framework\system\Test\DatabaseTestTrait.php(56): Tests\Unit\AuthorControllerTest->loadDependencies()
#4 C:\laragon\www\ci4-books\vendor\codeigniter4\framework\system\Test\CIUnitTestCase.php(249): Tests\Unit\AuthorControllerTest->setUpDatabase()
#5 C:\laragon\www\ci4-books\tests\unit\AuthorControllerTest.php(26): CodeIgniter\Test\CIUnitTestCase->setUp()
#6 C:\laragon\www\ci4-books\vendor\phpunit\phpunit\src\Framework\TestCase.php(1216): Tests\Unit\AuthorControllerTest->setUp()
#7 C:\laragon\www\ci4-books\vendor\phpunit\phpunit\src\Framework\TestResult.php(729): PHPUnit\Framework\TestCase->runBare()
#8 C:\laragon\www\ci4-books\vendor\phpunit\phpunit\src\Framework\TestCase.php(973): PHPUnit\Framework\TestResult->run(Object(Tests\Unit\AuthorControllerTest))
#9 C:\laragon\www\ci4-books\vendor\phpunit\phpunit\src\Framework\TestSuite.php(685): PHPUnit\Framework\TestCase->run(Object(PHPUnit\Framework\TestResult))
#10 C:\laragon\www\ci4-books\vendor\phpunit\phpunit\src\Framework\TestSuite.php(685): PHPUnit\Framework\TestSuite->run(Object(PHPUnit\Framework\TestResult))
#11 C:\laragon\www\ci4-books\vendor\phpunit\phpunit\src\TextUI\TestRunner.php(651): PHPUnit\Framework\TestSuite->run(Object(PHPUnit\Framework\TestResult))
#12 C:\laragon\www\ci4-books\vendor\phpunit\phpunit\src\TextUI\Command.php(146): PHPUnit\TextUI\TestRunner->run(Object(PHPUnit\Framework\TestSuite), Array, Array, true)
#13 C:\laragon\www\ci4-books\vendor\phpunit\phpunit\src\TextUI\Command.php(99): PHPUnit\TextUI\Command->run(Array, true)
#14 phpvfscomposer://C:\laragon\www\ci4-books\vendor\phpunit\phpunit\phpunit(106): PHPUnit\TextUI\Command::main()
#15 C:\laragon\www\ci4-books\vendor\bin\phpunit(115): include('phpvfscomposer:...')
#16 {main}
ERROR - 2025-10-16 10:13:51 --> Error connecting to the database: Error: Class 'SQLite3' not found in C:\laragon\www\ci4-books\vendor\codeigniter4\framework\system\Database\SQLite3\Connection.php:89
Stack trace:
#0 C:\laragon\www\ci4-books\vendor\codeigniter4\framework\system\Database\BaseConnection.php(392): CodeIgniter\Database\SQLite3\Connection->connect(false)
#1 C:\laragon\www\ci4-books\vendor\codeigniter4\framework\system\Database\SQLite3\Connection.php(59): CodeIgniter\Database\BaseConnection->initialize()
#2 C:\laragon\www\ci4-books\vendor\codeigniter4\framework\system\Test\DatabaseTestTrait.php(80): CodeIgniter\Database\SQLite3\Connection->initialize()
#3 C:\laragon\www\ci4-books\vendor\codeigniter4\framework\system\Test\DatabaseTestTrait.php(56): Tests\Unit\AuthorControllerTest->loadDependencies()
#4 C:\laragon\www\ci4-books\vendor\codeigniter4\framework\system\Test\CIUnitTestCase.php(249): Tests\Unit\AuthorControllerTest->setUpDatabase()
#5 C:\laragon\www\ci4-books\tests\unit\AuthorControllerTest.php(26): CodeIgniter\Test\CIUnitTestCase->setUp()
#6 C:\laragon\www\ci4-books\vendor\phpunit\phpunit\src\Framework\TestCase.php(1216): Tests\Unit\AuthorControllerTest->setUp()
#7 C:\laragon\www\ci4-books\vendor\phpunit\phpunit\src\Framework\TestResult.php(729): PHPUnit\Framework\TestCase->runBare()
#8 C:\laragon\www\ci4-books\vendor\phpunit\phpunit\src\Framework\TestCase.php(973): PHPUnit\Framework\TestResult->run(Object(Tests\Unit\AuthorControllerTest))
#9 C:\laragon\www\ci4-books\vendor\phpunit\phpunit\src\Framework\TestSuite.php(685): PHPUnit\Framework\TestCase->run(Object(PHPUnit\Framework\TestResult))
#10 C:\laragon\www\ci4-books\vendor\phpunit\phpunit\src\Framework\TestSuite.php(685): PHPUnit\Framework\TestSuite->run(Object(PHPUnit\Framework\TestResult))
#11 C:\laragon\www\ci4-books\vendor\phpunit\phpunit\src\TextUI\TestRunner.php(651): PHPUnit\Framework\TestSuite->run(Object(PHPUnit\Framework\TestResult))
#12 C:\laragon\www\ci4-books\vendor\phpunit\phpunit\src\TextUI\Command.php(146): PHPUnit\TextUI\TestRunner->run(Object(PHPUnit\Framework\TestSuite), Array, Array, true)
#13 C:\laragon\www\ci4-books\vendor\phpunit\phpunit\src\TextUI\Command.php(99): PHPUnit\TextUI\Command->run(Array, true)
#14 phpvfscomposer://C:\laragon\www\ci4-books\vendor\phpunit\phpunit\phpunit(106): PHPUnit\TextUI\Command::main()
#15 C:\laragon\www\ci4-books\vendor\bin\phpunit(115): include('phpvfscomposer:...')
#16 {main}
ERROR - 2025-10-16 10:13:51 --> Error connecting to the database: Error: Class 'SQLite3' not found in C:\laragon\www\ci4-books\vendor\codeigniter4\framework\system\Database\SQLite3\Connection.php:89
Stack trace:
#0 C:\laragon\www\ci4-books\vendor\codeigniter4\framework\system\Database\BaseConnection.php(392): CodeIgniter\Database\SQLite3\Connection->connect(false)
#1 C:\laragon\www\ci4-books\vendor\codeigniter4\framework\system\Database\SQLite3\Connection.php(59): CodeIgniter\Database\BaseConnection->initialize()
#2 C:\laragon\www\ci4-books\vendor\codeigniter4\framework\system\Test\DatabaseTestTrait.php(80): CodeIgniter\Database\SQLite3\Connection->initialize()
#3 C:\laragon\www\ci4-books\vendor\codeigniter4\framework\system\Test\DatabaseTestTrait.php(56): Tests\Unit\AuthorControllerTest->loadDependencies()
#4 C:\laragon\www\ci4-books\vendor\codeigniter4\framework\system\Test\CIUnitTestCase.php(249): Tests\Unit\AuthorControllerTest->setUpDatabase()
#5 C:\laragon\www\ci4-books\tests\unit\AuthorControllerTest.php(26): CodeIgniter\Test\CIUnitTestCase->setUp()
#6 C:\laragon\www\ci4-books\vendor\phpunit\phpunit\src\Framework\TestCase.php(1216): Tests\Unit\AuthorControllerTest->setUp()
#7 C:\laragon\www\ci4-books\vendor\phpunit\phpunit\src\Framework\TestResult.php(729): PHPUnit\Framework\TestCase->runBare()
#8 C:\laragon\www\ci4-books\vendor\phpunit\phpunit\src\Framework\TestCase.php(973): PHPUnit\Framework\TestResult->run(Object(Tests\Unit\AuthorControllerTest))
#9 C:\laragon\www\ci4-books\vendor\phpunit\phpunit\src\Framework\TestSuite.php(685): PHPUnit\Framework\TestCase->run(Object(PHPUnit\Framework\TestResult))
#10 C:\laragon\www\ci4-books\vendor\phpunit\phpunit\src\Framework\TestSuite.php(685): PHPUnit\Framework\TestSuite->run(Object(PHPUnit\Framework\TestResult))
#11 C:\laragon\www\ci4-books\vendor\phpunit\phpunit\src\TextUI\TestRunner.php(651): PHPUnit\Framework\TestSuite->run(Object(PHPUnit\Framework\TestResult))
#12 C:\laragon\www\ci4-books\vendor\phpunit\phpunit\src\TextUI\Command.php(146): PHPUnit\TextUI\TestRunner->run(Object(PHPUnit\Framework\TestSuite), Array, Array, true)
#13 C:\laragon\www\ci4-books\vendor\phpunit\phpunit\src\TextUI\Command.php(99): PHPUnit\TextUI\Command->run(Array, true)
#14 phpvfscomposer://C:\laragon\www\ci4-books\vendor\phpunit\phpunit\phpunit(106): PHPUnit\TextUI\Command::main()
#15 C:\laragon\www\ci4-books\vendor\bin\phpunit(115): include('phpvfscomposer:...')
#16 {main}
ERROR - 2025-10-16 10:13:51 --> Error connecting to the database: Error: Class 'SQLite3' not found in C:\laragon\www\ci4-books\vendor\codeigniter4\framework\system\Database\SQLite3\Connection.php:89
Stack trace:
#0 C:\laragon\www\ci4-books\vendor\codeigniter4\framework\system\Database\BaseConnection.php(392): CodeIgniter\Database\SQLite3\Connection->connect(false)
#1 C:\laragon\www\ci4-books\vendor\codeigniter4\framework\system\Database\SQLite3\Connection.php(59): CodeIgniter\Database\BaseConnection->initialize()
#2 C:\laragon\www\ci4-books\vendor\codeigniter4\framework\system\Test\DatabaseTestTrait.php(80): CodeIgniter\Database\SQLite3\Connection->initialize()
#3 C:\laragon\www\ci4-books\vendor\codeigniter4\framework\system\Test\DatabaseTestTrait.php(56): Tests\Unit\AuthorModelTest->loadDependencies()
#4 C:\laragon\www\ci4-books\vendor\codeigniter4\framework\system\Test\CIUnitTestCase.php(249): Tests\Unit\AuthorModelTest->setUpDatabase()
#5 C:\laragon\www\ci4-books\tests\unit\AuthorModelTest.php(21): CodeIgniter\Test\CIUnitTestCase->setUp()
#6 C:\laragon\www\ci4-books\vendor\phpunit\phpunit\src\Framework\TestCase.php(1216): Tests\Unit\AuthorModelTest->setUp()
#7 C:\laragon\www\ci4-books\vendor\phpunit\phpunit\src\Framework\TestResult.php(729): PHPUnit\Framework\TestCase->runBare()
#8 C:\laragon\www\ci4-books\vendor\phpunit\phpunit\src\Framework\TestCase.php(973): PHPUnit\Framework\TestResult->run(Object(Tests\Unit\AuthorModelTest))
#9 C:\laragon\www\ci4-books\vendor\phpunit\phpunit\src\Framework\TestSuite.php(685): PHPUnit\Framework\TestCase->run(Object(PHPUnit\Framework\TestResult))
#10 C:\laragon\www\ci4-books\vendor\phpunit\phpunit\src\Framework\TestSuite.php(685): PHPUnit\Framework\TestSuite->run(Object(PHPUnit\Framework\TestResult))
#11 C:\laragon\www\ci4-books\vendor\phpunit\phpunit\src\TextUI\TestRunner.php(651): PHPUnit\Framework\TestSuite->run(Object(PHPUnit\Framework\TestResult))
#12 C:\laragon\www\ci4-books\vendor\phpunit\phpunit\src\TextUI\Command.php(146): PHPUnit\TextUI\TestRunner->run(Object(PHPUnit\Framework\TestSuite), Array, Array, true)
#13 C:\laragon\www\ci4-books\vendor\phpunit\phpunit\src\TextUI\Command.php(99): PHPUnit\TextUI\Command->run(Array, true)
#14 phpvfscomposer://C:\laragon\www\ci4-books\vendor\phpunit\phpunit\phpunit(106): PHPUnit\TextUI\Command::main()
#15 C:\laragon\www\ci4-books\vendor\bin\phpunit(115): include('phpvfscomposer:...')
#16 {main}
ERROR - 2025-10-16 10:13:51 --> Error connecting to the database: Error: Class 'SQLite3' not found in C:\laragon\www\ci4-books\vendor\codeigniter4\framework\system\Database\SQLite3\Connection.php:89
Stack trace:
#0 C:\laragon\www\ci4-books\vendor\codeigniter4\framework\system\Database\BaseConnection.php(392): CodeIgniter\Database\SQLite3\Connection->connect(false)
#1 C:\laragon\www\ci4-books\vendor\codeigniter4\framework\system\Database\SQLite3\Connection.php(59): CodeIgniter\Database\BaseConnection->initialize()
#2 C:\laragon\www\ci4-books\vendor\codeigniter4\framework\system\Test\DatabaseTestTrait.php(80): CodeIgniter\Database\SQLite3\Connection->initialize()
#3 C:\laragon\www\ci4-books\vendor\codeigniter4\framework\system\Test\DatabaseTestTrait.php(56): Tests\Unit\AuthorModelTest->loadDependencies()
#4 C:\laragon\www\ci4-books\vendor\codeigniter4\framework\system\Test\CIUnitTestCase.php(249): Tests\Unit\AuthorModelTest->setUpDatabase()
#5 C:\laragon\www\ci4-books\tests\unit\AuthorModelTest.php(21): CodeIgniter\Test\CIUnitTestCase->setUp()
#6 C:\laragon\www\ci4-books\vendor\phpunit\phpunit\src\Framework\TestCase.php(1216): Tests\Unit\AuthorModelTest->setUp()
#7 C:\laragon\www\ci4-books\vendor\phpunit\phpunit\src\Framework\TestResult.php(729): PHPUnit\Framework\TestCase->runBare()
#8 C:\laragon\www\ci4-books\vendor\phpunit\phpunit\src\Framework\TestCase.php(973): PHPUnit\Framework\TestResult->run(Object(Tests\Unit\AuthorModelTest))
#9 C:\laragon\www\ci4-books\vendor\phpunit\phpunit\src\Framework\TestSuite.php(685): PHPUnit\Framework\TestCase->run(Object(PHPUnit\Framework\TestResult))
#10 C:\laragon\www\ci4-books\vendor\phpunit\phpunit\src\Framework\TestSuite.php(685): PHPUnit\Framework\TestSuite->run(Object(PHPUnit\Framework\TestResult))
#11 C:\laragon\www\ci4-books\vendor\phpunit\phpunit\src\TextUI\TestRunner.php(651): PHPUnit\Framework\TestSuite->run(Object(PHPUnit\Framework\TestResult))
#12 C:\laragon\www\ci4-books\vendor\phpunit\phpunit\src\TextUI\Command.php(146): PHPUnit\TextUI\TestRunner->run(Object(PHPUnit\Framework\TestSuite), Array, Array, true)
#13 C:\laragon\www\ci4-books\vendor\phpunit\phpunit\src\TextUI\Command.php(99): PHPUnit\TextUI\Command->run(Array, true)
#14 phpvfscomposer://C:\laragon\www\ci4-books\vendor\phpunit\phpunit\phpunit(106): PHPUnit\TextUI\Command::main()
#15 C:\laragon\www\ci4-books\vendor\bin\phpunit(115): include('phpvfscomposer:...')
#16 {main}
ERROR - 2025-10-16 10:13:51 --> Error connecting to the database: Error: Class 'SQLite3' not found in C:\laragon\www\ci4-books\vendor\codeigniter4\framework\system\Database\SQLite3\Connection.php:89
Stack trace:
#0 C:\laragon\www\ci4-books\vendor\codeigniter4\framework\system\Database\BaseConnection.php(392): CodeIgniter\Database\SQLite3\Connection->connect(false)
#1 C:\laragon\www\ci4-books\vendor\codeigniter4\framework\system\Database\SQLite3\Connection.php(59): CodeIgniter\Database\BaseConnection->initialize()
#2 C:\laragon\www\ci4-books\vendor\codeigniter4\framework\system\Test\DatabaseTestTrait.php(80): CodeIgniter\Database\SQLite3\Connection->initialize()
#3 C:\laragon\www\ci4-books\vendor\codeigniter4\framework\system\Test\DatabaseTestTrait.php(56): Tests\Unit\AuthorModelTest->loadDependencies()
#4 C:\laragon\www\ci4-books\vendor\codeigniter4\framework\system\Test\CIUnitTestCase.php(249): Tests\Unit\AuthorModelTest->setUpDatabase()
#5 C:\laragon\www\ci4-books\tests\unit\AuthorModelTest.php(21): CodeIgniter\Test\CIUnitTestCase->setUp()
#6 C:\laragon\www\ci4-books\vendor\phpunit\phpunit\src\Framework\TestCase.php(1216): Tests\Unit\AuthorModelTest->setUp()
#7 C:\laragon\www\ci4-books\vendor\phpunit\phpunit\src\Framework\TestResult.php(729): PHPUnit\Framework\TestCase->runBare()
#8 C:\laragon\www\ci4-books\vendor\phpunit\phpunit\src\Framework\TestCase.php(973): PHPUnit\Framework\TestResult->run(Object(Tests\Unit\AuthorModelTest))
#9 C:\laragon\www\ci4-books\vendor\phpunit\phpunit\src\Framework\TestSuite.php(685): PHPUnit\Framework\TestCase->run(Object(PHPUnit\Framework\TestResult))
#10 C:\laragon\www\ci4-books\vendor\phpunit\phpunit\src\Framework\TestSuite.php(685): PHPUnit\Framework\TestSuite->run(Object(PHPUnit\Framework\TestResult))
#11 C:\laragon\www\ci4-books\vendor\phpunit\phpunit\src\TextUI\TestRunner.php(651): PHPUnit\Framework\TestSuite->run(Object(PHPUnit\Framework\TestResult))
#12 C:\laragon\www\ci4-books\vendor\phpunit\phpunit\src\TextUI\Command.php(146): PHPUnit\TextUI\TestRunner->run(Object(PHPUnit\Framework\TestSuite), Array, Array, true)
#13 C:\laragon\www\ci4-books\vendor\phpunit\phpunit\src\TextUI\Command.php(99): PHPUnit\TextUI\Command->run(Array, true)
#14 phpvfscomposer://C:\laragon\www\ci4-books\vendor\phpunit\phpunit\phpunit(106): PHPUnit\TextUI\Command::main()
#15 C:\laragon\www\ci4-books\vendor\bin\phpunit(115): include('phpvfscomposer:...')
#16 {main}
ERROR - 2025-10-16 10:13:51 --> Error connecting to the database: Error: Class 'SQLite3' not found in C:\laragon\www\ci4-books\vendor\codeigniter4\framework\system\Database\SQLite3\Connection.php:89
Stack trace:
#0 C:\laragon\www\ci4-books\vendor\codeigniter4\framework\system\Database\BaseConnection.php(392): CodeIgniter\Database\SQLite3\Connection->connect(false)
#1 C:\laragon\www\ci4-books\vendor\codeigniter4\framework\system\Database\SQLite3\Connection.php(59): CodeIgniter\Database\BaseConnection->initialize()
#2 C:\laragon\www\ci4-books\vendor\codeigniter4\framework\system\Test\DatabaseTestTrait.php(80): CodeIgniter\Database\SQLite3\Connection->initialize()
#3 C:\laragon\www\ci4-books\vendor\codeigniter4\framework\system\Test\DatabaseTestTrait.php(56): Tests\Unit\AuthorModelTest->loadDependencies()
#4 C:\laragon\www\ci4-books\vendor\codeigniter4\framework\system\Test\CIUnitTestCase.php(249): Tests\Unit\AuthorModelTest->setUpDatabase()
#5 C:\laragon\www\ci4-books\tests\unit\AuthorModelTest.php(21): CodeIgniter\Test\CIUnitTestCase->setUp()
#6 C:\laragon\www\ci4-books\vendor\phpunit\phpunit\src\Framework\TestCase.php(1216): Tests\Unit\AuthorModelTest->setUp()
#7 C:\laragon\www\ci4-books\vendor\phpunit\phpunit\src\Framework\TestResult.php(729): PHPUnit\Framework\TestCase->runBare()
#8 C:\laragon\www\ci4-books\vendor\phpunit\phpunit\src\Framework\TestCase.php(973): PHPUnit\Framework\TestResult->run(Object(Tests\Unit\AuthorModelTest))
#9 C:\laragon\www\ci4-books\vendor\phpunit\phpunit\src\Framework\TestSuite.php(685): PHPUnit\Framework\TestCase->run(Object(PHPUnit\Framework\TestResult))
#10 C:\laragon\www\ci4-books\vendor\phpunit\phpunit\src\Framework\TestSuite.php(685): PHPUnit\Framework\TestSuite->run(Object(PHPUnit\Framework\TestResult))
#11 C:\laragon\www\ci4-books\vendor\phpunit\phpunit\src\TextUI\TestRunner.php(651): PHPUnit\Framework\TestSuite->run(Object(PHPUnit\Framework\TestResult))
#12 C:\laragon\www\ci4-books\vendor\phpunit\phpunit\src\TextUI\Command.php(146): PHPUnit\TextUI\TestRunner->run(Object(PHPUnit\Framework\TestSuite), Array, Array, true)
#13 C:\laragon\www\ci4-books\vendor\phpunit\phpunit\src\TextUI\Command.php(99): PHPUnit\TextUI\Command->run(Array, true)
#14 phpvfscomposer://C:\laragon\www\ci4-books\vendor\phpunit\phpunit\phpunit(106): PHPUnit\TextUI\Command::main()
#15 C:\laragon\www\ci4-books\vendor\bin\phpunit(115): include('phpvfscomposer:...')
#16 {main}
ERROR - 2025-10-16 10:13:51 --> Error connecting to the database: Error: Class 'SQLite3' not found in C:\laragon\www\ci4-books\vendor\codeigniter4\framework\system\Database\SQLite3\Connection.php:89
Stack trace:
#0 C:\laragon\www\ci4-books\vendor\codeigniter4\framework\system\Database\BaseConnection.php(392): CodeIgniter\Database\SQLite3\Connection->connect(false)
#1 C:\laragon\www\ci4-books\vendor\codeigniter4\framework\system\Database\SQLite3\Connection.php(59): CodeIgniter\Database\BaseConnection->initialize()
#2 C:\laragon\www\ci4-books\vendor\codeigniter4\framework\system\Test\DatabaseTestTrait.php(80): CodeIgniter\Database\SQLite3\Connection->initialize()
#3 C:\laragon\www\ci4-books\vendor\codeigniter4\framework\system\Test\DatabaseTestTrait.php(56): Tests\Unit\AuthorModelTest->loadDependencies()
#4 C:\laragon\www\ci4-books\vendor\codeigniter4\framework\system\Test\CIUnitTestCase.php(249): Tests\Unit\AuthorModelTest->setUpDatabase()
#5 C:\laragon\www\ci4-books\tests\unit\AuthorModelTest.php(21): CodeIgniter\Test\CIUnitTestCase->setUp()
#6 C:\laragon\www\ci4-books\vendor\phpunit\phpunit\src\Framework\TestCase.php(1216): Tests\Unit\AuthorModelTest->setUp()
#7 C:\laragon\www\ci4-books\vendor\phpunit\phpunit\src\Framework\TestResult.php(729): PHPUnit\Framework\TestCase->runBare()
#8 C:\laragon\www\ci4-books\vendor\phpunit\phpunit\src\Framework\TestCase.php(973): PHPUnit\Framework\TestResult->run(Object(Tests\Unit\AuthorModelTest))
#9 C:\laragon\www\ci4-books\vendor\phpunit\phpunit\src\Framework\TestSuite.php(685): PHPUnit\Framework\TestCase->run(Object(PHPUnit\Framework\TestResult))
#10 C:\laragon\www\ci4-books\vendor\phpunit\phpunit\src\Framework\TestSuite.php(685): PHPUnit\Framework\TestSuite->run(Object(PHPUnit\Framework\TestResult))
#11 C:\laragon\www\ci4-books\vendor\phpunit\phpunit\src\TextUI\TestRunner.php(651): PHPUnit\Framework\TestSuite->run(Object(PHPUnit\Framework\TestResult))
#12 C:\laragon\www\ci4-books\vendor\phpunit\phpunit\src\TextUI\Command.php(146): PHPUnit\TextUI\TestRunner->run(Object(PHPUnit\Framework\TestSuite), Array, Array, true)
#13 C:\laragon\www\ci4-books\vendor\phpunit\phpunit\src\TextUI\Command.php(99): PHPUnit\TextUI\Command->run(Array, true)
#14 phpvfscomposer://C:\laragon\www\ci4-books\vendor\phpunit\phpunit\phpunit(106): PHPUnit\TextUI\Command::main()
#15 C:\laragon\www\ci4-books\vendor\bin\phpunit(115): include('phpvfscomposer:...')
#16 {main}
ERROR - 2025-10-16 10:13:51 --> Error connecting to the database: Error: Class 'SQLite3' not found in C:\laragon\www\ci4-books\vendor\codeigniter4\framework\system\Database\SQLite3\Connection.php:89
Stack trace:
#0 C:\laragon\www\ci4-books\vendor\codeigniter4\framework\system\Database\BaseConnection.php(392): CodeIgniter\Database\SQLite3\Connection->connect(false)
#1 C:\laragon\www\ci4-books\vendor\codeigniter4\framework\system\Database\SQLite3\Connection.php(59): CodeIgniter\Database\BaseConnection->initialize()
#2 C:\laragon\www\ci4-books\vendor\codeigniter4\framework\system\Test\DatabaseTestTrait.php(80): CodeIgniter\Database\SQLite3\Connection->initialize()
#3 C:\laragon\www\ci4-books\vendor\codeigniter4\framework\system\Test\DatabaseTestTrait.php(56): Tests\Unit\AuthorModelTest->loadDependencies()
#4 C:\laragon\www\ci4-books\vendor\codeigniter4\framework\system\Test\CIUnitTestCase.php(249): Tests\Unit\AuthorModelTest->setUpDatabase()
#5 C:\laragon\www\ci4-books\tests\unit\AuthorModelTest.php(21): CodeIgniter\Test\CIUnitTestCase->setUp()
#6 C:\laragon\www\ci4-books\vendor\phpunit\phpunit\src\Framework\TestCase.php(1216): Tests\Unit\AuthorModelTest->setUp()
#7 C:\laragon\www\ci4-books\vendor\phpunit\phpunit\src\Framework\TestResult.php(729): PHPUnit\Framework\TestCase->runBare()
#8 C:\laragon\www\ci4-books\vendor\phpunit\phpunit\src\Framework\TestCase.php(973): PHPUnit\Framework\TestResult->run(Object(Tests\Unit\AuthorModelTest))
#9 C:\laragon\www\ci4-books\vendor\phpunit\phpunit\src\Framework\TestSuite.php(685): PHPUnit\Framework\TestCase->run(Object(PHPUnit\Framework\TestResult))
#10 C:\laragon\www\ci4-books\vendor\phpunit\phpunit\src\Framework\TestSuite.php(685): PHPUnit\Framework\TestSuite->run(Object(PHPUnit\Framework\TestResult))
#11 C:\laragon\www\ci4-books\vendor\phpunit\phpunit\src\TextUI\TestRunner.php(651): PHPUnit\Framework\TestSuite->run(Object(PHPUnit\Framework\TestResult))
#12 C:\laragon\www\ci4-books\vendor\phpunit\phpunit\src\TextUI\Command.php(146): PHPUnit\TextUI\TestRunner->run(Object(PHPUnit\Framework\TestSuite), Array, Array, true)
#13 C:\laragon\www\ci4-books\vendor\phpunit\phpunit\src\TextUI\Command.php(99): PHPUnit\TextUI\Command->run(Array, true)
#14 phpvfscomposer://C:\laragon\www\ci4-books\vendor\phpunit\phpunit\phpunit(106): PHPUnit\TextUI\Command::main()
#15 C:\laragon\www\ci4-books\vendor\bin\phpunit(115): include('phpvfscomposer:...')
#16 {main}
ERROR - 2025-10-16 10:13:51 --> Error connecting to the database: Error: Class 'SQLite3' not found in C:\laragon\www\ci4-books\vendor\codeigniter4\framework\system\Database\SQLite3\Connection.php:89
Stack trace:
#0 C:\laragon\www\ci4-books\vendor\codeigniter4\framework\system\Database\BaseConnection.php(392): CodeIgniter\Database\SQLite3\Connection->connect(false)
#1 C:\laragon\www\ci4-books\vendor\codeigniter4\framework\system\Database\SQLite3\Connection.php(59): CodeIgniter\Database\BaseConnection->initialize()
#2 C:\laragon\www\ci4-books\vendor\codeigniter4\framework\system\Test\DatabaseTestTrait.php(80): CodeIgniter\Database\SQLite3\Connection->initialize()
#3 C:\laragon\www\ci4-books\vendor\codeigniter4\framework\system\Test\DatabaseTestTrait.php(56): Tests\Unit\AuthorModelTest->loadDependencies()
#4 C:\laragon\www\ci4-books\vendor\codeigniter4\framework\system\Test\CIUnitTestCase.php(249): Tests\Unit\AuthorModelTest->setUpDatabase()
#5 C:\laragon\www\ci4-books\tests\unit\AuthorModelTest.php(21): CodeIgniter\Test\CIUnitTestCase->setUp()
#6 C:\laragon\www\ci4-books\vendor\phpunit\phpunit\src\Framework\TestCase.php(1216): Tests\Unit\AuthorModelTest->setUp()
#7 C:\laragon\www\ci4-books\vendor\phpunit\phpunit\src\Framework\TestResult.php(729): PHPUnit\Framework\TestCase->runBare()
#8 C:\laragon\www\ci4-books\vendor\phpunit\phpunit\src\Framework\TestCase.php(973): PHPUnit\Framework\TestResult->run(Object(Tests\Unit\AuthorModelTest))
#9 C:\laragon\www\ci4-books\vendor\phpunit\phpunit\src\Framework\TestSuite.php(685): PHPUnit\Framework\TestCase->run(Object(PHPUnit\Framework\TestResult))
#10 C:\laragon\www\ci4-books\vendor\phpunit\phpunit\src\Framework\TestSuite.php(685): PHPUnit\Framework\TestSuite->run(Object(PHPUnit\Framework\TestResult))
#11 C:\laragon\www\ci4-books\vendor\phpunit\phpunit\src\TextUI\TestRunner.php(651): PHPUnit\Framework\TestSuite->run(Object(PHPUnit\Framework\TestResult))
#12 C:\laragon\www\ci4-books\vendor\phpunit\phpunit\src\TextUI\Command.php(146): PHPUnit\TextUI\TestRunner->run(Object(PHPUnit\Framework\TestSuite), Array, Array, true)
#13 C:\laragon\www\ci4-books\vendor\phpunit\phpunit\src\TextUI\Command.php(99): PHPUnit\TextUI\Command->run(Array, true)
#14 phpvfscomposer://C:\laragon\www\ci4-books\vendor\phpunit\phpunit\phpunit(106): PHPUnit\TextUI\Command::main()
#15 C:\laragon\www\ci4-books\vendor\bin\phpunit(115): include('phpvfscomposer:...')
#16 {main}
ERROR - 2025-10-16 10:13:51 --> Error connecting to the database: Error: Class 'SQLite3' not found in C:\laragon\www\ci4-books\vendor\codeigniter4\framework\system\Database\SQLite3\Connection.php:89
Stack trace:
#0 C:\laragon\www\ci4-books\vendor\codeigniter4\framework\system\Database\BaseConnection.php(392): CodeIgniter\Database\SQLite3\Connection->connect(false)
#1 C:\laragon\www\ci4-books\vendor\codeigniter4\framework\system\Database\SQLite3\Connection.php(59): CodeIgniter\Database\BaseConnection->initialize()
#2 C:\laragon\www\ci4-books\vendor\codeigniter4\framework\system\Test\DatabaseTestTrait.php(80): CodeIgniter\Database\SQLite3\Connection->initialize()
#3 C:\laragon\www\ci4-books\vendor\codeigniter4\framework\system\Test\DatabaseTestTrait.php(56): Tests\Unit\AuthorModelTest->loadDependencies()
#4 C:\laragon\www\ci4-books\vendor\codeigniter4\framework\system\Test\CIUnitTestCase.php(249): Tests\Unit\AuthorModelTest->setUpDatabase()
#5 C:\laragon\www\ci4-books\tests\unit\AuthorModelTest.php(21): CodeIgniter\Test\CIUnitTestCase->setUp()
#6 C:\laragon\www\ci4-books\vendor\phpunit\phpunit\src\Framework\TestCase.php(1216): Tests\Unit\AuthorModelTest->setUp()
#7 C:\laragon\www\ci4-books\vendor\phpunit\phpunit\src\Framework\TestResult.php(729): PHPUnit\Framework\TestCase->runBare()
#8 C:\laragon\www\ci4-books\vendor\phpunit\phpunit\src\Framework\TestCase.php(973): PHPUnit\Framework\TestResult->run(Object(Tests\Unit\AuthorModelTest))
#9 C:\laragon\www\ci4-books\vendor\phpunit\phpunit\src\Framework\TestSuite.php(685): PHPUnit\Framework\TestCase->run(Object(PHPUnit\Framework\TestResult))
#10 C:\laragon\www\ci4-books\vendor\phpunit\phpunit\src\Framework\TestSuite.php(685): PHPUnit\Framework\TestSuite->run(Object(PHPUnit\Framework\TestResult))
#11 C:\laragon\www\ci4-books\vendor\phpunit\phpunit\src\TextUI\TestRunner.php(651): PHPUnit\Framework\TestSuite->run(Object(PHPUnit\Framework\TestResult))
#12 C:\laragon\www\ci4-books\vendor\phpunit\phpunit\src\TextUI\Command.php(146): PHPUnit\TextUI\TestRunner->run(Object(PHPUnit\Framework\TestSuite), Array, Array, true)
#13 C:\laragon\www\ci4-books\vendor\phpunit\phpunit\src\TextUI\Command.php(99): PHPUnit\TextUI\Command->run(Array, true)
#14 phpvfscomposer://C:\laragon\www\ci4-books\vendor\phpunit\phpunit\phpunit(106): PHPUnit\TextUI\Command::main()
#15 C:\laragon\www\ci4-books\vendor\bin\phpunit(115): include('phpvfscomposer:...')
#16 {main}
ERROR - 2025-10-16 10:13:51 --> Error connecting to the database: Error: Class 'SQLite3' not found in C:\laragon\www\ci4-books\vendor\codeigniter4\framework\system\Database\SQLite3\Connection.php:89
Stack trace:
#0 C:\laragon\www\ci4-books\vendor\codeigniter4\framework\system\Database\BaseConnection.php(392): CodeIgniter\Database\SQLite3\Connection->connect(false)
#1 C:\laragon\www\ci4-books\vendor\codeigniter4\framework\system\Database\SQLite3\Connection.php(59): CodeIgniter\Database\BaseConnection->initialize()
#2 C:\laragon\www\ci4-books\vendor\codeigniter4\framework\system\Test\DatabaseTestTrait.php(80): CodeIgniter\Database\SQLite3\Connection->initialize()
#3 C:\laragon\www\ci4-books\vendor\codeigniter4\framework\system\Test\DatabaseTestTrait.php(56): Tests\Unit\AuthorModelTest->loadDependencies()
#4 C:\laragon\www\ci4-books\vendor\codeigniter4\framework\system\Test\CIUnitTestCase.php(249): Tests\Unit\AuthorModelTest->setUpDatabase()
#5 C:\laragon\www\ci4-books\tests\unit\AuthorModelTest.php(21): CodeIgniter\Test\CIUnitTestCase->setUp()
#6 C:\laragon\www\ci4-books\vendor\phpunit\phpunit\src\Framework\TestCase.php(1216): Tests\Unit\AuthorModelTest->setUp()
#7 C:\laragon\www\ci4-books\vendor\phpunit\phpunit\src\Framework\TestResult.php(729): PHPUnit\Framework\TestCase->runBare()
#8 C:\laragon\www\ci4-books\vendor\phpunit\phpunit\src\Framework\TestCase.php(973): PHPUnit\Framework\TestResult->run(Object(Tests\Unit\AuthorModelTest))
#9 C:\laragon\www\ci4-books\vendor\phpunit\phpunit\src\Framework\TestSuite.php(685): PHPUnit\Framework\TestCase->run(Object(PHPUnit\Framework\TestResult))
#10 C:\laragon\www\ci4-books\vendor\phpunit\phpunit\src\Framework\TestSuite.php(685): PHPUnit\Framework\TestSuite->run(Object(PHPUnit\Framework\TestResult))
#11 C:\laragon\www\ci4-books\vendor\phpunit\phpunit\src\TextUI\TestRunner.php(651): PHPUnit\Framework\TestSuite->run(Object(PHPUnit\Framework\TestResult))
#12 C:\laragon\www\ci4-books\vendor\phpunit\phpunit\src\TextUI\Command.php(146): PHPUnit\TextUI\TestRunner->run(Object(PHPUnit\Framework\TestSuite), Array, Array, true)
#13 C:\laragon\www\ci4-books\vendor\phpunit\phpunit\src\TextUI\Command.php(99): PHPUnit\TextUI\Command->run(Array, true)
#14 phpvfscomposer://C:\laragon\www\ci4-books\vendor\phpunit\phpunit\phpunit(106): PHPUnit\TextUI\Command::main()
#15 C:\laragon\www\ci4-books\vendor\bin\phpunit(115): include('phpvfscomposer:...')
#16 {main}
ERROR - 2025-10-16 10:13:51 --> Error connecting to the database: Error: Class 'SQLite3' not found in C:\laragon\www\ci4-books\vendor\codeigniter4\framework\system\Database\SQLite3\Connection.php:89
Stack trace:
#0 C:\laragon\www\ci4-books\vendor\codeigniter4\framework\system\Database\BaseConnection.php(392): CodeIgniter\Database\SQLite3\Connection->connect(false)
#1 C:\laragon\www\ci4-books\vendor\codeigniter4\framework\system\Database\SQLite3\Connection.php(59): CodeIgniter\Database\BaseConnection->initialize()
#2 C:\laragon\www\ci4-books\vendor\codeigniter4\framework\system\Test\DatabaseTestTrait.php(80): CodeIgniter\Database\SQLite3\Connection->initialize()
#3 C:\laragon\www\ci4-books\vendor\codeigniter4\framework\system\Test\DatabaseTestTrait.php(56): Tests\Unit\BookControllerTest->loadDependencies()
#4 C:\laragon\www\ci4-books\vendor\codeigniter4\framework\system\Test\CIUnitTestCase.php(249): Tests\Unit\BookControllerTest->setUpDatabase()
#5 C:\laragon\www\ci4-books\tests\unit\BookControllerTest.php(26): CodeIgniter\Test\CIUnitTestCase->setUp()
#6 C:\laragon\www\ci4-books\vendor\phpunit\phpunit\src\Framework\TestCase.php(1216): Tests\Unit\BookControllerTest->setUp()
#7 C:\laragon\www\ci4-books\vendor\phpunit\phpunit\src\Framework\TestResult.php(729): PHPUnit\Framework\TestCase->runBare()
#8 C:\laragon\www\ci4-books\vendor\phpunit\phpunit\src\Framework\TestCase.php(973): PHPUnit\Framework\TestResult->run(Object(Tests\Unit\BookControllerTest))
#9 C:\laragon\www\ci4-books\vendor\phpunit\phpunit\src\Framework\TestSuite.php(685): PHPUnit\Framework\TestCase->run(Object(PHPUnit\Framework\TestResult))
#10 C:\laragon\www\ci4-books\vendor\phpunit\phpunit\src\Framework\TestSuite.php(685): PHPUnit\Framework\TestSuite->run(Object(PHPUnit\Framework\TestResult))
#11 C:\laragon\www\ci4-books\vendor\phpunit\phpunit\src\TextUI\TestRunner.php(651): PHPUnit\Framework\TestSuite->run(Object(PHPUnit\Framework\TestResult))
#12 C:\laragon\www\ci4-books\vendor\phpunit\phpunit\src\TextUI\Command.php(146): PHPUnit\TextUI\TestRunner->run(Object(PHPUnit\Framework\TestSuite), Array, Array, true)
#13 C:\laragon\www\ci4-books\vendor\phpunit\phpunit\src\TextUI\Command.php(99): PHPUnit\TextUI\Command->run(Array, true)
#14 phpvfscomposer://C:\laragon\www\ci4-books\vendor\phpunit\phpunit\phpunit(106): PHPUnit\TextUI\Command::main()
#15 C:\laragon\www\ci4-books\vendor\bin\phpunit(115): include('phpvfscomposer:...')
#16 {main}
ERROR - 2025-10-16 10:13:51 --> Error connecting to the database: Error: Class 'SQLite3' not found in C:\laragon\www\ci4-books\vendor\codeigniter4\framework\system\Database\SQLite3\Connection.php:89
Stack trace:
#0 C:\laragon\www\ci4-books\vendor\codeigniter4\framework\system\Database\BaseConnection.php(392): CodeIgniter\Database\SQLite3\Connection->connect(false)
#1 C:\laragon\www\ci4-books\vendor\codeigniter4\framework\system\Database\SQLite3\Connection.php(59): CodeIgniter\Database\BaseConnection->initialize()
#2 C:\laragon\www\ci4-books\vendor\codeigniter4\framework\system\Test\DatabaseTestTrait.php(80): CodeIgniter\Database\SQLite3\Connection->initialize()
#3 C:\laragon\www\ci4-books\vendor\codeigniter4\framework\system\Test\DatabaseTestTrait.php(56): Tests\Unit\BookControllerTest->loadDependencies()
#4 C:\laragon\www\ci4-books\vendor\codeigniter4\framework\system\Test\CIUnitTestCase.php(249): Tests\Unit\BookControllerTest->setUpDatabase()
#5 C:\laragon\www\ci4-books\tests\unit\BookControllerTest.php(26): CodeIgniter\Test\CIUnitTestCase->setUp()
#6 C:\laragon\www\ci4-books\vendor\phpunit\phpunit\src\Framework\TestCase.php(1216): Tests\Unit\BookControllerTest->setUp()
#7 C:\laragon\www\ci4-books\vendor\phpunit\phpunit\src\Framework\TestResult.php(729): PHPUnit\Framework\TestCase->runBare()
#8 C:\laragon\www\ci4-books\vendor\phpunit\phpunit\src\Framework\TestCase.php(973): PHPUnit\Framework\TestResult->run(Object(Tests\Unit\BookControllerTest))
#9 C:\laragon\www\ci4-books\vendor\phpunit\phpunit\src\Framework\TestSuite.php(685): PHPUnit\Framework\TestCase->run(Object(PHPUnit\Framework\TestResult))
#10 C:\laragon\www\ci4-books\vendor\phpunit\phpunit\src\Framework\TestSuite.php(685): PHPUnit\Framework\TestSuite->run(Object(PHPUnit\Framework\TestResult))
#11 C:\laragon\www\ci4-books\vendor\phpunit\phpunit\src\TextUI\TestRunner.php(651): PHPUnit\Framework\TestSuite->run(Object(PHPUnit\Framework\TestResult))
#12 C:\laragon\www\ci4-books\vendor\phpunit\phpunit\src\TextUI\Command.php(146): PHPUnit\TextUI\TestRunner->run(Object(PHPUnit\Framework\TestSuite), Array, Array, true)
#13 C:\laragon\www\ci4-books\vendor\phpunit\phpunit\src\TextUI\Command.php(99): PHPUnit\TextUI\Command->run(Array, true)
#14 phpvfscomposer://C:\laragon\www\ci4-books\vendor\phpunit\phpunit\phpunit(106): PHPUnit\TextUI\Command::main()
#15 C:\laragon\www\ci4-books\vendor\bin\phpunit(115): include('phpvfscomposer:...')
#16 {main}
ERROR - 2025-10-16 10:13:51 --> Error connecting to the database: Error: Class 'SQLite3' not found in C:\laragon\www\ci4-books\vendor\codeigniter4\framework\system\Database\SQLite3\Connection.php:89
Stack trace:
#0 C:\laragon\www\ci4-books\vendor\codeigniter4\framework\system\Database\BaseConnection.php(392): CodeIgniter\Database\SQLite3\Connection->connect(false)
#1 C:\laragon\www\ci4-books\vendor\codeigniter4\framework\system\Database\SQLite3\Connection.php(59): CodeIgniter\Database\BaseConnection->initialize()
#2 C:\laragon\www\ci4-books\vendor\codeigniter4\framework\system\Test\DatabaseTestTrait.php(80): CodeIgniter\Database\SQLite3\Connection->initialize()
#3 C:\laragon\www\ci4-books\vendor\codeigniter4\framework\system\Test\DatabaseTestTrait.php(56): Tests\Unit\BookControllerTest->loadDependencies()
#4 C:\laragon\www\ci4-books\vendor\codeigniter4\framework\system\Test\CIUnitTestCase.php(249): Tests\Unit\BookControllerTest->setUpDatabase()
#5 C:\laragon\www\ci4-books\tests\unit\BookControllerTest.php(26): CodeIgniter\Test\CIUnitTestCase->setUp()
#6 C:\laragon\www\ci4-books\vendor\phpunit\phpunit\src\Framework\TestCase.php(1216): Tests\Unit\BookControllerTest->setUp()
#7 C:\laragon\www\ci4-books\vendor\phpunit\phpunit\src\Framework\TestResult.php(729): PHPUnit\Framework\TestCase->runBare()
#8 C:\laragon\www\ci4-books\vendor\phpunit\phpunit\src\Framework\TestCase.php(973): PHPUnit\Framework\TestResult->run(Object(Tests\Unit\BookControllerTest))
#9 C:\laragon\www\ci4-books\vendor\phpunit\phpunit\src\Framework\TestSuite.php(685): PHPUnit\Framework\TestCase->run(Object(PHPUnit\Framework\TestResult))
#10 C:\laragon\www\ci4-books\vendor\phpunit\phpunit\src\Framework\TestSuite.php(685): PHPUnit\Framework\TestSuite->run(Object(PHPUnit\Framework\TestResult))
#11 C:\laragon\www\ci4-books\vendor\phpunit\phpunit\src\TextUI\TestRunner.php(651): PHPUnit\Framework\TestSuite->run(Object(PHPUnit\Framework\TestResult))
#12 C:\laragon\www\ci4-books\vendor\phpunit\phpunit\src\TextUI\Command.php(146): PHPUnit\TextUI\TestRunner->run(Object(PHPUnit\Framework\TestSuite), Array, Array, true)
#13 C:\laragon\www\ci4-books\vendor\phpunit\phpunit\src\TextUI\Command.php(99): PHPUnit\TextUI\Command->run(Array, true)
#14 phpvfscomposer://C:\laragon\www\ci4-books\vendor\phpunit\phpunit\phpunit(106): PHPUnit\TextUI\Command::main()
#15 C:\laragon\www\ci4-books\vendor\bin\phpunit(115): include('phpvfscomposer:...')
#16 {main}
ERROR - 2025-10-16 10:13:51 --> Error connecting to the database: Error: Class 'SQLite3' not found in C:\laragon\www\ci4-books\vendor\codeigniter4\framework\system\Database\SQLite3\Connection.php:89
Stack trace:
#0 C:\laragon\www\ci4-books\vendor\codeigniter4\framework\system\Database\BaseConnection.php(392): CodeIgniter\Database\SQLite3\Connection->connect(false)
#1 C:\laragon\www\ci4-books\vendor\codeigniter4\framework\system\Database\SQLite3\Connection.php(59): CodeIgniter\Database\BaseConnection->initialize()
#2 C:\laragon\www\ci4-books\vendor\codeigniter4\framework\system\Test\DatabaseTestTrait.php(80): CodeIgniter\Database\SQLite3\Connection->initialize()
#3 C:\laragon\www\ci4-books\vendor\codeigniter4\framework\system\Test\DatabaseTestTrait.php(56): Tests\Unit\BookControllerTest->loadDependencies()
#4 C:\laragon\www\ci4-books\vendor\codeigniter4\framework\system\Test\CIUnitTestCase.php(249): Tests\Unit\BookControllerTest->setUpDatabase()
#5 C:\laragon\www\ci4-books\tests\unit\BookControllerTest.php(26): CodeIgniter\Test\CIUnitTestCase->setUp()
#6 C:\laragon\www\ci4-books\vendor\phpunit\phpunit\src\Framework\TestCase.php(1216): Tests\Unit\BookControllerTest->setUp()
#7 C:\laragon\www\ci4-books\vendor\phpunit\phpunit\src\Framework\TestResult.php(729): PHPUnit\Framework\TestCase->runBare()
#8 C:\laragon\www\ci4-books\vendor\phpunit\phpunit\src\Framework\TestCase.php(973): PHPUnit\Framework\TestResult->run(Object(Tests\Unit\BookControllerTest))
#9 C:\laragon\www\ci4-books\vendor\phpunit\phpunit\src\Framework\TestSuite.php(685): PHPUnit\Framework\TestCase->run(Object(PHPUnit\Framework\TestResult))
#10 C:\laragon\www\ci4-books\vendor\phpunit\phpunit\src\Framework\TestSuite.php(685): PHPUnit\Framework\TestSuite->run(Object(PHPUnit\Framework\TestResult))
#11 C:\laragon\www\ci4-books\vendor\phpunit\phpunit\src\TextUI\TestRunner.php(651): PHPUnit\Framework\TestSuite->run(Object(PHPUnit\Framework\TestResult))
#12 C:\laragon\www\ci4-books\vendor\phpunit\phpunit\src\TextUI\Command.php(146): PHPUnit\TextUI\TestRunner->run(Object(PHPUnit\Framework\TestSuite), Array, Array, true)
#13 C:\laragon\www\ci4-books\vendor\phpunit\phpunit\src\TextUI\Command.php(99): PHPUnit\TextUI\Command->run(Array, true)
#14 phpvfscomposer://C:\laragon\www\ci4-books\vendor\phpunit\phpunit\phpunit(106): PHPUnit\TextUI\Command::main()
#15 C:\laragon\www\ci4-books\vendor\bin\phpunit(115): include('phpvfscomposer:...')
#16 {main}
ERROR - 2025-10-16 10:13:51 --> Error connecting to the database: Error: Class 'SQLite3' not found in C:\laragon\www\ci4-books\vendor\codeigniter4\framework\system\Database\SQLite3\Connection.php:89
Stack trace:
#0 C:\laragon\www\ci4-books\vendor\codeigniter4\framework\system\Database\BaseConnection.php(392): CodeIgniter\Database\SQLite3\Connection->connect(false)
#1 C:\laragon\www\ci4-books\vendor\codeigniter4\framework\system\Database\SQLite3\Connection.php(59): CodeIgniter\Database\BaseConnection->initialize()
#2 C:\laragon\www\ci4-books\vendor\codeigniter4\framework\system\Test\DatabaseTestTrait.php(80): CodeIgniter\Database\SQLite3\Connection->initialize()
#3 C:\laragon\www\ci4-books\vendor\codeigniter4\framework\system\Test\DatabaseTestTrait.php(56): Tests\Unit\BookControllerTest->loadDependencies()
#4 C:\laragon\www\ci4-books\vendor\codeigniter4\framework\system\Test\CIUnitTestCase.php(249): Tests\Unit\BookControllerTest->setUpDatabase()
#5 C:\laragon\www\ci4-books\tests\unit\BookControllerTest.php(26): CodeIgniter\Test\CIUnitTestCase->setUp()
#6 C:\laragon\www\ci4-books\vendor\phpunit\phpunit\src\Framework\TestCase.php(1216): Tests\Unit\BookControllerTest->setUp()
#7 C:\laragon\www\ci4-books\vendor\phpunit\phpunit\src\Framework\TestResult.php(729): PHPUnit\Framework\TestCase->runBare()
#8 C:\laragon\www\ci4-books\vendor\phpunit\phpunit\src\Framework\TestCase.php(973): PHPUnit\Framework\TestResult->run(Object(Tests\Unit\BookControllerTest))
#9 C:\laragon\www\ci4-books\vendor\phpunit\phpunit\src\Framework\TestSuite.php(685): PHPUnit\Framework\TestCase->run(Object(PHPUnit\Framework\TestResult))
#10 C:\laragon\www\ci4-books\vendor\phpunit\phpunit\src\Framework\TestSuite.php(685): PHPUnit\Framework\TestSuite->run(Object(PHPUnit\Framework\TestResult))
#11 C:\laragon\www\ci4-books\vendor\phpunit\phpunit\src\TextUI\TestRunner.php(651): PHPUnit\Framework\TestSuite->run(Object(PHPUnit\Framework\TestResult))
#12 C:\laragon\www\ci4-books\vendor\phpunit\phpunit\src\TextUI\Command.php(146): PHPUnit\TextUI\TestRunner->run(Object(PHPUnit\Framework\TestSuite), Array, Array, true)
#13 C:\laragon\www\ci4-books\vendor\phpunit\phpunit\src\TextUI\Command.php(99): PHPUnit\TextUI\Command->run(Array, true)
#14 phpvfscomposer://C:\laragon\www\ci4-books\vendor\phpunit\phpunit\phpunit(106): PHPUnit\TextUI\Command::main()
#15 C:\laragon\www\ci4-books\vendor\bin\phpunit(115): include('phpvfscomposer:...')
#16 {main}
ERROR - 2025-10-16 10:13:51 --> Error connecting to the database: Error: Class 'SQLite3' not found in C:\laragon\www\ci4-books\vendor\codeigniter4\framework\system\Database\SQLite3\Connection.php:89
Stack trace:
#0 C:\laragon\www\ci4-books\vendor\codeigniter4\framework\system\Database\BaseConnection.php(392): CodeIgniter\Database\SQLite3\Connection->connect(false)
#1 C:\laragon\www\ci4-books\vendor\codeigniter4\framework\system\Database\SQLite3\Connection.php(59): CodeIgniter\Database\BaseConnection->initialize()
#2 C:\laragon\www\ci4-books\vendor\codeigniter4\framework\system\Test\DatabaseTestTrait.php(80): CodeIgniter\Database\SQLite3\Connection->initialize()
#3 C:\laragon\www\ci4-books\vendor\codeigniter4\framework\system\Test\DatabaseTestTrait.php(56): Tests\Unit\BookControllerTest->loadDependencies()
#4 C:\laragon\www\ci4-books\vendor\codeigniter4\framework\system\Test\CIUnitTestCase.php(249): Tests\Unit\BookControllerTest->setUpDatabase()
#5 C:\laragon\www\ci4-books\tests\unit\BookControllerTest.php(26): CodeIgniter\Test\CIUnitTestCase->setUp()
#6 C:\laragon\www\ci4-books\vendor\phpunit\phpunit\src\Framework\TestCase.php(1216): Tests\Unit\BookControllerTest->setUp()
#7 C:\laragon\www\ci4-books\vendor\phpunit\phpunit\src\Framework\TestResult.php(729): PHPUnit\Framework\TestCase->runBare()
#8 C:\laragon\www\ci4-books\vendor\phpunit\phpunit\src\Framework\TestCase.php(973): PHPUnit\Framework\TestResult->run(Object(Tests\Unit\BookControllerTest))
#9 C:\laragon\www\ci4-books\vendor\phpunit\phpunit\src\Framework\TestSuite.php(685): PHPUnit\Framework\TestCase->run(Object(PHPUnit\Framework\TestResult))
#10 C:\laragon\www\ci4-books\vendor\phpunit\phpunit\src\Framework\TestSuite.php(685): PHPUnit\Framework\TestSuite->run(Object(PHPUnit\Framework\TestResult))
#11 C:\laragon\www\ci4-books\vendor\phpunit\phpunit\src\TextUI\TestRunner.php(651): PHPUnit\Framework\TestSuite->run(Object(PHPUnit\Framework\TestResult))
#12 C:\laragon\www\ci4-books\vendor\phpunit\phpunit\src\TextUI\Command.php(146): PHPUnit\TextUI\TestRunner->run(Object(PHPUnit\Framework\TestSuite), Array, Array, true)
#13 C:\laragon\www\ci4-books\vendor\phpunit\phpunit\src\TextUI\Command.php(99): PHPUnit\TextUI\Command->run(Array, true)
#14 phpvfscomposer://C:\laragon\www\ci4-books\vendor\phpunit\phpunit\phpunit(106): PHPUnit\TextUI\Command::main()
#15 C:\laragon\www\ci4-books\vendor\bin\phpunit(115): include('phpvfscomposer:...')
#16 {main}
ERROR - 2025-10-16 10:13:51 --> Error connecting to the database: Error: Class 'SQLite3' not found in C:\laragon\www\ci4-books\vendor\codeigniter4\framework\system\Database\SQLite3\Connection.php:89
Stack trace:
#0 C:\laragon\www\ci4-books\vendor\codeigniter4\framework\system\Database\BaseConnection.php(392): CodeIgniter\Database\SQLite3\Connection->connect(false)
#1 C:\laragon\www\ci4-books\vendor\codeigniter4\framework\system\Database\SQLite3\Connection.php(59): CodeIgniter\Database\BaseConnection->initialize()
#2 C:\laragon\www\ci4-books\vendor\codeigniter4\framework\system\Test\DatabaseTestTrait.php(80): CodeIgniter\Database\SQLite3\Connection->initialize()
#3 C:\laragon\www\ci4-books\vendor\codeigniter4\framework\system\Test\DatabaseTestTrait.php(56): Tests\Unit\BookControllerTest->loadDependencies()
#4 C:\laragon\www\ci4-books\vendor\codeigniter4\framework\system\Test\CIUnitTestCase.php(249): Tests\Unit\BookControllerTest->setUpDatabase()
#5 C:\laragon\www\ci4-books\tests\unit\BookControllerTest.php(26): CodeIgniter\Test\CIUnitTestCase->setUp()
#6 C:\laragon\www\ci4-books\vendor\phpunit\phpunit\src\Framework\TestCase.php(1216): Tests\Unit\BookControllerTest->setUp()
#7 C:\laragon\www\ci4-books\vendor\phpunit\phpunit\src\Framework\TestResult.php(729): PHPUnit\Framework\TestCase->runBare()
#8 C:\laragon\www\ci4-books\vendor\phpunit\phpunit\src\Framework\TestCase.php(973): PHPUnit\Framework\TestResult->run(Object(Tests\Unit\BookControllerTest))
#9 C:\laragon\www\ci4-books\vendor\phpunit\phpunit\src\Framework\TestSuite.php(685): PHPUnit\Framework\TestCase->run(Object(PHPUnit\Framework\TestResult))
#10 C:\laragon\www\ci4-books\vendor\phpunit\phpunit\src\Framework\TestSuite.php(685): PHPUnit\Framework\TestSuite->run(Object(PHPUnit\Framework\TestResult))
#11 C:\laragon\www\ci4-books\vendor\phpunit\phpunit\src\TextUI\TestRunner.php(651): PHPUnit\Framework\TestSuite->run(Object(PHPUnit\Framework\TestResult))
#12 C:\laragon\www\ci4-books\vendor\phpunit\phpunit\src\TextUI\Command.php(146): PHPUnit\TextUI\TestRunner->run(Object(PHPUnit\Framework\TestSuite), Array, Array, true)
#13 C:\laragon\www\ci4-books\vendor\phpunit\phpunit\src\TextUI\Command.php(99): PHPUnit\TextUI\Command->run(Array, true)
#14 phpvfscomposer://C:\laragon\www\ci4-books\vendor\phpunit\phpunit\phpunit(106): PHPUnit\TextUI\Command::main()
#15 C:\laragon\www\ci4-books\vendor\bin\phpunit(115): include('phpvfscomposer:...')
#16 {main}
ERROR - 2025-10-16 10:13:51 --> Error connecting to the database: Error: Class 'SQLite3' not found in C:\laragon\www\ci4-books\vendor\codeigniter4\framework\system\Database\SQLite3\Connection.php:89
Stack trace:
#0 C:\laragon\www\ci4-books\vendor\codeigniter4\framework\system\Database\BaseConnection.php(392): CodeIgniter\Database\SQLite3\Connection->connect(false)
#1 C:\laragon\www\ci4-books\vendor\codeigniter4\framework\system\Database\SQLite3\Connection.php(59): CodeIgniter\Database\BaseConnection->initialize()
#2 C:\laragon\www\ci4-books\vendor\codeigniter4\framework\system\Test\DatabaseTestTrait.php(80): CodeIgniter\Database\SQLite3\Connection->initialize()
#3 C:\laragon\www\ci4-books\vendor\codeigniter4\framework\system\Test\DatabaseTestTrait.php(56): Tests\Unit\BookControllerTest->loadDependencies()
#4 C:\laragon\www\ci4-books\vendor\codeigniter4\framework\system\Test\CIUnitTestCase.php(249): Tests\Unit\BookControllerTest->setUpDatabase()
#5 C:\laragon\www\ci4-books\tests\unit\BookControllerTest.php(26): CodeIgniter\Test\CIUnitTestCase->setUp()
#6 C:\laragon\www\ci4-books\vendor\phpunit\phpunit\src\Framework\TestCase.php(1216): Tests\Unit\BookControllerTest->setUp()
#7 C:\laragon\www\ci4-books\vendor\phpunit\phpunit\src\Framework\TestResult.php(729): PHPUnit\Framework\TestCase->runBare()
#8 C:\laragon\www\ci4-books\vendor\phpunit\phpunit\src\Framework\TestCase.php(973): PHPUnit\Framework\TestResult->run(Object(Tests\Unit\BookControllerTest))
#9 C:\laragon\www\ci4-books\vendor\phpunit\phpunit\src\Framework\TestSuite.php(685): PHPUnit\Framework\TestCase->run(Object(PHPUnit\Framework\TestResult))
#10 C:\laragon\www\ci4-books\vendor\phpunit\phpunit\src\Framework\TestSuite.php(685): PHPUnit\Framework\TestSuite->run(Object(PHPUnit\Framework\TestResult))
#11 C:\laragon\www\ci4-books\vendor\phpunit\phpunit\src\TextUI\TestRunner.php(651): PHPUnit\Framework\TestSuite->run(Object(PHPUnit\Framework\TestResult))
#12 C:\laragon\www\ci4-books\vendor\phpunit\phpunit\src\TextUI\Command.php(146): PHPUnit\TextUI\TestRunner->run(Object(PHPUnit\Framework\TestSuite), Array, Array, true)
#13 C:\laragon\www\ci4-books\vendor\phpunit\phpunit\src\TextUI\Command.php(99): PHPUnit\TextUI\Command->run(Array, true)
#14 phpvfscomposer://C:\laragon\www\ci4-books\vendor\phpunit\phpunit\phpunit(106): PHPUnit\TextUI\Command::main()
#15 C:\laragon\www\ci4-books\vendor\bin\phpunit(115): include('phpvfscomposer:...')
#16 {main}
ERROR - 2025-10-16 10:13:51 --> Error connecting to the database: Error: Class 'SQLite3' not found in C:\laragon\www\ci4-books\vendor\codeigniter4\framework\system\Database\SQLite3\Connection.php:89
Stack trace:
#0 C:\laragon\www\ci4-books\vendor\codeigniter4\framework\system\Database\BaseConnection.php(392): CodeIgniter\Database\SQLite3\Connection->connect(false)
#1 C:\laragon\www\ci4-books\vendor\codeigniter4\framework\system\Database\SQLite3\Connection.php(59): CodeIgniter\Database\BaseConnection->initialize()
#2 C:\laragon\www\ci4-books\vendor\codeigniter4\framework\system\Test\DatabaseTestTrait.php(80): CodeIgniter\Database\SQLite3\Connection->initialize()
#3 C:\laragon\www\ci4-books\vendor\codeigniter4\framework\system\Test\DatabaseTestTrait.php(56): Tests\Unit\BookControllerTest->loadDependencies()
#4 C:\laragon\www\ci4-books\vendor\codeigniter4\framework\system\Test\CIUnitTestCase.php(249): Tests\Unit\BookControllerTest->setUpDatabase()
#5 C:\laragon\www\ci4-books\tests\unit\BookControllerTest.php(26): CodeIgniter\Test\CIUnitTestCase->setUp()
#6 C:\laragon\www\ci4-books\vendor\phpunit\phpunit\src\Framework\TestCase.php(1216): Tests\Unit\BookControllerTest->setUp()
#7 C:\laragon\www\ci4-books\vendor\phpunit\phpunit\src\Framework\TestResult.php(729): PHPUnit\Framework\TestCase->runBare()
#8 C:\laragon\www\ci4-books\vendor\phpunit\phpunit\src\Framework\TestCase.php(973): PHPUnit\Framework\TestResult->run(Object(Tests\Unit\BookControllerTest))
#9 C:\laragon\www\ci4-books\vendor\phpunit\phpunit\src\Framework\TestSuite.php(685): PHPUnit\Framework\TestCase->run(Object(PHPUnit\Framework\TestResult))
#10 C:\laragon\www\ci4-books\vendor\phpunit\phpunit\src\Framework\TestSuite.php(685): PHPUnit\Framework\TestSuite->run(Object(PHPUnit\Framework\TestResult))
#11 C:\laragon\www\ci4-books\vendor\phpunit\phpunit\src\TextUI\TestRunner.php(651): PHPUnit\Framework\TestSuite->run(Object(PHPUnit\Framework\TestResult))
#12 C:\laragon\www\ci4-books\vendor\phpunit\phpunit\src\TextUI\Command.php(146): PHPUnit\TextUI\TestRunner->run(Object(PHPUnit\Framework\TestSuite), Array, Array, true)
#13 C:\laragon\www\ci4-books\vendor\phpunit\phpunit\src\TextUI\Command.php(99): PHPUnit\TextUI\Command->run(Array, true)
#14 phpvfscomposer://C:\laragon\www\ci4-books\vendor\phpunit\phpunit\phpunit(106): PHPUnit\TextUI\Command::main()
#15 C:\laragon\www\ci4-books\vendor\bin\phpunit(115): include('phpvfscomposer:...')
#16 {main}
ERROR - 2025-10-16 10:13:51 --> Error connecting to the database: Error: Class 'SQLite3' not found in C:\laragon\www\ci4-books\vendor\codeigniter4\framework\system\Database\SQLite3\Connection.php:89
Stack trace:
#0 C:\laragon\www\ci4-books\vendor\codeigniter4\framework\system\Database\BaseConnection.php(392): CodeIgniter\Database\SQLite3\Connection->connect(false)
#1 C:\laragon\www\ci4-books\vendor\codeigniter4\framework\system\Database\SQLite3\Connection.php(59): CodeIgniter\Database\BaseConnection->initialize()
#2 C:\laragon\www\ci4-books\vendor\codeigniter4\framework\system\Test\DatabaseTestTrait.php(80): CodeIgniter\Database\SQLite3\Connection->initialize()
#3 C:\laragon\www\ci4-books\vendor\codeigniter4\framework\system\Test\DatabaseTestTrait.php(56): Tests\Unit\BookControllerTest->loadDependencies()
#4 C:\laragon\www\ci4-books\vendor\codeigniter4\framework\system\Test\CIUnitTestCase.php(249): Tests\Unit\BookControllerTest->setUpDatabase()
#5 C:\laragon\www\ci4-books\tests\unit\BookControllerTest.php(26): CodeIgniter\Test\CIUnitTestCase->setUp()
#6 C:\laragon\www\ci4-books\vendor\phpunit\phpunit\src\Framework\TestCase.php(1216): Tests\Unit\BookControllerTest->setUp()
#7 C:\laragon\www\ci4-books\vendor\phpunit\phpunit\src\Framework\TestResult.php(729): PHPUnit\Framework\TestCase->runBare()
#8 C:\laragon\www\ci4-books\vendor\phpunit\phpunit\src\Framework\TestCase.php(973): PHPUnit\Framework\TestResult->run(Object(Tests\Unit\BookControllerTest))
#9 C:\laragon\www\ci4-books\vendor\phpunit\phpunit\src\Framework\TestSuite.php(685): PHPUnit\Framework\TestCase->run(Object(PHPUnit\Framework\TestResult))
#10 C:\laragon\www\ci4-books\vendor\phpunit\phpunit\src\Framework\TestSuite.php(685): PHPUnit\Framework\TestSuite->run(Object(PHPUnit\Framework\TestResult))
#11 C:\laragon\www\ci4-books\vendor\phpunit\phpunit\src\TextUI\TestRunner.php(651): PHPUnit\Framework\TestSuite->run(Object(PHPUnit\Framework\TestResult))
#12 C:\laragon\www\ci4-books\vendor\phpunit\phpunit\src\TextUI\Command.php(146): PHPUnit\TextUI\TestRunner->run(Object(PHPUnit\Framework\TestSuite), Array, Array, true)
#13 C:\laragon\www\ci4-books\vendor\phpunit\phpunit\src\TextUI\Command.php(99): PHPUnit\TextUI\Command->run(Array, true)
#14 phpvfscomposer://C:\laragon\www\ci4-books\vendor\phpunit\phpunit\phpunit(106): PHPUnit\TextUI\Command::main()
#15 C:\laragon\www\ci4-books\vendor\bin\phpunit(115): include('phpvfscomposer:...')
#16 {main}
ERROR - 2025-10-16 10:13:51 --> Error connecting to the database: Error: Class 'SQLite3' not found in C:\laragon\www\ci4-books\vendor\codeigniter4\framework\system\Database\SQLite3\Connection.php:89
Stack trace:
#0 C:\laragon\www\ci4-books\vendor\codeigniter4\framework\system\Database\BaseConnection.php(392): CodeIgniter\Database\SQLite3\Connection->connect(false)
#1 C:\laragon\www\ci4-books\vendor\codeigniter4\framework\system\Database\SQLite3\Connection.php(59): CodeIgniter\Database\BaseConnection->initialize()
#2 C:\laragon\www\ci4-books\vendor\codeigniter4\framework\system\Test\DatabaseTestTrait.php(80): CodeIgniter\Database\SQLite3\Connection->initialize()
#3 C:\laragon\www\ci4-books\vendor\codeigniter4\framework\system\Test\DatabaseTestTrait.php(56): Tests\Unit\BookControllerTest->loadDependencies()
#4 C:\laragon\www\ci4-books\vendor\codeigniter4\framework\system\Test\CIUnitTestCase.php(249): Tests\Unit\BookControllerTest->setUpDatabase()
#5 C:\laragon\www\ci4-books\tests\unit\BookControllerTest.php(26): CodeIgniter\Test\CIUnitTestCase->setUp()
#6 C:\laragon\www\ci4-books\vendor\phpunit\phpunit\src\Framework\TestCase.php(1216): Tests\Unit\BookControllerTest->setUp()
#7 C:\laragon\www\ci4-books\vendor\phpunit\phpunit\src\Framework\TestResult.php(729): PHPUnit\Framework\TestCase->runBare()
#8 C:\laragon\www\ci4-books\vendor\phpunit\phpunit\src\Framework\TestCase.php(973): PHPUnit\Framework\TestResult->run(Object(Tests\Unit\BookControllerTest))
#9 C:\laragon\www\ci4-books\vendor\phpunit\phpunit\src\Framework\TestSuite.php(685): PHPUnit\Framework\TestCase->run(Object(PHPUnit\Framework\TestResult))
#10 C:\laragon\www\ci4-books\vendor\phpunit\phpunit\src\Framework\TestSuite.php(685): PHPUnit\Framework\TestSuite->run(Object(PHPUnit\Framework\TestResult))
#11 C:\laragon\www\ci4-books\vendor\phpunit\phpunit\src\TextUI\TestRunner.php(651): PHPUnit\Framework\TestSuite->run(Object(PHPUnit\Framework\TestResult))
#12 C:\laragon\www\ci4-books\vendor\phpunit\phpunit\src\TextUI\Command.php(146): PHPUnit\TextUI\TestRunner->run(Object(PHPUnit\Framework\TestSuite), Array, Array, true)
#13 C:\laragon\www\ci4-books\vendor\phpunit\phpunit\src\TextUI\Command.php(99): PHPUnit\TextUI\Command->run(Array, true)
#14 phpvfscomposer://C:\laragon\www\ci4-books\vendor\phpunit\phpunit\phpunit(106): PHPUnit\TextUI\Command::main()
#15 C:\laragon\www\ci4-books\vendor\bin\phpunit(115): include('phpvfscomposer:...')
#16 {main}
ERROR - 2025-10-16 10:13:51 --> Error connecting to the database: Error: Class 'SQLite3' not found in C:\laragon\www\ci4-books\vendor\codeigniter4\framework\system\Database\SQLite3\Connection.php:89
Stack trace:
#0 C:\laragon\www\ci4-books\vendor\codeigniter4\framework\system\Database\BaseConnection.php(392): CodeIgniter\Database\SQLite3\Connection->connect(false)
#1 C:\laragon\www\ci4-books\vendor\codeigniter4\framework\system\Database\SQLite3\Connection.php(59): CodeIgniter\Database\BaseConnection->initialize()
#2 C:\laragon\www\ci4-books\vendor\codeigniter4\framework\system\Test\DatabaseTestTrait.php(80): CodeIgniter\Database\SQLite3\Connection->initialize()
#3 C:\laragon\www\ci4-books\vendor\codeigniter4\framework\system\Test\DatabaseTestTrait.php(56): Tests\Unit\BookControllerTest->loadDependencies()
#4 C:\laragon\www\ci4-books\vendor\codeigniter4\framework\system\Test\CIUnitTestCase.php(249): Tests\Unit\BookControllerTest->setUpDatabase()
#5 C:\laragon\www\ci4-books\tests\unit\BookControllerTest.php(26): CodeIgniter\Test\CIUnitTestCase->setUp()
#6 C:\laragon\www\ci4-books\vendor\phpunit\phpunit\src\Framework\TestCase.php(1216): Tests\Unit\BookControllerTest->setUp()
#7 C:\laragon\www\ci4-books\vendor\phpunit\phpunit\src\Framework\TestResult.php(729): PHPUnit\Framework\TestCase->runBare()
#8 C:\laragon\www\ci4-books\vendor\phpunit\phpunit\src\Framework\TestCase.php(973): PHPUnit\Framework\TestResult->run(Object(Tests\Unit\BookControllerTest))
#9 C:\laragon\www\ci4-books\vendor\phpunit\phpunit\src\Framework\TestSuite.php(685): PHPUnit\Framework\TestCase->run(Object(PHPUnit\Framework\TestResult))
#10 C:\laragon\www\ci4-books\vendor\phpunit\phpunit\src\Framework\TestSuite.php(685): PHPUnit\Framework\TestSuite->run(Object(PHPUnit\Framework\TestResult))
#11 C:\laragon\www\ci4-books\vendor\phpunit\phpunit\src\TextUI\TestRunner.php(651): PHPUnit\Framework\TestSuite->run(Object(PHPUnit\Framework\TestResult))
#12 C:\laragon\www\ci4-books\vendor\phpunit\phpunit\src\TextUI\Command.php(146): PHPUnit\TextUI\TestRunner->run(Object(PHPUnit\Framework\TestSuite), Array, Array, true)
#13 C:\laragon\www\ci4-books\vendor\phpunit\phpunit\src\TextUI\Command.php(99): PHPUnit\TextUI\Command->run(Array, true)
#14 phpvfscomposer://C:\laragon\www\ci4-books\vendor\phpunit\phpunit\phpunit(106): PHPUnit\TextUI\Command::main()
#15 C:\laragon\www\ci4-books\vendor\bin\phpunit(115): include('phpvfscomposer:...')
#16 {main}
ERROR - 2025-10-16 10:13:51 --> Error connecting to the database: Error: Class 'SQLite3' not found in C:\laragon\www\ci4-books\vendor\codeigniter4\framework\system\Database\SQLite3\Connection.php:89
Stack trace:
#0 C:\laragon\www\ci4-books\vendor\codeigniter4\framework\system\Database\BaseConnection.php(392): CodeIgniter\Database\SQLite3\Connection->connect(false)
#1 C:\laragon\www\ci4-books\vendor\codeigniter4\framework\system\Database\SQLite3\Connection.php(59): CodeIgniter\Database\BaseConnection->initialize()
#2 C:\laragon\www\ci4-books\vendor\codeigniter4\framework\system\Test\DatabaseTestTrait.php(80): CodeIgniter\Database\SQLite3\Connection->initialize()
#3 C:\laragon\www\ci4-books\vendor\codeigniter4\framework\system\Test\DatabaseTestTrait.php(56): Tests\Unit\BookModelTest->loadDependencies()
#4 C:\laragon\www\ci4-books\vendor\codeigniter4\framework\system\Test\CIUnitTestCase.php(249): Tests\Unit\BookModelTest->setUpDatabase()
#5 C:\laragon\www\ci4-books\tests\unit\BookModelTest.php(23): CodeIgniter\Test\CIUnitTestCase->setUp()
#6 C:\laragon\www\ci4-books\vendor\phpunit\phpunit\src\Framework\TestCase.php(1216): Tests\Unit\BookModelTest->setUp()
#7 C:\laragon\www\ci4-books\vendor\phpunit\phpunit\src\Framework\TestResult.php(729): PHPUnit\Framework\TestCase->runBare()
#8 C:\laragon\www\ci4-books\vendor\phpunit\phpunit\src\Framework\TestCase.php(973): PHPUnit\Framework\TestResult->run(Object(Tests\Unit\BookModelTest))
#9 C:\laragon\www\ci4-books\vendor\phpunit\phpunit\src\Framework\TestSuite.php(685): PHPUnit\Framework\TestCase->run(Object(PHPUnit\Framework\TestResult))
#10 C:\laragon\www\ci4-books\vendor\phpunit\phpunit\src\Framework\TestSuite.php(685): PHPUnit\Framework\TestSuite->run(Object(PHPUnit\Framework\TestResult))
#11 C:\laragon\www\ci4-books\vendor\phpunit\phpunit\src\TextUI\TestRunner.php(651): PHPUnit\Framework\TestSuite->run(Object(PHPUnit\Framework\TestResult))
#12 C:\laragon\www\ci4-books\vendor\phpunit\phpunit\src\TextUI\Command.php(146): PHPUnit\TextUI\TestRunner->run(Object(PHPUnit\Framework\TestSuite), Array, Array, true)
#13 C:\laragon\www\ci4-books\vendor\phpunit\phpunit\src\TextUI\Command.php(99): PHPUnit\TextUI\Command->run(Array, true)
#14 phpvfscomposer://C:\laragon\www\ci4-books\vendor\phpunit\phpunit\phpunit(106): PHPUnit\TextUI\Command::main()
#15 C:\laragon\www\ci4-books\vendor\bin\phpunit(115): include('phpvfscomposer:...')
#16 {main}
ERROR - 2025-10-16 10:13:51 --> Error connecting to the database: Error: Class 'SQLite3' not found in C:\laragon\www\ci4-books\vendor\codeigniter4\framework\system\Database\SQLite3\Connection.php:89
Stack trace:
#0 C:\laragon\www\ci4-books\vendor\codeigniter4\framework\system\Database\BaseConnection.php(392): CodeIgniter\Database\SQLite3\Connection->connect(false)
#1 C:\laragon\www\ci4-books\vendor\codeigniter4\framework\system\Database\SQLite3\Connection.php(59): CodeIgniter\Database\BaseConnection->initialize()
#2 C:\laragon\www\ci4-books\vendor\codeigniter4\framework\system\Test\DatabaseTestTrait.php(80): CodeIgniter\Database\SQLite3\Connection->initialize()
#3 C:\laragon\www\ci4-books\vendor\codeigniter4\framework\system\Test\DatabaseTestTrait.php(56): Tests\Unit\BookModelTest->loadDependencies()
#4 C:\laragon\www\ci4-books\vendor\codeigniter4\framework\system\Test\CIUnitTestCase.php(249): Tests\Unit\BookModelTest->setUpDatabase()
#5 C:\laragon\www\ci4-books\tests\unit\BookModelTest.php(23): CodeIgniter\Test\CIUnitTestCase->setUp()
#6 C:\laragon\www\ci4-books\vendor\phpunit\phpunit\src\Framework\TestCase.php(1216): Tests\Unit\BookModelTest->setUp()
#7 C:\laragon\www\ci4-books\vendor\phpunit\phpunit\src\Framework\TestResult.php(729): PHPUnit\Framework\TestCase->runBare()
#8 C:\laragon\www\ci4-books\vendor\phpunit\phpunit\src\Framework\TestCase.php(973): PHPUnit\Framework\TestResult->run(Object(Tests\Unit\BookModelTest))
#9 C:\laragon\www\ci4-books\vendor\phpunit\phpunit\src\Framework\TestSuite.php(685): PHPUnit\Framework\TestCase->run(Object(PHPUnit\Framework\TestResult))
#10 C:\laragon\www\ci4-books\vendor\phpunit\phpunit\src\Framework\TestSuite.php(685): PHPUnit\Framework\TestSuite->run(Object(PHPUnit\Framework\TestResult))
#11 C:\laragon\www\ci4-books\vendor\phpunit\phpunit\src\TextUI\TestRunner.php(651): PHPUnit\Framework\TestSuite->run(Object(PHPUnit\Framework\TestResult))
#12 C:\laragon\www\ci4-books\vendor\phpunit\phpunit\src\TextUI\Command.php(146): PHPUnit\TextUI\TestRunner->run(Object(PHPUnit\Framework\TestSuite), Array, Array, true)
#13 C:\laragon\www\ci4-books\vendor\phpunit\phpunit\src\TextUI\Command.php(99): PHPUnit\TextUI\Command->run(Array, true)
#14 phpvfscomposer://C:\laragon\www\ci4-books\vendor\phpunit\phpunit\phpunit(106): PHPUnit\TextUI\Command::main()
#15 C:\laragon\www\ci4-books\vendor\bin\phpunit(115): include('phpvfscomposer:...')
#16 {main}
ERROR - 2025-10-16 10:13:51 --> Error connecting to the database: Error: Class 'SQLite3' not found in C:\laragon\www\ci4-books\vendor\codeigniter4\framework\system\Database\SQLite3\Connection.php:89
Stack trace:
#0 C:\laragon\www\ci4-books\vendor\codeigniter4\framework\system\Database\BaseConnection.php(392): CodeIgniter\Database\SQLite3\Connection->connect(false)
#1 C:\laragon\www\ci4-books\vendor\codeigniter4\framework\system\Database\SQLite3\Connection.php(59): CodeIgniter\Database\BaseConnection->initialize()
#2 C:\laragon\www\ci4-books\vendor\codeigniter4\framework\system\Test\DatabaseTestTrait.php(80): CodeIgniter\Database\SQLite3\Connection->initialize()
#3 C:\laragon\www\ci4-books\vendor\codeigniter4\framework\system\Test\DatabaseTestTrait.php(56): Tests\Unit\BookModelTest->loadDependencies()
#4 C:\laragon\www\ci4-books\vendor\codeigniter4\framework\system\Test\CIUnitTestCase.php(249): Tests\Unit\BookModelTest->setUpDatabase()
#5 C:\laragon\www\ci4-books\tests\unit\BookModelTest.php(23): CodeIgniter\Test\CIUnitTestCase->setUp()
#6 C:\laragon\www\ci4-books\vendor\phpunit\phpunit\src\Framework\TestCase.php(1216): Tests\Unit\BookModelTest->setUp()
#7 C:\laragon\www\ci4-books\vendor\phpunit\phpunit\src\Framework\TestResult.php(729): PHPUnit\Framework\TestCase->runBare()
#8 C:\laragon\www\ci4-books\vendor\phpunit\phpunit\src\Framework\TestCase.php(973): PHPUnit\Framework\TestResult->run(Object(Tests\Unit\BookModelTest))
#9 C:\laragon\www\ci4-books\vendor\phpunit\phpunit\src\Framework\TestSuite.php(685): PHPUnit\Framework\TestCase->run(Object(PHPUnit\Framework\TestResult))
#10 C:\laragon\www\ci4-books\vendor\phpunit\phpunit\src\Framework\TestSuite.php(685): PHPUnit\Framework\TestSuite->run(Object(PHPUnit\Framework\TestResult))
#11 C:\laragon\www\ci4-books\vendor\phpunit\phpunit\src\TextUI\TestRunner.php(651): PHPUnit\Framework\TestSuite->run(Object(PHPUnit\Framework\TestResult))
#12 C:\laragon\www\ci4-books\vendor\phpunit\phpunit\src\TextUI\Command.php(146): PHPUnit\TextUI\TestRunner->run(Object(PHPUnit\Framework\TestSuite), Array, Array, true)
#13 C:\laragon\www\ci4-books\vendor\phpunit\phpunit\src\TextUI\Command.php(99): PHPUnit\TextUI\Command->run(Array, true)
#14 phpvfscomposer://C:\laragon\www\ci4-books\vendor\phpunit\phpunit\phpunit(106): PHPUnit\TextUI\Command::main()
#15 C:\laragon\www\ci4-books\vendor\bin\phpunit(115): include('phpvfscomposer:...')
#16 {main}
ERROR - 2025-10-16 10:13:51 --> Error connecting to the database: Error: Class 'SQLite3' not found in C:\laragon\www\ci4-books\vendor\codeigniter4\framework\system\Database\SQLite3\Connection.php:89
Stack trace:
#0 C:\laragon\www\ci4-books\vendor\codeigniter4\framework\system\Database\BaseConnection.php(392): CodeIgniter\Database\SQLite3\Connection->connect(false)
#1 C:\laragon\www\ci4-books\vendor\codeigniter4\framework\system\Database\SQLite3\Connection.php(59): CodeIgniter\Database\BaseConnection->initialize()
#2 C:\laragon\www\ci4-books\vendor\codeigniter4\framework\system\Test\DatabaseTestTrait.php(80): CodeIgniter\Database\SQLite3\Connection->initialize()
#3 C:\laragon\www\ci4-books\vendor\codeigniter4\framework\system\Test\DatabaseTestTrait.php(56): Tests\Unit\BookModelTest->loadDependencies()
#4 C:\laragon\www\ci4-books\vendor\codeigniter4\framework\system\Test\CIUnitTestCase.php(249): Tests\Unit\BookModelTest->setUpDatabase()
#5 C:\laragon\www\ci4-books\tests\unit\BookModelTest.php(23): CodeIgniter\Test\CIUnitTestCase->setUp()
#6 C:\laragon\www\ci4-books\vendor\phpunit\phpunit\src\Framework\TestCase.php(1216): Tests\Unit\BookModelTest->setUp()
#7 C:\laragon\www\ci4-books\vendor\phpunit\phpunit\src\Framework\TestResult.php(729): PHPUnit\Framework\TestCase->runBare()
#8 C:\laragon\www\ci4-books\vendor\phpunit\phpunit\src\Framework\TestCase.php(973): PHPUnit\Framework\TestResult->run(Object(Tests\Unit\BookModelTest))
#9 C:\laragon\www\ci4-books\vendor\phpunit\phpunit\src\Framework\TestSuite.php(685): PHPUnit\Framework\TestCase->run(Object(PHPUnit\Framework\TestResult))
#10 C:\laragon\www\ci4-books\vendor\phpunit\phpunit\src\Framework\TestSuite.php(685): PHPUnit\Framework\TestSuite->run(Object(PHPUnit\Framework\TestResult))
#11 C:\laragon\www\ci4-books\vendor\phpunit\phpunit\src\TextUI\TestRunner.php(651): PHPUnit\Framework\TestSuite->run(Object(PHPUnit\Framework\TestResult))
#12 C:\laragon\www\ci4-books\vendor\phpunit\phpunit\src\TextUI\Command.php(146): PHPUnit\TextUI\TestRunner->run(Object(PHPUnit\Framework\TestSuite), Array, Array, true)
#13 C:\laragon\www\ci4-books\vendor\phpunit\phpunit\src\TextUI\Command.php(99): PHPUnit\TextUI\Command->run(Array, true)
#14 phpvfscomposer://C:\laragon\www\ci4-books\vendor\phpunit\phpunit\phpunit(106): PHPUnit\TextUI\Command::main()
#15 C:\laragon\www\ci4-books\vendor\bin\phpunit(115): include('phpvfscomposer:...')
#16 {main}
ERROR - 2025-10-16 10:13:51 --> Error connecting to the database: Error: Class 'SQLite3' not found in C:\laragon\www\ci4-books\vendor\codeigniter4\framework\system\Database\SQLite3\Connection.php:89
Stack trace:
#0 C:\laragon\www\ci4-books\vendor\codeigniter4\framework\system\Database\BaseConnection.php(392): CodeIgniter\Database\SQLite3\Connection->connect(false)
#1 C:\laragon\www\ci4-books\vendor\codeigniter4\framework\system\Database\SQLite3\Connection.php(59): CodeIgniter\Database\BaseConnection->initialize()
#2 C:\laragon\www\ci4-books\vendor\codeigniter4\framework\system\Test\DatabaseTestTrait.php(80): CodeIgniter\Database\SQLite3\Connection->initialize()
#3 C:\laragon\www\ci4-books\vendor\codeigniter4\framework\system\Test\DatabaseTestTrait.php(56): Tests\Unit\BookModelTest->loadDependencies()
#4 C:\laragon\www\ci4-books\vendor\codeigniter4\framework\system\Test\CIUnitTestCase.php(249): Tests\Unit\BookModelTest->setUpDatabase()
#5 C:\laragon\www\ci4-books\tests\unit\BookModelTest.php(23): CodeIgniter\Test\CIUnitTestCase->setUp()
#6 C:\laragon\www\ci4-books\vendor\phpunit\phpunit\src\Framework\TestCase.php(1216): Tests\Unit\BookModelTest->setUp()
#7 C:\laragon\www\ci4-books\vendor\phpunit\phpunit\src\Framework\TestResult.php(729): PHPUnit\Framework\TestCase->runBare()
#8 C:\laragon\www\ci4-books\vendor\phpunit\phpunit\src\Framework\TestCase.php(973): PHPUnit\Framework\TestResult->run(Object(Tests\Unit\BookModelTest))
#9 C:\laragon\www\ci4-books\vendor\phpunit\phpunit\src\Framework\TestSuite.php(685): PHPUnit\Framework\TestCase->run(Object(PHPUnit\Framework\TestResult))
#10 C:\laragon\www\ci4-books\vendor\phpunit\phpunit\src\Framework\TestSuite.php(685): PHPUnit\Framework\TestSuite->run(Object(PHPUnit\Framework\TestResult))
#11 C:\laragon\www\ci4-books\vendor\phpunit\phpunit\src\TextUI\TestRunner.php(651): PHPUnit\Framework\TestSuite->run(Object(PHPUnit\Framework\TestResult))
#12 C:\laragon\www\ci4-books\vendor\phpunit\phpunit\src\TextUI\Command.php(146): PHPUnit\TextUI\TestRunner->run(Object(PHPUnit\Framework\TestSuite), Array, Array, true)
#13 C:\laragon\www\ci4-books\vendor\phpunit\phpunit\src\TextUI\Command.php(99): PHPUnit\TextUI\Command->run(Array, true)
#14 phpvfscomposer://C:\laragon\www\ci4-books\vendor\phpunit\phpunit\phpunit(106): PHPUnit\TextUI\Command::main()
#15 C:\laragon\www\ci4-books\vendor\bin\phpunit(115): include('phpvfscomposer:...')
#16 {main}
ERROR - 2025-10-16 10:13:51 --> Error connecting to the database: Error: Class 'SQLite3' not found in C:\laragon\www\ci4-books\vendor\codeigniter4\framework\system\Database\SQLite3\Connection.php:89
Stack trace:
#0 C:\laragon\www\ci4-books\vendor\codeigniter4\framework\system\Database\BaseConnection.php(392): CodeIgniter\Database\SQLite3\Connection->connect(false)
#1 C:\laragon\www\ci4-books\vendor\codeigniter4\framework\system\Database\SQLite3\Connection.php(59): CodeIgniter\Database\BaseConnection->initialize()
#2 C:\laragon\www\ci4-books\vendor\codeigniter4\framework\system\Test\DatabaseTestTrait.php(80): CodeIgniter\Database\SQLite3\Connection->initialize()
#3 C:\laragon\www\ci4-books\vendor\codeigniter4\framework\system\Test\DatabaseTestTrait.php(56): Tests\Unit\BookModelTest->loadDependencies()
#4 C:\laragon\www\ci4-books\vendor\codeigniter4\framework\system\Test\CIUnitTestCase.php(249): Tests\Unit\BookModelTest->setUpDatabase()
#5 C:\laragon\www\ci4-books\tests\unit\BookModelTest.php(23): CodeIgniter\Test\CIUnitTestCase->setUp()
#6 C:\laragon\www\ci4-books\vendor\phpunit\phpunit\src\Framework\TestCase.php(1216): Tests\Unit\BookModelTest->setUp()
#7 C:\laragon\www\ci4-books\vendor\phpunit\phpunit\src\Framework\TestResult.php(729): PHPUnit\Framework\TestCase->runBare()
#8 C:\laragon\www\ci4-books\vendor\phpunit\phpunit\src\Framework\TestCase.php(973): PHPUnit\Framework\TestResult->run(Object(Tests\Unit\BookModelTest))
#9 C:\laragon\www\ci4-books\vendor\phpunit\phpunit\src\Framework\TestSuite.php(685): PHPUnit\Framework\TestCase->run(Object(PHPUnit\Framework\TestResult))
#10 C:\laragon\www\ci4-books\vendor\phpunit\phpunit\src\Framework\TestSuite.php(685): PHPUnit\Framework\TestSuite->run(Object(PHPUnit\Framework\TestResult))
#11 C:\laragon\www\ci4-books\vendor\phpunit\phpunit\src\TextUI\TestRunner.php(651): PHPUnit\Framework\TestSuite->run(Object(PHPUnit\Framework\TestResult))
#12 C:\laragon\www\ci4-books\vendor\phpunit\phpunit\src\TextUI\Command.php(146): PHPUnit\TextUI\TestRunner->run(Object(PHPUnit\Framework\TestSuite), Array, Array, true)
#13 C:\laragon\www\ci4-books\vendor\phpunit\phpunit\src\TextUI\Command.php(99): PHPUnit\TextUI\Command->run(Array, true)
#14 phpvfscomposer://C:\laragon\www\ci4-books\vendor\phpunit\phpunit\phpunit(106): PHPUnit\TextUI\Command::main()
#15 C:\laragon\www\ci4-books\vendor\bin\phpunit(115): include('phpvfscomposer:...')
#16 {main}
ERROR - 2025-10-16 10:13:51 --> Error connecting to the database: Error: Class 'SQLite3' not found in C:\laragon\www\ci4-books\vendor\codeigniter4\framework\system\Database\SQLite3\Connection.php:89
Stack trace:
#0 C:\laragon\www\ci4-books\vendor\codeigniter4\framework\system\Database\BaseConnection.php(392): CodeIgniter\Database\SQLite3\Connection->connect(false)
#1 C:\laragon\www\ci4-books\vendor\codeigniter4\framework\system\Database\SQLite3\Connection.php(59): CodeIgniter\Database\BaseConnection->initialize()
#2 C:\laragon\www\ci4-books\vendor\codeigniter4\framework\system\Test\DatabaseTestTrait.php(80): CodeIgniter\Database\SQLite3\Connection->initialize()
#3 C:\laragon\www\ci4-books\vendor\codeigniter4\framework\system\Test\DatabaseTestTrait.php(56): Tests\Unit\BookModelTest->loadDependencies()
#4 C:\laragon\www\ci4-books\vendor\codeigniter4\framework\system\Test\CIUnitTestCase.php(249): Tests\Unit\BookModelTest->setUpDatabase()
#5 C:\laragon\www\ci4-books\tests\unit\BookModelTest.php(23): CodeIgniter\Test\CIUnitTestCase->setUp()
#6 C:\laragon\www\ci4-books\vendor\phpunit\phpunit\src\Framework\TestCase.php(1216): Tests\Unit\BookModelTest->setUp()
#7 C:\laragon\www\ci4-books\vendor\phpunit\phpunit\src\Framework\TestResult.php(729): PHPUnit\Framework\TestCase->runBare()
#8 C:\laragon\www\ci4-books\vendor\phpunit\phpunit\src\Framework\TestCase.php(973): PHPUnit\Framework\TestResult->run(Object(Tests\Unit\BookModelTest))
#9 C:\laragon\www\ci4-books\vendor\phpunit\phpunit\src\Framework\TestSuite.php(685): PHPUnit\Framework\TestCase->run(Object(PHPUnit\Framework\TestResult))
#10 C:\laragon\www\ci4-books\vendor\phpunit\phpunit\src\Framework\TestSuite.php(685): PHPUnit\Framework\TestSuite->run(Object(PHPUnit\Framework\TestResult))
#11 C:\laragon\www\ci4-books\vendor\phpunit\phpunit\src\TextUI\TestRunner.php(651): PHPUnit\Framework\TestSuite->run(Object(PHPUnit\Framework\TestResult))
#12 C:\laragon\www\ci4-books\vendor\phpunit\phpunit\src\TextUI\Command.php(146): PHPUnit\TextUI\TestRunner->run(Object(PHPUnit\Framework\TestSuite), Array, Array, true)
#13 C:\laragon\www\ci4-books\vendor\phpunit\phpunit\src\TextUI\Command.php(99): PHPUnit\TextUI\Command->run(Array, true)
#14 phpvfscomposer://C:\laragon\www\ci4-books\vendor\phpunit\phpunit\phpunit(106): PHPUnit\TextUI\Command::main()
#15 C:\laragon\www\ci4-books\vendor\bin\phpunit(115): include('phpvfscomposer:...')
#16 {main}
ERROR - 2025-10-16 10:13:51 --> Error connecting to the database: Error: Class 'SQLite3' not found in C:\laragon\www\ci4-books\vendor\codeigniter4\framework\system\Database\SQLite3\Connection.php:89
Stack trace:
#0 C:\laragon\www\ci4-books\vendor\codeigniter4\framework\system\Database\BaseConnection.php(392): CodeIgniter\Database\SQLite3\Connection->connect(false)
#1 C:\laragon\www\ci4-books\vendor\codeigniter4\framework\system\Database\SQLite3\Connection.php(59): CodeIgniter\Database\BaseConnection->initialize()
#2 C:\laragon\www\ci4-books\vendor\codeigniter4\framework\system\Test\DatabaseTestTrait.php(80): CodeIgniter\Database\SQLite3\Connection->initialize()
#3 C:\laragon\www\ci4-books\vendor\codeigniter4\framework\system\Test\DatabaseTestTrait.php(56): Tests\Unit\BookModelTest->loadDependencies()
#4 C:\laragon\www\ci4-books\vendor\codeigniter4\framework\system\Test\CIUnitTestCase.php(249): Tests\Unit\BookModelTest->setUpDatabase()
#5 C:\laragon\www\ci4-books\tests\unit\BookModelTest.php(23): CodeIgniter\Test\CIUnitTestCase->setUp()
#6 C:\laragon\www\ci4-books\vendor\phpunit\phpunit\src\Framework\TestCase.php(1216): Tests\Unit\BookModelTest->setUp()
#7 C:\laragon\www\ci4-books\vendor\phpunit\phpunit\src\Framework\TestResult.php(729): PHPUnit\Framework\TestCase->runBare()
#8 C:\laragon\www\ci4-books\vendor\phpunit\phpunit\src\Framework\TestCase.php(973): PHPUnit\Framework\TestResult->run(Object(Tests\Unit\BookModelTest))
#9 C:\laragon\www\ci4-books\vendor\phpunit\phpunit\src\Framework\TestSuite.php(685): PHPUnit\Framework\TestCase->run(Object(PHPUnit\Framework\TestResult))
#10 C:\laragon\www\ci4-books\vendor\phpunit\phpunit\src\Framework\TestSuite.php(685): PHPUnit\Framework\TestSuite->run(Object(PHPUnit\Framework\TestResult))
#11 C:\laragon\www\ci4-books\vendor\phpunit\phpunit\src\TextUI\TestRunner.php(651): PHPUnit\Framework\TestSuite->run(Object(PHPUnit\Framework\TestResult))
#12 C:\laragon\www\ci4-books\vendor\phpunit\phpunit\src\TextUI\Command.php(146): PHPUnit\TextUI\TestRunner->run(Object(PHPUnit\Framework\TestSuite), Array, Array, true)
#13 C:\laragon\www\ci4-books\vendor\phpunit\phpunit\src\TextUI\Command.php(99): PHPUnit\TextUI\Command->run(Array, true)
#14 phpvfscomposer://C:\laragon\www\ci4-books\vendor\phpunit\phpunit\phpunit(106): PHPUnit\TextUI\Command::main()
#15 C:\laragon\www\ci4-books\vendor\bin\phpunit(115): include('phpvfscomposer:...')
#16 {main}
ERROR - 2025-10-16 10:13:51 --> Error connecting to the database: Error: Class 'SQLite3' not found in C:\laragon\www\ci4-books\vendor\codeigniter4\framework\system\Database\SQLite3\Connection.php:89
Stack trace:
#0 C:\laragon\www\ci4-books\vendor\codeigniter4\framework\system\Database\BaseConnection.php(392): CodeIgniter\Database\SQLite3\Connection->connect(false)
#1 C:\laragon\www\ci4-books\vendor\codeigniter4\framework\system\Database\SQLite3\Connection.php(59): CodeIgniter\Database\BaseConnection->initialize()
#2 C:\laragon\www\ci4-books\vendor\codeigniter4\framework\system\Test\DatabaseTestTrait.php(80): CodeIgniter\Database\SQLite3\Connection->initialize()
#3 C:\laragon\www\ci4-books\vendor\codeigniter4\framework\system\Test\DatabaseTestTrait.php(56): Tests\Unit\BookModelTest->loadDependencies()
#4 C:\laragon\www\ci4-books\vendor\codeigniter4\framework\system\Test\CIUnitTestCase.php(249): Tests\Unit\BookModelTest->setUpDatabase()
#5 C:\laragon\www\ci4-books\tests\unit\BookModelTest.php(23): CodeIgniter\Test\CIUnitTestCase->setUp()
#6 C:\laragon\www\ci4-books\vendor\phpunit\phpunit\src\Framework\TestCase.php(1216): Tests\Unit\BookModelTest->setUp()
#7 C:\laragon\www\ci4-books\vendor\phpunit\phpunit\src\Framework\TestResult.php(729): PHPUnit\Framework\TestCase->runBare()
#8 C:\laragon\www\ci4-books\vendor\phpunit\phpunit\src\Framework\TestCase.php(973): PHPUnit\Framework\TestResult->run(Object(Tests\Unit\BookModelTest))
#9 C:\laragon\www\ci4-books\vendor\phpunit\phpunit\src\Framework\TestSuite.php(685): PHPUnit\Framework\TestCase->run(Object(PHPUnit\Framework\TestResult))
#10 C:\laragon\www\ci4-books\vendor\phpunit\phpunit\src\Framework\TestSuite.php(685): PHPUnit\Framework\TestSuite->run(Object(PHPUnit\Framework\TestResult))
#11 C:\laragon\www\ci4-books\vendor\phpunit\phpunit\src\TextUI\TestRunner.php(651): PHPUnit\Framework\TestSuite->run(Object(PHPUnit\Framework\TestResult))
#12 C:\laragon\www\ci4-books\vendor\phpunit\phpunit\src\TextUI\Command.php(146): PHPUnit\TextUI\TestRunner->run(Object(PHPUnit\Framework\TestSuite), Array, Array, true)
#13 C:\laragon\www\ci4-books\vendor\phpunit\phpunit\src\TextUI\Command.php(99): PHPUnit\TextUI\Command->run(Array, true)
#14 phpvfscomposer://C:\laragon\www\ci4-books\vendor\phpunit\phpunit\phpunit(106): PHPUnit\TextUI\Command::main()
#15 C:\laragon\www\ci4-books\vendor\bin\phpunit(115): include('phpvfscomposer:...')
#16 {main}
ERROR - 2025-10-16 10:13:51 --> Error connecting to the database: Error: Class 'SQLite3' not found in C:\laragon\www\ci4-books\vendor\codeigniter4\framework\system\Database\SQLite3\Connection.php:89
Stack trace:
#0 C:\laragon\www\ci4-books\vendor\codeigniter4\framework\system\Database\BaseConnection.php(392): CodeIgniter\Database\SQLite3\Connection->connect(false)
#1 C:\laragon\www\ci4-books\vendor\codeigniter4\framework\system\Database\SQLite3\Connection.php(59): CodeIgniter\Database\BaseConnection->initialize()
#2 C:\laragon\www\ci4-books\vendor\codeigniter4\framework\system\Test\DatabaseTestTrait.php(80): CodeIgniter\Database\SQLite3\Connection->initialize()
#3 C:\laragon\www\ci4-books\vendor\codeigniter4\framework\system\Test\DatabaseTestTrait.php(56): Tests\Unit\BookModelTest->loadDependencies()
#4 C:\laragon\www\ci4-books\vendor\codeigniter4\framework\system\Test\CIUnitTestCase.php(249): Tests\Unit\BookModelTest->setUpDatabase()
#5 C:\laragon\www\ci4-books\tests\unit\BookModelTest.php(23): CodeIgniter\Test\CIUnitTestCase->setUp()
#6 C:\laragon\www\ci4-books\vendor\phpunit\phpunit\src\Framework\TestCase.php(1216): Tests\Unit\BookModelTest->setUp()
#7 C:\laragon\www\ci4-books\vendor\phpunit\phpunit\src\Framework\TestResult.php(729): PHPUnit\Framework\TestCase->runBare()
#8 C:\laragon\www\ci4-books\vendor\phpunit\phpunit\src\Framework\TestCase.php(973): PHPUnit\Framework\TestResult->run(Object(Tests\Unit\BookModelTest))
#9 C:\laragon\www\ci4-books\vendor\phpunit\phpunit\src\Framework\TestSuite.php(685): PHPUnit\Framework\TestCase->run(Object(PHPUnit\Framework\TestResult))
#10 C:\laragon\www\ci4-books\vendor\phpunit\phpunit\src\Framework\TestSuite.php(685): PHPUnit\Framework\TestSuite->run(Object(PHPUnit\Framework\TestResult))
#11 C:\laragon\www\ci4-books\vendor\phpunit\phpunit\src\TextUI\TestRunner.php(651): PHPUnit\Framework\TestSuite->run(Object(PHPUnit\Framework\TestResult))
#12 C:\laragon\www\ci4-books\vendor\phpunit\phpunit\src\TextUI\Command.php(146): PHPUnit\TextUI\TestRunner->run(Object(PHPUnit\Framework\TestSuite), Array, Array, true)
#13 C:\laragon\www\ci4-books\vendor\phpunit\phpunit\src\TextUI\Command.php(99): PHPUnit\TextUI\Command->run(Array, true)
#14 phpvfscomposer://C:\laragon\www\ci4-books\vendor\phpunit\phpunit\phpunit(106): PHPUnit\TextUI\Command::main()
#15 C:\laragon\www\ci4-books\vendor\bin\phpunit(115): include('phpvfscomposer:...')
#16 {main}
ERROR - 2025-10-16 10:13:51 --> Error connecting to the database: Error: Class 'SQLite3' not found in C:\laragon\www\ci4-books\vendor\codeigniter4\framework\system\Database\SQLite3\Connection.php:89
Stack trace:
#0 C:\laragon\www\ci4-books\vendor\codeigniter4\framework\system\Database\BaseConnection.php(392): CodeIgniter\Database\SQLite3\Connection->connect(false)
#1 C:\laragon\www\ci4-books\vendor\codeigniter4\framework\system\Database\SQLite3\Connection.php(59): CodeIgniter\Database\BaseConnection->initialize()
#2 C:\laragon\www\ci4-books\vendor\codeigniter4\framework\system\Test\DatabaseTestTrait.php(80): CodeIgniter\Database\SQLite3\Connection->initialize()
#3 C:\laragon\www\ci4-books\vendor\codeigniter4\framework\system\Test\DatabaseTestTrait.php(56): Tests\Unit\BookModelTest->loadDependencies()
#4 C:\laragon\www\ci4-books\vendor\codeigniter4\framework\system\Test\CIUnitTestCase.php(249): Tests\Unit\BookModelTest->setUpDatabase()
#5 C:\laragon\www\ci4-books\tests\unit\BookModelTest.php(23): CodeIgniter\Test\CIUnitTestCase->setUp()
#6 C:\laragon\www\ci4-books\vendor\phpunit\phpunit\src\Framework\TestCase.php(1216): Tests\Unit\BookModelTest->setUp()
#7 C:\laragon\www\ci4-books\vendor\phpunit\phpunit\src\Framework\TestResult.php(729): PHPUnit\Framework\TestCase->runBare()
#8 C:\laragon\www\ci4-books\vendor\phpunit\phpunit\src\Framework\TestCase.php(973): PHPUnit\Framework\TestResult->run(Object(Tests\Unit\BookModelTest))
#9 C:\laragon\www\ci4-books\vendor\phpunit\phpunit\src\Framework\TestSuite.php(685): PHPUnit\Framework\TestCase->run(Object(PHPUnit\Framework\TestResult))
#10 C:\laragon\www\ci4-books\vendor\phpunit\phpunit\src\Framework\TestSuite.php(685): PHPUnit\Framework\TestSuite->run(Object(PHPUnit\Framework\TestResult))
#11 C:\laragon\www\ci4-books\vendor\phpunit\phpunit\src\TextUI\TestRunner.php(651): PHPUnit\Framework\TestSuite->run(Object(PHPUnit\Framework\TestResult))
#12 C:\laragon\www\ci4-books\vendor\phpunit\phpunit\src\TextUI\Command.php(146): PHPUnit\TextUI\TestRunner->run(Object(PHPUnit\Framework\TestSuite), Array, Array, true)
#13 C:\laragon\www\ci4-books\vendor\phpunit\phpunit\src\TextUI\Command.php(99): PHPUnit\TextUI\Command->run(Array, true)
#14 phpvfscomposer://C:\laragon\www\ci4-books\vendor\phpunit\phpunit\phpunit(106): PHPUnit\TextUI\Command::main()
#15 C:\laragon\www\ci4-books\vendor\bin\phpunit(115): include('phpvfscomposer:...')
#16 {main}
ERROR - 2025-10-16 10:13:51 --> Error connecting to the database: Error: Class 'SQLite3' not found in C:\laragon\www\ci4-books\vendor\codeigniter4\framework\system\Database\SQLite3\Connection.php:89
Stack trace:
#0 C:\laragon\www\ci4-books\vendor\codeigniter4\framework\system\Database\BaseConnection.php(392): CodeIgniter\Database\SQLite3\Connection->connect(false)
#1 C:\laragon\www\ci4-books\vendor\codeigniter4\framework\system\Database\SQLite3\Connection.php(59): CodeIgniter\Database\BaseConnection->initialize()
#2 C:\laragon\www\ci4-books\vendor\codeigniter4\framework\system\Test\DatabaseTestTrait.php(80): CodeIgniter\Database\SQLite3\Connection->initialize()
#3 C:\laragon\www\ci4-books\vendor\codeigniter4\framework\system\Test\DatabaseTestTrait.php(56): Tests\Unit\ReportControllerTest->loadDependencies()
#4 C:\laragon\www\ci4-books\vendor\codeigniter4\framework\system\Test\CIUnitTestCase.php(249): Tests\Unit\ReportControllerTest->setUpDatabase()
#5 C:\laragon\www\ci4-books\tests\unit\ReportControllerTest.php(23): CodeIgniter\Test\CIUnitTestCase->setUp()
#6 C:\laragon\www\ci4-books\vendor\phpunit\phpunit\src\Framework\TestCase.php(1216): Tests\Unit\ReportControllerTest->setUp()
#7 C:\laragon\www\ci4-books\vendor\phpunit\phpunit\src\Framework\TestResult.php(729): PHPUnit\Framework\TestCase->runBare()
#8 C:\laragon\www\ci4-books\vendor\phpunit\phpunit\src\Framework\TestCase.php(973): PHPUnit\Framework\TestResult->run(Object(Tests\Unit\ReportControllerTest))
#9 C:\laragon\www\ci4-books\vendor\phpunit\phpunit\src\Framework\TestSuite.php(685): PHPUnit\Framework\TestCase->run(Object(PHPUnit\Framework\TestResult))
#10 C:\laragon\www\ci4-books\vendor\phpunit\phpunit\src\Framework\TestSuite.php(685): PHPUnit\Framework\TestSuite->run(Object(PHPUnit\Framework\TestResult))
#11 C:\laragon\www\ci4-books\vendor\phpunit\phpunit\src\TextUI\TestRunner.php(651): PHPUnit\Framework\TestSuite->run(Object(PHPUnit\Framework\TestResult))
#12 C:\laragon\www\ci4-books\vendor\phpunit\phpunit\src\TextUI\Command.php(146): PHPUnit\TextUI\TestRunner->run(Object(PHPUnit\Framework\TestSuite), Array, Array, true)
#13 C:\laragon\www\ci4-books\vendor\phpunit\phpunit\src\TextUI\Command.php(99): PHPUnit\TextUI\Command->run(Array, true)
#14 phpvfscomposer://C:\laragon\www\ci4-books\vendor\phpunit\phpunit\phpunit(106): PHPUnit\TextUI\Command::main()
#15 C:\laragon\www\ci4-books\vendor\bin\phpunit(115): include('phpvfscomposer:...')
#16 {main}
ERROR - 2025-10-16 10:13:51 --> Error connecting to the database: Error: Class 'SQLite3' not found in C:\laragon\www\ci4-books\vendor\codeigniter4\framework\system\Database\SQLite3\Connection.php:89
Stack trace:
#0 C:\laragon\www\ci4-books\vendor\codeigniter4\framework\system\Database\BaseConnection.php(392): CodeIgniter\Database\SQLite3\Connection->connect(false)
#1 C:\laragon\www\ci4-books\vendor\codeigniter4\framework\system\Database\SQLite3\Connection.php(59): CodeIgniter\Database\BaseConnection->initialize()
#2 C:\laragon\www\ci4-books\vendor\codeigniter4\framework\system\Test\DatabaseTestTrait.php(80): CodeIgniter\Database\SQLite3\Connection->initialize()
#3 C:\laragon\www\ci4-books\vendor\codeigniter4\framework\system\Test\DatabaseTestTrait.php(56): Tests\Unit\ReportControllerTest->loadDependencies()
#4 C:\laragon\www\ci4-books\vendor\codeigniter4\framework\system\Test\CIUnitTestCase.php(249): Tests\Unit\ReportControllerTest->setUpDatabase()
#5 C:\laragon\www\ci4-books\tests\unit\ReportControllerTest.php(23): CodeIgniter\Test\CIUnitTestCase->setUp()
#6 C:\laragon\www\ci4-books\vendor\phpunit\phpunit\src\Framework\TestCase.php(1216): Tests\Unit\ReportControllerTest->setUp()
#7 C:\laragon\www\ci4-books\vendor\phpunit\phpunit\src\Framework\TestResult.php(729): PHPUnit\Framework\TestCase->runBare()
#8 C:\laragon\www\ci4-books\vendor\phpunit\phpunit\src\Framework\TestCase.php(973): PHPUnit\Framework\TestResult->run(Object(Tests\Unit\ReportControllerTest))
#9 C:\laragon\www\ci4-books\vendor\phpunit\phpunit\src\Framework\TestSuite.php(685): PHPUnit\Framework\TestCase->run(Object(PHPUnit\Framework\TestResult))
#10 C:\laragon\www\ci4-books\vendor\phpunit\phpunit\src\Framework\TestSuite.php(685): PHPUnit\Framework\TestSuite->run(Object(PHPUnit\Framework\TestResult))
#11 C:\laragon\www\ci4-books\vendor\phpunit\phpunit\src\TextUI\TestRunner.php(651): PHPUnit\Framework\TestSuite->run(Object(PHPUnit\Framework\TestResult))
#12 C:\laragon\www\ci4-books\vendor\phpunit\phpunit\src\TextUI\Command.php(146): PHPUnit\TextUI\TestRunner->run(Object(PHPUnit\Framework\TestSuite), Array, Array, true)
#13 C:\laragon\www\ci4-books\vendor\phpunit\phpunit\src\TextUI\Command.php(99): PHPUnit\TextUI\Command->run(Array, true)
#14 phpvfscomposer://C:\laragon\www\ci4-books\vendor\phpunit\phpunit\phpunit(106): PHPUnit\TextUI\Command::main()
#15 C:\laragon\www\ci4-books\vendor\bin\phpunit(115): include('phpvfscomposer:...')
#16 {main}
ERROR - 2025-10-16 10:13:51 --> Error connecting to the database: Error: Class 'SQLite3' not found in C:\laragon\www\ci4-books\vendor\codeigniter4\framework\system\Database\SQLite3\Connection.php:89
Stack trace:
#0 C:\laragon\www\ci4-books\vendor\codeigniter4\framework\system\Database\BaseConnection.php(392): CodeIgniter\Database\SQLite3\Connection->connect(false)
#1 C:\laragon\www\ci4-books\vendor\codeigniter4\framework\system\Database\SQLite3\Connection.php(59): CodeIgniter\Database\BaseConnection->initialize()
#2 C:\laragon\www\ci4-books\vendor\codeigniter4\framework\system\Test\DatabaseTestTrait.php(80): CodeIgniter\Database\SQLite3\Connection->initialize()
#3 C:\laragon\www\ci4-books\vendor\codeigniter4\framework\system\Test\DatabaseTestTrait.php(56): Tests\Unit\ReportControllerTest->loadDependencies()
#4 C:\laragon\www\ci4-books\vendor\codeigniter4\framework\system\Test\CIUnitTestCase.php(249): Tests\Unit\ReportControllerTest->setUpDatabase()
#5 C:\laragon\www\ci4-books\tests\unit\ReportControllerTest.php(23): CodeIgniter\Test\CIUnitTestCase->setUp()
#6 C:\laragon\www\ci4-books\vendor\phpunit\phpunit\src\Framework\TestCase.php(1216): Tests\Unit\ReportControllerTest->setUp()
#7 C:\laragon\www\ci4-books\vendor\phpunit\phpunit\src\Framework\TestResult.php(729): PHPUnit\Framework\TestCase->runBare()
#8 C:\laragon\www\ci4-books\vendor\phpunit\phpunit\src\Framework\TestCase.php(973): PHPUnit\Framework\TestResult->run(Object(Tests\Unit\ReportControllerTest))
#9 C:\laragon\www\ci4-books\vendor\phpunit\phpunit\src\Framework\TestSuite.php(685): PHPUnit\Framework\TestCase->run(Object(PHPUnit\Framework\TestResult))
#10 C:\laragon\www\ci4-books\vendor\phpunit\phpunit\src\Framework\TestSuite.php(685): PHPUnit\Framework\TestSuite->run(Object(PHPUnit\Framework\TestResult))
#11 C:\laragon\www\ci4-books\vendor\phpunit\phpunit\src\TextUI\TestRunner.php(651): PHPUnit\Framework\TestSuite->run(Object(PHPUnit\Framework\TestResult))
#12 C:\laragon\www\ci4-books\vendor\phpunit\phpunit\src\TextUI\Command.php(146): PHPUnit\TextUI\TestRunner->run(Object(PHPUnit\Framework\TestSuite), Array, Array, true)
#13 C:\laragon\www\ci4-books\vendor\phpunit\phpunit\src\TextUI\Command.php(99): PHPUnit\TextUI\Command->run(Array, true)
#14 phpvfscomposer://C:\laragon\www\ci4-books\vendor\phpunit\phpunit\phpunit(106): PHPUnit\TextUI\Command::main()
#15 C:\laragon\www\ci4-books\vendor\bin\phpunit(115): include('phpvfscomposer:...')
#16 {main}
ERROR - 2025-10-16 10:13:51 --> Error connecting to the database: Error: Class 'SQLite3' not found in C:\laragon\www\ci4-books\vendor\codeigniter4\framework\system\Database\SQLite3\Connection.php:89
Stack trace:
#0 C:\laragon\www\ci4-books\vendor\codeigniter4\framework\system\Database\BaseConnection.php(392): CodeIgniter\Database\SQLite3\Connection->connect(false)
#1 C:\laragon\www\ci4-books\vendor\codeigniter4\framework\system\Database\SQLite3\Connection.php(59): CodeIgniter\Database\BaseConnection->initialize()
#2 C:\laragon\www\ci4-books\vendor\codeigniter4\framework\system\Test\DatabaseTestTrait.php(80): CodeIgniter\Database\SQLite3\Connection->initialize()
#3 C:\laragon\www\ci4-books\vendor\codeigniter4\framework\system\Test\DatabaseTestTrait.php(56): Tests\Unit\SubjectControllerTest->loadDependencies()
#4 C:\laragon\www\ci4-books\vendor\codeigniter4\framework\system\Test\CIUnitTestCase.php(249): Tests\Unit\SubjectControllerTest->setUpDatabase()
#5 C:\laragon\www\ci4-books\tests\unit\SubjectControllerTest.php(24): CodeIgniter\Test\CIUnitTestCase->setUp()
#6 C:\laragon\www\ci4-books\vendor\phpunit\phpunit\src\Framework\TestCase.php(1216): Tests\Unit\SubjectControllerTest->setUp()
#7 C:\laragon\www\ci4-books\vendor\phpunit\phpunit\src\Framework\TestResult.php(729): PHPUnit\Framework\TestCase->runBare()
#8 C:\laragon\www\ci4-books\vendor\phpunit\phpunit\src\Framework\TestCase.php(973): PHPUnit\Framework\TestResult->run(Object(Tests\Unit\SubjectControllerTest))
#9 C:\laragon\www\ci4-books\vendor\phpunit\phpunit\src\Framework\TestSuite.php(685): PHPUnit\Framework\TestCase->run(Object(PHPUnit\Framework\TestResult))
#10 C:\laragon\www\ci4-books\vendor\phpunit\phpunit\src\Framework\TestSuite.php(685): PHPUnit\Framework\TestSuite->run(Object(PHPUnit\Framework\TestResult))
#11 C:\laragon\www\ci4-books\vendor\phpunit\phpunit\src\TextUI\TestRunner.php(651): PHPUnit\Framework\TestSuite->run(Object(PHPUnit\Framework\TestResult))
#12 C:\laragon\www\ci4-books\vendor\phpunit\phpunit\src\TextUI\Command.php(146): PHPUnit\TextUI\TestRunner->run(Object(PHPUnit\Framework\TestSuite), Array, Array, true)
#13 C:\laragon\www\ci4-books\vendor\phpunit\phpunit\src\TextUI\Command.php(99): PHPUnit\TextUI\Command->run(Array, true)
#14 phpvfscomposer://C:\laragon\www\ci4-books\vendor\phpunit\phpunit\phpunit(106): PHPUnit\TextUI\Command::main()
#15 C:\laragon\www\ci4-books\vendor\bin\phpunit(115): include('phpvfscomposer:...')
#16 {main}
ERROR - 2025-10-16 10:13:51 --> Error connecting to the database: Error: Class 'SQLite3' not found in C:\laragon\www\ci4-books\vendor\codeigniter4\framework\system\Database\SQLite3\Connection.php:89
Stack trace:
#0 C:\laragon\www\ci4-books\vendor\codeigniter4\framework\system\Database\BaseConnection.php(392): CodeIgniter\Database\SQLite3\Connection->connect(false)
#1 C:\laragon\www\ci4-books\vendor\codeigniter4\framework\system\Database\SQLite3\Connection.php(59): CodeIgniter\Database\BaseConnection->initialize()
#2 C:\laragon\www\ci4-books\vendor\codeigniter4\framework\system\Test\DatabaseTestTrait.php(80): CodeIgniter\Database\SQLite3\Connection->initialize()
#3 C:\laragon\www\ci4-books\vendor\codeigniter4\framework\system\Test\DatabaseTestTrait.php(56): Tests\Unit\SubjectControllerTest->loadDependencies()
#4 C:\laragon\www\ci4-books\vendor\codeigniter4\framework\system\Test\CIUnitTestCase.php(249): Tests\Unit\SubjectControllerTest->setUpDatabase()
#5 C:\laragon\www\ci4-books\tests\unit\SubjectControllerTest.php(24): CodeIgniter\Test\CIUnitTestCase->setUp()
#6 C:\laragon\www\ci4-books\vendor\phpunit\phpunit\src\Framework\TestCase.php(1216): Tests\Unit\SubjectControllerTest->setUp()
#7 C:\laragon\www\ci4-books\vendor\phpunit\phpunit\src\Framework\TestResult.php(729): PHPUnit\Framework\TestCase->runBare()
#8 C:\laragon\www\ci4-books\vendor\phpunit\phpunit\src\Framework\TestCase.php(973): PHPUnit\Framework\TestResult->run(Object(Tests\Unit\SubjectControllerTest))
#9 C:\laragon\www\ci4-books\vendor\phpunit\phpunit\src\Framework\TestSuite.php(685): PHPUnit\Framework\TestCase->run(Object(PHPUnit\Framework\TestResult))
#10 C:\laragon\www\ci4-books\vendor\phpunit\phpunit\src\Framework\TestSuite.php(685): PHPUnit\Framework\TestSuite->run(Object(PHPUnit\Framework\TestResult))
#11 C:\laragon\www\ci4-books\vendor\phpunit\phpunit\src\TextUI\TestRunner.php(651): PHPUnit\Framework\TestSuite->run(Object(PHPUnit\Framework\TestResult))
#12 C:\laragon\www\ci4-books\vendor\phpunit\phpunit\src\TextUI\Command.php(146): PHPUnit\TextUI\TestRunner->run(Object(PHPUnit\Framework\TestSuite), Array, Array, true)
#13 C:\laragon\www\ci4-books\vendor\phpunit\phpunit\src\TextUI\Command.php(99): PHPUnit\TextUI\Command->run(Array, true)
#14 phpvfscomposer://C:\laragon\www\ci4-books\vendor\phpunit\phpunit\phpunit(106): PHPUnit\TextUI\Command::main()
#15 C:\laragon\www\ci4-books\vendor\bin\phpunit(115): include('phpvfscomposer:...')
#16 {main}
ERROR - 2025-10-16 10:13:51 --> Error connecting to the database: Error: Class 'SQLite3' not found in C:\laragon\www\ci4-books\vendor\codeigniter4\framework\system\Database\SQLite3\Connection.php:89
Stack trace:
#0 C:\laragon\www\ci4-books\vendor\codeigniter4\framework\system\Database\BaseConnection.php(392): CodeIgniter\Database\SQLite3\Connection->connect(false)
#1 C:\laragon\www\ci4-books\vendor\codeigniter4\framework\system\Database\SQLite3\Connection.php(59): CodeIgniter\Database\BaseConnection->initialize()
#2 C:\laragon\www\ci4-books\vendor\codeigniter4\framework\system\Test\DatabaseTestTrait.php(80): CodeIgniter\Database\SQLite3\Connection->initialize()
#3 C:\laragon\www\ci4-books\vendor\codeigniter4\framework\system\Test\DatabaseTestTrait.php(56): Tests\Unit\SubjectControllerTest->loadDependencies()
#4 C:\laragon\www\ci4-books\vendor\codeigniter4\framework\system\Test\CIUnitTestCase.php(249): Tests\Unit\SubjectControllerTest->setUpDatabase()
#5 C:\laragon\www\ci4-books\tests\unit\SubjectControllerTest.php(24): CodeIgniter\Test\CIUnitTestCase->setUp()
#6 C:\laragon\www\ci4-books\vendor\phpunit\phpunit\src\Framework\TestCase.php(1216): Tests\Unit\SubjectControllerTest->setUp()
#7 C:\laragon\www\ci4-books\vendor\phpunit\phpunit\src\Framework\TestResult.php(729): PHPUnit\Framework\TestCase->runBare()
#8 C:\laragon\www\ci4-books\vendor\phpunit\phpunit\src\Framework\TestCase.php(973): PHPUnit\Framework\TestResult->run(Object(Tests\Unit\SubjectControllerTest))
#9 C:\laragon\www\ci4-books\vendor\phpunit\phpunit\src\Framework\TestSuite.php(685): PHPUnit\Framework\TestCase->run(Object(PHPUnit\Framework\TestResult))
#10 C:\laragon\www\ci4-books\vendor\phpunit\phpunit\src\Framework\TestSuite.php(685): PHPUnit\Framework\TestSuite->run(Object(PHPUnit\Framework\TestResult))
#11 C:\laragon\www\ci4-books\vendor\phpunit\phpunit\src\TextUI\TestRunner.php(651): PHPUnit\Framework\TestSuite->run(Object(PHPUnit\Framework\TestResult))
#12 C:\laragon\www\ci4-books\vendor\phpunit\phpunit\src\TextUI\Command.php(146): PHPUnit\TextUI\TestRunner->run(Object(PHPUnit\Framework\TestSuite), Array, Array, true)
#13 C:\laragon\www\ci4-books\vendor\phpunit\phpunit\src\TextUI\Command.php(99): PHPUnit\TextUI\Command->run(Array, true)
#14 phpvfscomposer://C:\laragon\www\ci4-books\vendor\phpunit\phpunit\phpunit(106): PHPUnit\TextUI\Command::main()
#15 C:\laragon\www\ci4-books\vendor\bin\phpunit(115): include('phpvfscomposer:...')
#16 {main}
ERROR - 2025-10-16 10:13:51 --> Error connecting to the database: Error: Class 'SQLite3' not found in C:\laragon\www\ci4-books\vendor\codeigniter4\framework\system\Database\SQLite3\Connection.php:89
Stack trace:
#0 C:\laragon\www\ci4-books\vendor\codeigniter4\framework\system\Database\BaseConnection.php(392): CodeIgniter\Database\SQLite3\Connection->connect(false)
#1 C:\laragon\www\ci4-books\vendor\codeigniter4\framework\system\Database\SQLite3\Connection.php(59): CodeIgniter\Database\BaseConnection->initialize()
#2 C:\laragon\www\ci4-books\vendor\codeigniter4\framework\system\Test\DatabaseTestTrait.php(80): CodeIgniter\Database\SQLite3\Connection->initialize()
#3 C:\laragon\www\ci4-books\vendor\codeigniter4\framework\system\Test\DatabaseTestTrait.php(56): Tests\Unit\SubjectControllerTest->loadDependencies()
#4 C:\laragon\www\ci4-books\vendor\codeigniter4\framework\system\Test\CIUnitTestCase.php(249): Tests\Unit\SubjectControllerTest->setUpDatabase()
#5 C:\laragon\www\ci4-books\tests\unit\SubjectControllerTest.php(24): CodeIgniter\Test\CIUnitTestCase->setUp()
#6 C:\laragon\www\ci4-books\vendor\phpunit\phpunit\src\Framework\TestCase.php(1216): Tests\Unit\SubjectControllerTest->setUp()
#7 C:\laragon\www\ci4-books\vendor\phpunit\phpunit\src\Framework\TestResult.php(729): PHPUnit\Framework\TestCase->runBare()
#8 C:\laragon\www\ci4-books\vendor\phpunit\phpunit\src\Framework\TestCase.php(973): PHPUnit\Framework\TestResult->run(Object(Tests\Unit\SubjectControllerTest))
#9 C:\laragon\www\ci4-books\vendor\phpunit\phpunit\src\Framework\TestSuite.php(685): PHPUnit\Framework\TestCase->run(Object(PHPUnit\Framework\TestResult))
#10 C:\laragon\www\ci4-books\vendor\phpunit\phpunit\src\Framework\TestSuite.php(685): PHPUnit\Framework\TestSuite->run(Object(PHPUnit\Framework\TestResult))
#11 C:\laragon\www\ci4-books\vendor\phpunit\phpunit\src\TextUI\TestRunner.php(651): PHPUnit\Framework\TestSuite->run(Object(PHPUnit\Framework\TestResult))
#12 C:\laragon\www\ci4-books\vendor\phpunit\phpunit\src\TextUI\Command.php(146): PHPUnit\TextUI\TestRunner->run(Object(PHPUnit\Framework\TestSuite), Array, Array, true)
#13 C:\laragon\www\ci4-books\vendor\phpunit\phpunit\src\TextUI\Command.php(99): PHPUnit\TextUI\Command->run(Array, true)
#14 phpvfscomposer://C:\laragon\www\ci4-books\vendor\phpunit\phpunit\phpunit(106): PHPUnit\TextUI\Command::main()
#15 C:\laragon\www\ci4-books\vendor\bin\phpunit(115): include('phpvfscomposer:...')
#16 {main}
ERROR - 2025-10-16 10:13:51 --> Error connecting to the database: Error: Class 'SQLite3' not found in C:\laragon\www\ci4-books\vendor\codeigniter4\framework\system\Database\SQLite3\Connection.php:89
Stack trace:
#0 C:\laragon\www\ci4-books\vendor\codeigniter4\framework\system\Database\BaseConnection.php(392): CodeIgniter\Database\SQLite3\Connection->connect(false)
#1 C:\laragon\www\ci4-books\vendor\codeigniter4\framework\system\Database\SQLite3\Connection.php(59): CodeIgniter\Database\BaseConnection->initialize()
#2 C:\laragon\www\ci4-books\vendor\codeigniter4\framework\system\Test\DatabaseTestTrait.php(80): CodeIgniter\Database\SQLite3\Connection->initialize()
#3 C:\laragon\www\ci4-books\vendor\codeigniter4\framework\system\Test\DatabaseTestTrait.php(56): Tests\Unit\SubjectControllerTest->loadDependencies()
#4 C:\laragon\www\ci4-books\vendor\codeigniter4\framework\system\Test\CIUnitTestCase.php(249): Tests\Unit\SubjectControllerTest->setUpDatabase()
#5 C:\laragon\www\ci4-books\tests\unit\SubjectControllerTest.php(24): CodeIgniter\Test\CIUnitTestCase->setUp()
#6 C:\laragon\www\ci4-books\vendor\phpunit\phpunit\src\Framework\TestCase.php(1216): Tests\Unit\SubjectControllerTest->setUp()
#7 C:\laragon\www\ci4-books\vendor\phpunit\phpunit\src\Framework\TestResult.php(729): PHPUnit\Framework\TestCase->runBare()
#8 C:\laragon\www\ci4-books\vendor\phpunit\phpunit\src\Framework\TestCase.php(973): PHPUnit\Framework\TestResult->run(Object(Tests\Unit\SubjectControllerTest))
#9 C:\laragon\www\ci4-books\vendor\phpunit\phpunit\src\Framework\TestSuite.php(685): PHPUnit\Framework\TestCase->run(Object(PHPUnit\Framework\TestResult))
#10 C:\laragon\www\ci4-books\vendor\phpunit\phpunit\src\Framework\TestSuite.php(685): PHPUnit\Framework\TestSuite->run(Object(PHPUnit\Framework\TestResult))
#11 C:\laragon\www\ci4-books\vendor\phpunit\phpunit\src\TextUI\TestRunner.php(651): PHPUnit\Framework\TestSuite->run(Object(PHPUnit\Framework\TestResult))
#12 C:\laragon\www\ci4-books\vendor\phpunit\phpunit\src\TextUI\Command.php(146): PHPUnit\TextUI\TestRunner->run(Object(PHPUnit\Framework\TestSuite), Array, Array, true)
#13 C:\laragon\www\ci4-books\vendor\phpunit\phpunit\src\TextUI\Command.php(99): PHPUnit\TextUI\Command->run(Array, true)
#14 phpvfscomposer://C:\laragon\www\ci4-books\vendor\phpunit\phpunit\phpunit(106): PHPUnit\TextUI\Command::main()
#15 C:\laragon\www\ci4-books\vendor\bin\phpunit(115): include('phpvfscomposer:...')
#16 {main}
ERROR - 2025-10-16 10:13:51 --> Error connecting to the database: Error: Class 'SQLite3' not found in C:\laragon\www\ci4-books\vendor\codeigniter4\framework\system\Database\SQLite3\Connection.php:89
Stack trace:
#0 C:\laragon\www\ci4-books\vendor\codeigniter4\framework\system\Database\BaseConnection.php(392): CodeIgniter\Database\SQLite3\Connection->connect(false)
#1 C:\laragon\www\ci4-books\vendor\codeigniter4\framework\system\Database\SQLite3\Connection.php(59): CodeIgniter\Database\BaseConnection->initialize()
#2 C:\laragon\www\ci4-books\vendor\codeigniter4\framework\system\Test\DatabaseTestTrait.php(80): CodeIgniter\Database\SQLite3\Connection->initialize()
#3 C:\laragon\www\ci4-books\vendor\codeigniter4\framework\system\Test\DatabaseTestTrait.php(56): Tests\Unit\SubjectControllerTest->loadDependencies()
#4 C:\laragon\www\ci4-books\vendor\codeigniter4\framework\system\Test\CIUnitTestCase.php(249): Tests\Unit\SubjectControllerTest->setUpDatabase()
#5 C:\laragon\www\ci4-books\tests\unit\SubjectControllerTest.php(24): CodeIgniter\Test\CIUnitTestCase->setUp()
#6 C:\laragon\www\ci4-books\vendor\phpunit\phpunit\src\Framework\TestCase.php(1216): Tests\Unit\SubjectControllerTest->setUp()
#7 C:\laragon\www\ci4-books\vendor\phpunit\phpunit\src\Framework\TestResult.php(729): PHPUnit\Framework\TestCase->runBare()
#8 C:\laragon\www\ci4-books\vendor\phpunit\phpunit\src\Framework\TestCase.php(973): PHPUnit\Framework\TestResult->run(Object(Tests\Unit\SubjectControllerTest))
#9 C:\laragon\www\ci4-books\vendor\phpunit\phpunit\src\Framework\TestSuite.php(685): PHPUnit\Framework\TestCase->run(Object(PHPUnit\Framework\TestResult))
#10 C:\laragon\www\ci4-books\vendor\phpunit\phpunit\src\Framework\TestSuite.php(685): PHPUnit\Framework\TestSuite->run(Object(PHPUnit\Framework\TestResult))
#11 C:\laragon\www\ci4-books\vendor\phpunit\phpunit\src\TextUI\TestRunner.php(651): PHPUnit\Framework\TestSuite->run(Object(PHPUnit\Framework\TestResult))
#12 C:\laragon\www\ci4-books\vendor\phpunit\phpunit\src\TextUI\Command.php(146): PHPUnit\TextUI\TestRunner->run(Object(PHPUnit\Framework\TestSuite), Array, Array, true)
#13 C:\laragon\www\ci4-books\vendor\phpunit\phpunit\src\TextUI\Command.php(99): PHPUnit\TextUI\Command->run(Array, true)
#14 phpvfscomposer://C:\laragon\www\ci4-books\vendor\phpunit\phpunit\phpunit(106): PHPUnit\TextUI\Command::main()
#15 C:\laragon\www\ci4-books\vendor\bin\phpunit(115): include('phpvfscomposer:...')
#16 {main}
ERROR - 2025-10-16 10:13:51 --> Error connecting to the database: Error: Class 'SQLite3' not found in C:\laragon\www\ci4-books\vendor\codeigniter4\framework\system\Database\SQLite3\Connection.php:89
Stack trace:
#0 C:\laragon\www\ci4-books\vendor\codeigniter4\framework\system\Database\BaseConnection.php(392): CodeIgniter\Database\SQLite3\Connection->connect(false)
#1 C:\laragon\www\ci4-books\vendor\codeigniter4\framework\system\Database\SQLite3\Connection.php(59): CodeIgniter\Database\BaseConnection->initialize()
#2 C:\laragon\www\ci4-books\vendor\codeigniter4\framework\system\Test\DatabaseTestTrait.php(80): CodeIgniter\Database\SQLite3\Connection->initialize()
#3 C:\laragon\www\ci4-books\vendor\codeigniter4\framework\system\Test\DatabaseTestTrait.php(56): Tests\Unit\SubjectControllerTest->loadDependencies()
#4 C:\laragon\www\ci4-books\vendor\codeigniter4\framework\system\Test\CIUnitTestCase.php(249): Tests\Unit\SubjectControllerTest->setUpDatabase()
#5 C:\laragon\www\ci4-books\tests\unit\SubjectControllerTest.php(24): CodeIgniter\Test\CIUnitTestCase->setUp()
#6 C:\laragon\www\ci4-books\vendor\phpunit\phpunit\src\Framework\TestCase.php(1216): Tests\Unit\SubjectControllerTest->setUp()
#7 C:\laragon\www\ci4-books\vendor\phpunit\phpunit\src\Framework\TestResult.php(729): PHPUnit\Framework\TestCase->runBare()
#8 C:\laragon\www\ci4-books\vendor\phpunit\phpunit\src\Framework\TestCase.php(973): PHPUnit\Framework\TestResult->run(Object(Tests\Unit\SubjectControllerTest))
#9 C:\laragon\www\ci4-books\vendor\phpunit\phpunit\src\Framework\TestSuite.php(685): PHPUnit\Framework\TestCase->run(Object(PHPUnit\Framework\TestResult))
#10 C:\laragon\www\ci4-books\vendor\phpunit\phpunit\src\Framework\TestSuite.php(685): PHPUnit\Framework\TestSuite->run(Object(PHPUnit\Framework\TestResult))
#11 C:\laragon\www\ci4-books\vendor\phpunit\phpunit\src\TextUI\TestRunner.php(651): PHPUnit\Framework\TestSuite->run(Object(PHPUnit\Framework\TestResult))
#12 C:\laragon\www\ci4-books\vendor\phpunit\phpunit\src\TextUI\Command.php(146): PHPUnit\TextUI\TestRunner->run(Object(PHPUnit\Framework\TestSuite), Array, Array, true)
#13 C:\laragon\www\ci4-books\vendor\phpunit\phpunit\src\TextUI\Command.php(99): PHPUnit\TextUI\Command->run(Array, true)
#14 phpvfscomposer://C:\laragon\www\ci4-books\vendor\phpunit\phpunit\phpunit(106): PHPUnit\TextUI\Command::main()
#15 C:\laragon\www\ci4-books\vendor\bin\phpunit(115): include('phpvfscomposer:...')
#16 {main}
ERROR - 2025-10-16 10:13:51 --> Error connecting to the database: Error: Class 'SQLite3' not found in C:\laragon\www\ci4-books\vendor\codeigniter4\framework\system\Database\SQLite3\Connection.php:89
Stack trace:
#0 C:\laragon\www\ci4-books\vendor\codeigniter4\framework\system\Database\BaseConnection.php(392): CodeIgniter\Database\SQLite3\Connection->connect(false)
#1 C:\laragon\www\ci4-books\vendor\codeigniter4\framework\system\Database\SQLite3\Connection.php(59): CodeIgniter\Database\BaseConnection->initialize()
#2 C:\laragon\www\ci4-books\vendor\codeigniter4\framework\system\Test\DatabaseTestTrait.php(80): CodeIgniter\Database\SQLite3\Connection->initialize()
#3 C:\laragon\www\ci4-books\vendor\codeigniter4\framework\system\Test\DatabaseTestTrait.php(56): Tests\Unit\SubjectControllerTest->loadDependencies()
#4 C:\laragon\www\ci4-books\vendor\codeigniter4\framework\system\Test\CIUnitTestCase.php(249): Tests\Unit\SubjectControllerTest->setUpDatabase()
#5 C:\laragon\www\ci4-books\tests\unit\SubjectControllerTest.php(24): CodeIgniter\Test\CIUnitTestCase->setUp()
#6 C:\laragon\www\ci4-books\vendor\phpunit\phpunit\src\Framework\TestCase.php(1216): Tests\Unit\SubjectControllerTest->setUp()
#7 C:\laragon\www\ci4-books\vendor\phpunit\phpunit\src\Framework\TestResult.php(729): PHPUnit\Framework\TestCase->runBare()
#8 C:\laragon\www\ci4-books\vendor\phpunit\phpunit\src\Framework\TestCase.php(973): PHPUnit\Framework\TestResult->run(Object(Tests\Unit\SubjectControllerTest))
#9 C:\laragon\www\ci4-books\vendor\phpunit\phpunit\src\Framework\TestSuite.php(685): PHPUnit\Framework\TestCase->run(Object(PHPUnit\Framework\TestResult))
#10 C:\laragon\www\ci4-books\vendor\phpunit\phpunit\src\Framework\TestSuite.php(685): PHPUnit\Framework\TestSuite->run(Object(PHPUnit\Framework\TestResult))
#11 C:\laragon\www\ci4-books\vendor\phpunit\phpunit\src\TextUI\TestRunner.php(651): PHPUnit\Framework\TestSuite->run(Object(PHPUnit\Framework\TestResult))
#12 C:\laragon\www\ci4-books\vendor\phpunit\phpunit\src\TextUI\Command.php(146): PHPUnit\TextUI\TestRunner->run(Object(PHPUnit\Framework\TestSuite), Array, Array, true)
#13 C:\laragon\www\ci4-books\vendor\phpunit\phpunit\src\TextUI\Command.php(99): PHPUnit\TextUI\Command->run(Array, true)
#14 phpvfscomposer://C:\laragon\www\ci4-books\vendor\phpunit\phpunit\phpunit(106): PHPUnit\TextUI\Command::main()
#15 C:\laragon\www\ci4-books\vendor\bin\phpunit(115): include('phpvfscomposer:...')
#16 {main}
ERROR - 2025-10-16 10:13:51 --> Error connecting to the database: Error: Class 'SQLite3' not found in C:\laragon\www\ci4-books\vendor\codeigniter4\framework\system\Database\SQLite3\Connection.php:89
Stack trace:
#0 C:\laragon\www\ci4-books\vendor\codeigniter4\framework\system\Database\BaseConnection.php(392): CodeIgniter\Database\SQLite3\Connection->connect(false)
#1 C:\laragon\www\ci4-books\vendor\codeigniter4\framework\system\Database\SQLite3\Connection.php(59): CodeIgniter\Database\BaseConnection->initialize()
#2 C:\laragon\www\ci4-books\vendor\codeigniter4\framework\system\Test\DatabaseTestTrait.php(80): CodeIgniter\Database\SQLite3\Connection->initialize()
#3 C:\laragon\www\ci4-books\vendor\codeigniter4\framework\system\Test\DatabaseTestTrait.php(56): Tests\Unit\SubjectControllerTest->loadDependencies()
#4 C:\laragon\www\ci4-books\vendor\codeigniter4\framework\system\Test\CIUnitTestCase.php(249): Tests\Unit\SubjectControllerTest->setUpDatabase()
#5 C:\laragon\www\ci4-books\tests\unit\SubjectControllerTest.php(24): CodeIgniter\Test\CIUnitTestCase->setUp()
#6 C:\laragon\www\ci4-books\vendor\phpunit\phpunit\src\Framework\TestCase.php(1216): Tests\Unit\SubjectControllerTest->setUp()
#7 C:\laragon\www\ci4-books\vendor\phpunit\phpunit\src\Framework\TestResult.php(729): PHPUnit\Framework\TestCase->runBare()
#8 C:\laragon\www\ci4-books\vendor\phpunit\phpunit\src\Framework\TestCase.php(973): PHPUnit\Framework\TestResult->run(Object(Tests\Unit\SubjectControllerTest))
#9 C:\laragon\www\ci4-books\vendor\phpunit\phpunit\src\Framework\TestSuite.php(685): PHPUnit\Framework\TestCase->run(Object(PHPUnit\Framework\TestResult))
#10 C:\laragon\www\ci4-books\vendor\phpunit\phpunit\src\Framework\TestSuite.php(685): PHPUnit\Framework\TestSuite->run(Object(PHPUnit\Framework\TestResult))
#11 C:\laragon\www\ci4-books\vendor\phpunit\phpunit\src\TextUI\TestRunner.php(651): PHPUnit\Framework\TestSuite->run(Object(PHPUnit\Framework\TestResult))
#12 C:\laragon\www\ci4-books\vendor\phpunit\phpunit\src\TextUI\Command.php(146): PHPUnit\TextUI\TestRunner->run(Object(PHPUnit\Framework\TestSuite), Array, Array, true)
#13 C:\laragon\www\ci4-books\vendor\phpunit\phpunit\src\TextUI\Command.php(99): PHPUnit\TextUI\Command->run(Array, true)
#14 phpvfscomposer://C:\laragon\www\ci4-books\vendor\phpunit\phpunit\phpunit(106): PHPUnit\TextUI\Command::main()
#15 C:\laragon\www\ci4-books\vendor\bin\phpunit(115): include('phpvfscomposer:...')
#16 {main}
ERROR - 2025-10-16 10:13:51 --> Error connecting to the database: Error: Class 'SQLite3' not found in C:\laragon\www\ci4-books\vendor\codeigniter4\framework\system\Database\SQLite3\Connection.php:89
Stack trace:
#0 C:\laragon\www\ci4-books\vendor\codeigniter4\framework\system\Database\BaseConnection.php(392): CodeIgniter\Database\SQLite3\Connection->connect(false)
#1 C:\laragon\www\ci4-books\vendor\codeigniter4\framework\system\Database\SQLite3\Connection.php(59): CodeIgniter\Database\BaseConnection->initialize()
#2 C:\laragon\www\ci4-books\vendor\codeigniter4\framework\system\Test\DatabaseTestTrait.php(80): CodeIgniter\Database\SQLite3\Connection->initialize()
#3 C:\laragon\www\ci4-books\vendor\codeigniter4\framework\system\Test\DatabaseTestTrait.php(56): Tests\Unit\SubjectControllerTest->loadDependencies()
#4 C:\laragon\www\ci4-books\vendor\codeigniter4\framework\system\Test\CIUnitTestCase.php(249): Tests\Unit\SubjectControllerTest->setUpDatabase()
#5 C:\laragon\www\ci4-books\tests\unit\SubjectControllerTest.php(24): CodeIgniter\Test\CIUnitTestCase->setUp()
#6 C:\laragon\www\ci4-books\vendor\phpunit\phpunit\src\Framework\TestCase.php(1216): Tests\Unit\SubjectControllerTest->setUp()
#7 C:\laragon\www\ci4-books\vendor\phpunit\phpunit\src\Framework\TestResult.php(729): PHPUnit\Framework\TestCase->runBare()
#8 C:\laragon\www\ci4-books\vendor\phpunit\phpunit\src\Framework\TestCase.php(973): PHPUnit\Framework\TestResult->run(Object(Tests\Unit\SubjectControllerTest))
#9 C:\laragon\www\ci4-books\vendor\phpunit\phpunit\src\Framework\TestSuite.php(685): PHPUnit\Framework\TestCase->run(Object(PHPUnit\Framework\TestResult))
#10 C:\laragon\www\ci4-books\vendor\phpunit\phpunit\src\Framework\TestSuite.php(685): PHPUnit\Framework\TestSuite->run(Object(PHPUnit\Framework\TestResult))
#11 C:\laragon\www\ci4-books\vendor\phpunit\phpunit\src\TextUI\TestRunner.php(651): PHPUnit\Framework\TestSuite->run(Object(PHPUnit\Framework\TestResult))
#12 C:\laragon\www\ci4-books\vendor\phpunit\phpunit\src\TextUI\Command.php(146): PHPUnit\TextUI\TestRunner->run(Object(PHPUnit\Framework\TestSuite), Array, Array, true)
#13 C:\laragon\www\ci4-books\vendor\phpunit\phpunit\src\TextUI\Command.php(99): PHPUnit\TextUI\Command->run(Array, true)
#14 phpvfscomposer://C:\laragon\www\ci4-books\vendor\phpunit\phpunit\phpunit(106): PHPUnit\TextUI\Command::main()
#15 C:\laragon\www\ci4-books\vendor\bin\phpunit(115): include('phpvfscomposer:...')
#16 {main}
ERROR - 2025-10-16 10:13:51 --> Error connecting to the database: Error: Class 'SQLite3' not found in C:\laragon\www\ci4-books\vendor\codeigniter4\framework\system\Database\SQLite3\Connection.php:89
Stack trace:
#0 C:\laragon\www\ci4-books\vendor\codeigniter4\framework\system\Database\BaseConnection.php(392): CodeIgniter\Database\SQLite3\Connection->connect(false)
#1 C:\laragon\www\ci4-books\vendor\codeigniter4\framework\system\Database\SQLite3\Connection.php(59): CodeIgniter\Database\BaseConnection->initialize()
#2 C:\laragon\www\ci4-books\vendor\codeigniter4\framework\system\Test\DatabaseTestTrait.php(80): CodeIgniter\Database\SQLite3\Connection->initialize()
#3 C:\laragon\www\ci4-books\vendor\codeigniter4\framework\system\Test\DatabaseTestTrait.php(56): Tests\Unit\SubjectModelTest->loadDependencies()
#4 C:\laragon\www\ci4-books\vendor\codeigniter4\framework\system\Test\CIUnitTestCase.php(249): Tests\Unit\SubjectModelTest->setUpDatabase()
#5 C:\laragon\www\ci4-books\tests\unit\SubjectModelTest.php(21): CodeIgniter\Test\CIUnitTestCase->setUp()
#6 C:\laragon\www\ci4-books\vendor\phpunit\phpunit\src\Framework\TestCase.php(1216): Tests\Unit\SubjectModelTest->setUp()
#7 C:\laragon\www\ci4-books\vendor\phpunit\phpunit\src\Framework\TestResult.php(729): PHPUnit\Framework\TestCase->runBare()
#8 C:\laragon\www\ci4-books\vendor\phpunit\phpunit\src\Framework\TestCase.php(973): PHPUnit\Framework\TestResult->run(Object(Tests\Unit\SubjectModelTest))
#9 C:\laragon\www\ci4-books\vendor\phpunit\phpunit\src\Framework\TestSuite.php(685): PHPUnit\Framework\TestCase->run(Object(PHPUnit\Framework\TestResult))
#10 C:\laragon\www\ci4-books\vendor\phpunit\phpunit\src\Framework\TestSuite.php(685): PHPUnit\Framework\TestSuite->run(Object(PHPUnit\Framework\TestResult))
#11 C:\laragon\www\ci4-books\vendor\phpunit\phpunit\src\TextUI\TestRunner.php(651): PHPUnit\Framework\TestSuite->run(Object(PHPUnit\Framework\TestResult))
#12 C:\laragon\www\ci4-books\vendor\phpunit\phpunit\src\TextUI\Command.php(146): PHPUnit\TextUI\TestRunner->run(Object(PHPUnit\Framework\TestSuite), Array, Array, true)
#13 C:\laragon\www\ci4-books\vendor\phpunit\phpunit\src\TextUI\Command.php(99): PHPUnit\TextUI\Command->run(Array, true)
#14 phpvfscomposer://C:\laragon\www\ci4-books\vendor\phpunit\phpunit\phpunit(106): PHPUnit\TextUI\Command::main()
#15 C:\laragon\www\ci4-books\vendor\bin\phpunit(115): include('phpvfscomposer:...')
#16 {main}
ERROR - 2025-10-16 10:13:51 --> Error connecting to the database: Error: Class 'SQLite3' not found in C:\laragon\www\ci4-books\vendor\codeigniter4\framework\system\Database\SQLite3\Connection.php:89
Stack trace:
#0 C:\laragon\www\ci4-books\vendor\codeigniter4\framework\system\Database\BaseConnection.php(392): CodeIgniter\Database\SQLite3\Connection->connect(false)
#1 C:\laragon\www\ci4-books\vendor\codeigniter4\framework\system\Database\SQLite3\Connection.php(59): CodeIgniter\Database\BaseConnection->initialize()
#2 C:\laragon\www\ci4-books\vendor\codeigniter4\framework\system\Test\DatabaseTestTrait.php(80): CodeIgniter\Database\SQLite3\Connection->initialize()
#3 C:\laragon\www\ci4-books\vendor\codeigniter4\framework\system\Test\DatabaseTestTrait.php(56): Tests\Unit\SubjectModelTest->loadDependencies()
#4 C:\laragon\www\ci4-books\vendor\codeigniter4\framework\system\Test\CIUnitTestCase.php(249): Tests\Unit\SubjectModelTest->setUpDatabase()
#5 C:\laragon\www\ci4-books\tests\unit\SubjectModelTest.php(21): CodeIgniter\Test\CIUnitTestCase->setUp()
#6 C:\laragon\www\ci4-books\vendor\phpunit\phpunit\src\Framework\TestCase.php(1216): Tests\Unit\SubjectModelTest->setUp()
#7 C:\laragon\www\ci4-books\vendor\phpunit\phpunit\src\Framework\TestResult.php(729): PHPUnit\Framework\TestCase->runBare()
#8 C:\laragon\www\ci4-books\vendor\phpunit\phpunit\src\Framework\TestCase.php(973): PHPUnit\Framework\TestResult->run(Object(Tests\Unit\SubjectModelTest))
#9 C:\laragon\www\ci4-books\vendor\phpunit\phpunit\src\Framework\TestSuite.php(685): PHPUnit\Framework\TestCase->run(Object(PHPUnit\Framework\TestResult))
#10 C:\laragon\www\ci4-books\vendor\phpunit\phpunit\src\Framework\TestSuite.php(685): PHPUnit\Framework\TestSuite->run(Object(PHPUnit\Framework\TestResult))
#11 C:\laragon\www\ci4-books\vendor\phpunit\phpunit\src\TextUI\TestRunner.php(651): PHPUnit\Framework\TestSuite->run(Object(PHPUnit\Framework\TestResult))
#12 C:\laragon\www\ci4-books\vendor\phpunit\phpunit\src\TextUI\Command.php(146): PHPUnit\TextUI\TestRunner->run(Object(PHPUnit\Framework\TestSuite), Array, Array, true)
#13 C:\laragon\www\ci4-books\vendor\phpunit\phpunit\src\TextUI\Command.php(99): PHPUnit\TextUI\Command->run(Array, true)
#14 phpvfscomposer://C:\laragon\www\ci4-books\vendor\phpunit\phpunit\phpunit(106): PHPUnit\TextUI\Command::main()
#15 C:\laragon\www\ci4-books\vendor\bin\phpunit(115): include('phpvfscomposer:...')
#16 {main}
ERROR - 2025-10-16 10:13:51 --> Error connecting to the database: Error: Class 'SQLite3' not found in C:\laragon\www\ci4-books\vendor\codeigniter4\framework\system\Database\SQLite3\Connection.php:89
Stack trace:
#0 C:\laragon\www\ci4-books\vendor\codeigniter4\framework\system\Database\BaseConnection.php(392): CodeIgniter\Database\SQLite3\Connection->connect(false)
#1 C:\laragon\www\ci4-books\vendor\codeigniter4\framework\system\Database\SQLite3\Connection.php(59): CodeIgniter\Database\BaseConnection->initialize()
#2 C:\laragon\www\ci4-books\vendor\codeigniter4\framework\system\Test\DatabaseTestTrait.php(80): CodeIgniter\Database\SQLite3\Connection->initialize()
#3 C:\laragon\www\ci4-books\vendor\codeigniter4\framework\system\Test\DatabaseTestTrait.php(56): Tests\Unit\SubjectModelTest->loadDependencies()
#4 C:\laragon\www\ci4-books\vendor\codeigniter4\framework\system\Test\CIUnitTestCase.php(249): Tests\Unit\SubjectModelTest->setUpDatabase()
#5 C:\laragon\www\ci4-books\tests\unit\SubjectModelTest.php(21): CodeIgniter\Test\CIUnitTestCase->setUp()
#6 C:\laragon\www\ci4-books\vendor\phpunit\phpunit\src\Framework\TestCase.php(1216): Tests\Unit\SubjectModelTest->setUp()
#7 C:\laragon\www\ci4-books\vendor\phpunit\phpunit\src\Framework\TestResult.php(729): PHPUnit\Framework\TestCase->runBare()
#8 C:\laragon\www\ci4-books\vendor\phpunit\phpunit\src\Framework\TestCase.php(973): PHPUnit\Framework\TestResult->run(Object(Tests\Unit\SubjectModelTest))
#9 C:\laragon\www\ci4-books\vendor\phpunit\phpunit\src\Framework\TestSuite.php(685): PHPUnit\Framework\TestCase->run(Object(PHPUnit\Framework\TestResult))
#10 C:\laragon\www\ci4-books\vendor\phpunit\phpunit\src\Framework\TestSuite.php(685): PHPUnit\Framework\TestSuite->run(Object(PHPUnit\Framework\TestResult))
#11 C:\laragon\www\ci4-books\vendor\phpunit\phpunit\src\TextUI\TestRunner.php(651): PHPUnit\Framework\TestSuite->run(Object(PHPUnit\Framework\TestResult))
#12 C:\laragon\www\ci4-books\vendor\phpunit\phpunit\src\TextUI\Command.php(146): PHPUnit\TextUI\TestRunner->run(Object(PHPUnit\Framework\TestSuite), Array, Array, true)
#13 C:\laragon\www\ci4-books\vendor\phpunit\phpunit\src\TextUI\Command.php(99): PHPUnit\TextUI\Command->run(Array, true)
#14 phpvfscomposer://C:\laragon\www\ci4-books\vendor\phpunit\phpunit\phpunit(106): PHPUnit\TextUI\Command::main()
#15 C:\laragon\www\ci4-books\vendor\bin\phpunit(115): include('phpvfscomposer:...')
#16 {main}
ERROR - 2025-10-16 10:13:51 --> Error connecting to the database: Error: Class 'SQLite3' not found in C:\laragon\www\ci4-books\vendor\codeigniter4\framework\system\Database\SQLite3\Connection.php:89
Stack trace:
#0 C:\laragon\www\ci4-books\vendor\codeigniter4\framework\system\Database\BaseConnection.php(392): CodeIgniter\Database\SQLite3\Connection->connect(false)
#1 C:\laragon\www\ci4-books\vendor\codeigniter4\framework\system\Database\SQLite3\Connection.php(59): CodeIgniter\Database\BaseConnection->initialize()
#2 C:\laragon\www\ci4-books\vendor\codeigniter4\framework\system\Test\DatabaseTestTrait.php(80): CodeIgniter\Database\SQLite3\Connection->initialize()
#3 C:\laragon\www\ci4-books\vendor\codeigniter4\framework\system\Test\DatabaseTestTrait.php(56): Tests\Unit\SubjectModelTest->loadDependencies()
#4 C:\laragon\www\ci4-books\vendor\codeigniter4\framework\system\Test\CIUnitTestCase.php(249): Tests\Unit\SubjectModelTest->setUpDatabase()
#5 C:\laragon\www\ci4-books\tests\unit\SubjectModelTest.php(21): CodeIgniter\Test\CIUnitTestCase->setUp()
#6 C:\laragon\www\ci4-books\vendor\phpunit\phpunit\src\Framework\TestCase.php(1216): Tests\Unit\SubjectModelTest->setUp()
#7 C:\laragon\www\ci4-books\vendor\phpunit\phpunit\src\Framework\TestResult.php(729): PHPUnit\Framework\TestCase->runBare()
#8 C:\laragon\www\ci4-books\vendor\phpunit\phpunit\src\Framework\TestCase.php(973): PHPUnit\Framework\TestResult->run(Object(Tests\Unit\SubjectModelTest))
#9 C:\laragon\www\ci4-books\vendor\phpunit\phpunit\src\Framework\TestSuite.php(685): PHPUnit\Framework\TestCase->run(Object(PHPUnit\Framework\TestResult))
#10 C:\laragon\www\ci4-books\vendor\phpunit\phpunit\src\Framework\TestSuite.php(685): PHPUnit\Framework\TestSuite->run(Object(PHPUnit\Framework\TestResult))
#11 C:\laragon\www\ci4-books\vendor\phpunit\phpunit\src\TextUI\TestRunner.php(651): PHPUnit\Framework\TestSuite->run(Object(PHPUnit\Framework\TestResult))
#12 C:\laragon\www\ci4-books\vendor\phpunit\phpunit\src\TextUI\Command.php(146): PHPUnit\TextUI\TestRunner->run(Object(PHPUnit\Framework\TestSuite), Array, Array, true)
#13 C:\laragon\www\ci4-books\vendor\phpunit\phpunit\src\TextUI\Command.php(99): PHPUnit\TextUI\Command->run(Array, true)
#14 phpvfscomposer://C:\laragon\www\ci4-books\vendor\phpunit\phpunit\phpunit(106): PHPUnit\TextUI\Command::main()
#15 C:\laragon\www\ci4-books\vendor\bin\phpunit(115): include('phpvfscomposer:...')
#16 {main}
ERROR - 2025-10-16 10:13:51 --> Error connecting to the database: Error: Class 'SQLite3' not found in C:\laragon\www\ci4-books\vendor\codeigniter4\framework\system\Database\SQLite3\Connection.php:89
Stack trace:
#0 C:\laragon\www\ci4-books\vendor\codeigniter4\framework\system\Database\BaseConnection.php(392): CodeIgniter\Database\SQLite3\Connection->connect(false)
#1 C:\laragon\www\ci4-books\vendor\codeigniter4\framework\system\Database\SQLite3\Connection.php(59): CodeIgniter\Database\BaseConnection->initialize()
#2 C:\laragon\www\ci4-books\vendor\codeigniter4\framework\system\Test\DatabaseTestTrait.php(80): CodeIgniter\Database\SQLite3\Connection->initialize()
#3 C:\laragon\www\ci4-books\vendor\codeigniter4\framework\system\Test\DatabaseTestTrait.php(56): Tests\Unit\SubjectModelTest->loadDependencies()
#4 C:\laragon\www\ci4-books\vendor\codeigniter4\framework\system\Test\CIUnitTestCase.php(249): Tests\Unit\SubjectModelTest->setUpDatabase()
#5 C:\laragon\www\ci4-books\tests\unit\SubjectModelTest.php(21): CodeIgniter\Test\CIUnitTestCase->setUp()
#6 C:\laragon\www\ci4-books\vendor\phpunit\phpunit\src\Framework\TestCase.php(1216): Tests\Unit\SubjectModelTest->setUp()
#7 C:\laragon\www\ci4-books\vendor\phpunit\phpunit\src\Framework\TestResult.php(729): PHPUnit\Framework\TestCase->runBare()
#8 C:\laragon\www\ci4-books\vendor\phpunit\phpunit\src\Framework\TestCase.php(973): PHPUnit\Framework\TestResult->run(Object(Tests\Unit\SubjectModelTest))
#9 C:\laragon\www\ci4-books\vendor\phpunit\phpunit\src\Framework\TestSuite.php(685): PHPUnit\Framework\TestCase->run(Object(PHPUnit\Framework\TestResult))
#10 C:\laragon\www\ci4-books\vendor\phpunit\phpunit\src\Framework\TestSuite.php(685): PHPUnit\Framework\TestSuite->run(Object(PHPUnit\Framework\TestResult))
#11 C:\laragon\www\ci4-books\vendor\phpunit\phpunit\src\TextUI\TestRunner.php(651): PHPUnit\Framework\TestSuite->run(Object(PHPUnit\Framework\TestResult))
#12 C:\laragon\www\ci4-books\vendor\phpunit\phpunit\src\TextUI\Command.php(146): PHPUnit\TextUI\TestRunner->run(Object(PHPUnit\Framework\TestSuite), Array, Array, true)
#13 C:\laragon\www\ci4-books\vendor\phpunit\phpunit\src\TextUI\Command.php(99): PHPUnit\TextUI\Command->run(Array, true)
#14 phpvfscomposer://C:\laragon\www\ci4-books\vendor\phpunit\phpunit\phpunit(106): PHPUnit\TextUI\Command::main()
#15 C:\laragon\www\ci4-books\vendor\bin\phpunit(115): include('phpvfscomposer:...')
#16 {main}
ERROR - 2025-10-16 10:13:51 --> Error connecting to the database: Error: Class 'SQLite3' not found in C:\laragon\www\ci4-books\vendor\codeigniter4\framework\system\Database\SQLite3\Connection.php:89
Stack trace:
#0 C:\laragon\www\ci4-books\vendor\codeigniter4\framework\system\Database\BaseConnection.php(392): CodeIgniter\Database\SQLite3\Connection->connect(false)
#1 C:\laragon\www\ci4-books\vendor\codeigniter4\framework\system\Database\SQLite3\Connection.php(59): CodeIgniter\Database\BaseConnection->initialize()
#2 C:\laragon\www\ci4-books\vendor\codeigniter4\framework\system\Test\DatabaseTestTrait.php(80): CodeIgniter\Database\SQLite3\Connection->initialize()
#3 C:\laragon\www\ci4-books\vendor\codeigniter4\framework\system\Test\DatabaseTestTrait.php(56): Tests\Unit\SubjectModelTest->loadDependencies()
#4 C:\laragon\www\ci4-books\vendor\codeigniter4\framework\system\Test\CIUnitTestCase.php(249): Tests\Unit\SubjectModelTest->setUpDatabase()
#5 C:\laragon\www\ci4-books\tests\unit\SubjectModelTest.php(21): CodeIgniter\Test\CIUnitTestCase->setUp()
#6 C:\laragon\www\ci4-books\vendor\phpunit\phpunit\src\Framework\TestCase.php(1216): Tests\Unit\SubjectModelTest->setUp()
#7 C:\laragon\www\ci4-books\vendor\phpunit\phpunit\src\Framework\TestResult.php(729): PHPUnit\Framework\TestCase->runBare()
#8 C:\laragon\www\ci4-books\vendor\phpunit\phpunit\src\Framework\TestCase.php(973): PHPUnit\Framework\TestResult->run(Object(Tests\Unit\SubjectModelTest))
#9 C:\laragon\www\ci4-books\vendor\phpunit\phpunit\src\Framework\TestSuite.php(685): PHPUnit\Framework\TestCase->run(Object(PHPUnit\Framework\TestResult))
#10 C:\laragon\www\ci4-books\vendor\phpunit\phpunit\src\Framework\TestSuite.php(685): PHPUnit\Framework\TestSuite->run(Object(PHPUnit\Framework\TestResult))
#11 C:\laragon\www\ci4-books\vendor\phpunit\phpunit\src\TextUI\TestRunner.php(651): PHPUnit\Framework\TestSuite->run(Object(PHPUnit\Framework\TestResult))
#12 C:\laragon\www\ci4-books\vendor\phpunit\phpunit\src\TextUI\Command.php(146): PHPUnit\TextUI\TestRunner->run(Object(PHPUnit\Framework\TestSuite), Array, Array, true)
#13 C:\laragon\www\ci4-books\vendor\phpunit\phpunit\src\TextUI\Command.php(99): PHPUnit\TextUI\Command->run(Array, true)
#14 phpvfscomposer://C:\laragon\www\ci4-books\vendor\phpunit\phpunit\phpunit(106): PHPUnit\TextUI\Command::main()
#15 C:\laragon\www\ci4-books\vendor\bin\phpunit(115): include('phpvfscomposer:...')
#16 {main}
ERROR - 2025-10-16 10:13:51 --> Error connecting to the database: Error: Class 'SQLite3' not found in C:\laragon\www\ci4-books\vendor\codeigniter4\framework\system\Database\SQLite3\Connection.php:89
Stack trace:
#0 C:\laragon\www\ci4-books\vendor\codeigniter4\framework\system\Database\BaseConnection.php(392): CodeIgniter\Database\SQLite3\Connection->connect(false)
#1 C:\laragon\www\ci4-books\vendor\codeigniter4\framework\system\Database\SQLite3\Connection.php(59): CodeIgniter\Database\BaseConnection->initialize()
#2 C:\laragon\www\ci4-books\vendor\codeigniter4\framework\system\Test\DatabaseTestTrait.php(80): CodeIgniter\Database\SQLite3\Connection->initialize()
#3 C:\laragon\www\ci4-books\vendor\codeigniter4\framework\system\Test\DatabaseTestTrait.php(56): Tests\Unit\SubjectModelTest->loadDependencies()
#4 C:\laragon\www\ci4-books\vendor\codeigniter4\framework\system\Test\CIUnitTestCase.php(249): Tests\Unit\SubjectModelTest->setUpDatabase()
#5 C:\laragon\www\ci4-books\tests\unit\SubjectModelTest.php(21): CodeIgniter\Test\CIUnitTestCase->setUp()
#6 C:\laragon\www\ci4-books\vendor\phpunit\phpunit\src\Framework\TestCase.php(1216): Tests\Unit\SubjectModelTest->setUp()
#7 C:\laragon\www\ci4-books\vendor\phpunit\phpunit\src\Framework\TestResult.php(729): PHPUnit\Framework\TestCase->runBare()
#8 C:\laragon\www\ci4-books\vendor\phpunit\phpunit\src\Framework\TestCase.php(973): PHPUnit\Framework\TestResult->run(Object(Tests\Unit\SubjectModelTest))
#9 C:\laragon\www\ci4-books\vendor\phpunit\phpunit\src\Framework\TestSuite.php(685): PHPUnit\Framework\TestCase->run(Object(PHPUnit\Framework\TestResult))
#10 C:\laragon\www\ci4-books\vendor\phpunit\phpunit\src\Framework\TestSuite.php(685): PHPUnit\Framework\TestSuite->run(Object(PHPUnit\Framework\TestResult))
#11 C:\laragon\www\ci4-books\vendor\phpunit\phpunit\src\TextUI\TestRunner.php(651): PHPUnit\Framework\TestSuite->run(Object(PHPUnit\Framework\TestResult))
#12 C:\laragon\www\ci4-books\vendor\phpunit\phpunit\src\TextUI\Command.php(146): PHPUnit\TextUI\TestRunner->run(Object(PHPUnit\Framework\TestSuite), Array, Array, true)
#13 C:\laragon\www\ci4-books\vendor\phpunit\phpunit\src\TextUI\Command.php(99): PHPUnit\TextUI\Command->run(Array, true)
#14 phpvfscomposer://C:\laragon\www\ci4-books\vendor\phpunit\phpunit\phpunit(106): PHPUnit\TextUI\Command::main()
#15 C:\laragon\www\ci4-books\vendor\bin\phpunit(115): include('phpvfscomposer:...')
#16 {main}
ERROR - 2025-10-16 10:13:51 --> Error connecting to the database: Error: Class 'SQLite3' not found in C:\laragon\www\ci4-books\vendor\codeigniter4\framework\system\Database\SQLite3\Connection.php:89
Stack trace:
#0 C:\laragon\www\ci4-books\vendor\codeigniter4\framework\system\Database\BaseConnection.php(392): CodeIgniter\Database\SQLite3\Connection->connect(false)
#1 C:\laragon\www\ci4-books\vendor\codeigniter4\framework\system\Database\SQLite3\Connection.php(59): CodeIgniter\Database\BaseConnection->initialize()
#2 C:\laragon\www\ci4-books\vendor\codeigniter4\framework\system\Test\DatabaseTestTrait.php(80): CodeIgniter\Database\SQLite3\Connection->initialize()
#3 C:\laragon\www\ci4-books\vendor\codeigniter4\framework\system\Test\DatabaseTestTrait.php(56): Tests\Unit\SubjectModelTest->loadDependencies()
#4 C:\laragon\www\ci4-books\vendor\codeigniter4\framework\system\Test\CIUnitTestCase.php(249): Tests\Unit\SubjectModelTest->setUpDatabase()
#5 C:\laragon\www\ci4-books\tests\unit\SubjectModelTest.php(21): CodeIgniter\Test\CIUnitTestCase->setUp()
#6 C:\laragon\www\ci4-books\vendor\phpunit\phpunit\src\Framework\TestCase.php(1216): Tests\Unit\SubjectModelTest->setUp()
#7 C:\laragon\www\ci4-books\vendor\phpunit\phpunit\src\Framework\TestResult.php(729): PHPUnit\Framework\TestCase->runBare()
#8 C:\laragon\www\ci4-books\vendor\phpunit\phpunit\src\Framework\TestCase.php(973): PHPUnit\Framework\TestResult->run(Object(Tests\Unit\SubjectModelTest))
#9 C:\laragon\www\ci4-books\vendor\phpunit\phpunit\src\Framework\TestSuite.php(685): PHPUnit\Framework\TestCase->run(Object(PHPUnit\Framework\TestResult))
#10 C:\laragon\www\ci4-books\vendor\phpunit\phpunit\src\Framework\TestSuite.php(685): PHPUnit\Framework\TestSuite->run(Object(PHPUnit\Framework\TestResult))
#11 C:\laragon\www\ci4-books\vendor\phpunit\phpunit\src\TextUI\TestRunner.php(651): PHPUnit\Framework\TestSuite->run(Object(PHPUnit\Framework\TestResult))
#12 C:\laragon\www\ci4-books\vendor\phpunit\phpunit\src\TextUI\Command.php(146): PHPUnit\TextUI\TestRunner->run(Object(PHPUnit\Framework\TestSuite), Array, Array, true)
#13 C:\laragon\www\ci4-books\vendor\phpunit\phpunit\src\TextUI\Command.php(99): PHPUnit\TextUI\Command->run(Array, true)
#14 phpvfscomposer://C:\laragon\www\ci4-books\vendor\phpunit\phpunit\phpunit(106): PHPUnit\TextUI\Command::main()
#15 C:\laragon\www\ci4-books\vendor\bin\phpunit(115): include('phpvfscomposer:...')
#16 {main}
ERROR - 2025-10-16 10:13:51 --> Error connecting to the database: Error: Class 'SQLite3' not found in C:\laragon\www\ci4-books\vendor\codeigniter4\framework\system\Database\SQLite3\Connection.php:89
Stack trace:
#0 C:\laragon\www\ci4-books\vendor\codeigniter4\framework\system\Database\BaseConnection.php(392): CodeIgniter\Database\SQLite3\Connection->connect(false)
#1 C:\laragon\www\ci4-books\vendor\codeigniter4\framework\system\Database\SQLite3\Connection.php(59): CodeIgniter\Database\BaseConnection->initialize()
#2 C:\laragon\www\ci4-books\vendor\codeigniter4\framework\system\Test\DatabaseTestTrait.php(80): CodeIgniter\Database\SQLite3\Connection->initialize()
#3 C:\laragon\www\ci4-books\vendor\codeigniter4\framework\system\Test\DatabaseTestTrait.php(56): Tests\Unit\SubjectModelTest->loadDependencies()
#4 C:\laragon\www\ci4-books\vendor\codeigniter4\framework\system\Test\CIUnitTestCase.php(249): Tests\Unit\SubjectModelTest->setUpDatabase()
#5 C:\laragon\www\ci4-books\tests\unit\SubjectModelTest.php(21): CodeIgniter\Test\CIUnitTestCase->setUp()
#6 C:\laragon\www\ci4-books\vendor\phpunit\phpunit\src\Framework\TestCase.php(1216): Tests\Unit\SubjectModelTest->setUp()
#7 C:\laragon\www\ci4-books\vendor\phpunit\phpunit\src\Framework\TestResult.php(729): PHPUnit\Framework\TestCase->runBare()
#8 C:\laragon\www\ci4-books\vendor\phpunit\phpunit\src\Framework\TestCase.php(973): PHPUnit\Framework\TestResult->run(Object(Tests\Unit\SubjectModelTest))
#9 C:\laragon\www\ci4-books\vendor\phpunit\phpunit\src\Framework\TestSuite.php(685): PHPUnit\Framework\TestCase->run(Object(PHPUnit\Framework\TestResult))
#10 C:\laragon\www\ci4-books\vendor\phpunit\phpunit\src\Framework\TestSuite.php(685): PHPUnit\Framework\TestSuite->run(Object(PHPUnit\Framework\TestResult))
#11 C:\laragon\www\ci4-books\vendor\phpunit\phpunit\src\TextUI\TestRunner.php(651): PHPUnit\Framework\TestSuite->run(Object(PHPUnit\Framework\TestResult))
#12 C:\laragon\www\ci4-books\vendor\phpunit\phpunit\src\TextUI\Command.php(146): PHPUnit\TextUI\TestRunner->run(Object(PHPUnit\Framework\TestSuite), Array, Array, true)
#13 C:\laragon\www\ci4-books\vendor\phpunit\phpunit\src\TextUI\Command.php(99): PHPUnit\TextUI\Command->run(Array, true)
#14 phpvfscomposer://C:\laragon\www\ci4-books\vendor\phpunit\phpunit\phpunit(106): PHPUnit\TextUI\Command::main()
#15 C:\laragon\www\ci4-books\vendor\bin\phpunit(115): include('phpvfscomposer:...')
#16 {main}
